ERROR - 2022-06-08 01:06:40 --> Error connecting to the database: No connection could be made because the target machine actively refused it.

CRITICAL - 2022-06-08 01:06:40 --> Unable to connect to the database.
Main connection [MySQLi]: No connection could be made because the target machine actively refused it.

#0 C:\xampp\htdocs\WEB\system\Database\BaseConnection.php(577): CodeIgniter\Database\BaseConnection->initialize()
#1 C:\xampp\htdocs\WEB\system\Database\BaseBuilder.php(1455): CodeIgniter\Database\BaseConnection->query('SELECT *\nFROM `...', Array, false)
#2 C:\xampp\htdocs\WEB\system\Model.php(210): CodeIgniter\Database\BaseBuilder->get()
#3 C:\xampp\htdocs\WEB\system\BaseModel.php(622): CodeIgniter\Model->doFirst()
#4 C:\xampp\htdocs\WEB\app\Controllers\LoginController.php(24): CodeIgniter\BaseModel->first()
#5 C:\xampp\htdocs\WEB\system\CodeIgniter.php(825): App\Controllers\LoginController->auth()
#6 C:\xampp\htdocs\WEB\system\CodeIgniter.php(412): CodeIgniter\CodeIgniter->runController(Object(App\Controllers\LoginController))
#7 C:\xampp\htdocs\WEB\system\CodeIgniter.php(320): CodeIgniter\CodeIgniter->handleRequest(NULL, Object(Config\Cache), false)
#8 C:\xampp\htdocs\WEB\public\index.php(37): CodeIgniter\CodeIgniter->run()
#9 C:\xampp\htdocs\WEB\system\Commands\Server\rewrite.php(43): require_once('C:\\xampp\\htdocs...')
#10 {main}
ERROR - 2022-06-08 02:54:44 --> Error connecting to the database: No connection could be made because the target machine actively refused it.

CRITICAL - 2022-06-08 02:54:44 --> Unable to connect to the database.
Main connection [MySQLi]: No connection could be made because the target machine actively refused it.

#0 C:\xampp\htdocs\WEB\system\Database\BaseConnection.php(577): CodeIgniter\Database\BaseConnection->initialize()
#1 C:\xampp\htdocs\WEB\system\Database\BaseBuilder.php(1455): CodeIgniter\Database\BaseConnection->query('SELECT *\nFROM `...', Array, false)
#2 C:\xampp\htdocs\WEB\system\Model.php(210): CodeIgniter\Database\BaseBuilder->get()
#3 C:\xampp\htdocs\WEB\system\BaseModel.php(622): CodeIgniter\Model->doFirst()
#4 C:\xampp\htdocs\WEB\app\Controllers\LoginController.php(24): CodeIgniter\BaseModel->first()
#5 C:\xampp\htdocs\WEB\system\CodeIgniter.php(825): App\Controllers\LoginController->auth()
#6 C:\xampp\htdocs\WEB\system\CodeIgniter.php(412): CodeIgniter\CodeIgniter->runController(Object(App\Controllers\LoginController))
#7 C:\xampp\htdocs\WEB\system\CodeIgniter.php(320): CodeIgniter\CodeIgniter->handleRequest(NULL, Object(Config\Cache), false)
#8 C:\xampp\htdocs\WEB\public\index.php(37): CodeIgniter\CodeIgniter->run()
#9 C:\xampp\htdocs\WEB\system\Commands\Server\rewrite.php(43): require_once('C:\\xampp\\htdocs...')
#10 {main}
ERROR - 2022-06-08 02:55:58 --> Error connecting to the database: No connection could be made because the target machine actively refused it.

CRITICAL - 2022-06-08 02:55:58 --> Unable to connect to the database.
Main connection [MySQLi]: No connection could be made because the target machine actively refused it.

#0 C:\xampp\htdocs\WEB\system\Database\BaseConnection.php(577): CodeIgniter\Database\BaseConnection->initialize()
#1 C:\xampp\htdocs\WEB\system\Database\BaseBuilder.php(1455): CodeIgniter\Database\BaseConnection->query('SELECT *\nFROM `...', Array, false)
#2 C:\xampp\htdocs\WEB\system\Model.php(210): CodeIgniter\Database\BaseBuilder->get()
#3 C:\xampp\htdocs\WEB\system\BaseModel.php(622): CodeIgniter\Model->doFirst()
#4 C:\xampp\htdocs\WEB\app\Controllers\LoginController.php(24): CodeIgniter\BaseModel->first()
#5 C:\xampp\htdocs\WEB\system\CodeIgniter.php(825): App\Controllers\LoginController->auth()
#6 C:\xampp\htdocs\WEB\system\CodeIgniter.php(412): CodeIgniter\CodeIgniter->runController(Object(App\Controllers\LoginController))
#7 C:\xampp\htdocs\WEB\system\CodeIgniter.php(320): CodeIgniter\CodeIgniter->handleRequest(NULL, Object(Config\Cache), false)
#8 C:\xampp\htdocs\WEB\public\index.php(37): CodeIgniter\CodeIgniter->run()
#9 C:\xampp\htdocs\WEB\system\Commands\Server\rewrite.php(43): require_once('C:\\xampp\\htdocs...')
#10 {main}
ERROR - 2022-06-08 03:00:50 --> Error connecting to the database: No connection could be made because the target machine actively refused it.

CRITICAL - 2022-06-08 03:00:50 --> Unable to connect to the database.
Main connection [MySQLi]: No connection could be made because the target machine actively refused it.

#0 C:\xampp\htdocs\WEB\system\Database\BaseConnection.php(577): CodeIgniter\Database\BaseConnection->initialize()
#1 C:\xampp\htdocs\WEB\system\Database\BaseBuilder.php(1455): CodeIgniter\Database\BaseConnection->query('SELECT *\nFROM `...', Array, false)
#2 C:\xampp\htdocs\WEB\system\Model.php(210): CodeIgniter\Database\BaseBuilder->get()
#3 C:\xampp\htdocs\WEB\system\BaseModel.php(622): CodeIgniter\Model->doFirst()
#4 C:\xampp\htdocs\WEB\app\Controllers\LoginController.php(24): CodeIgniter\BaseModel->first()
#5 C:\xampp\htdocs\WEB\system\CodeIgniter.php(825): App\Controllers\LoginController->auth()
#6 C:\xampp\htdocs\WEB\system\CodeIgniter.php(412): CodeIgniter\CodeIgniter->runController(Object(App\Controllers\LoginController))
#7 C:\xampp\htdocs\WEB\system\CodeIgniter.php(320): CodeIgniter\CodeIgniter->handleRequest(NULL, Object(Config\Cache), false)
#8 C:\xampp\htdocs\WEB\public\index.php(37): CodeIgniter\CodeIgniter->run()
#9 C:\xampp\htdocs\WEB\system\Commands\Server\rewrite.php(43): require_once('C:\\xampp\\htdocs...')
#10 {main}
ERROR - 2022-06-08 03:01:07 --> Error connecting to the database: No connection could be made because the target machine actively refused it.

CRITICAL - 2022-06-08 03:01:07 --> Unable to connect to the database.
Main connection [MySQLi]: No connection could be made because the target machine actively refused it.

#0 C:\xampp\htdocs\WEB\system\Database\BaseConnection.php(577): CodeIgniter\Database\BaseConnection->initialize()
#1 C:\xampp\htdocs\WEB\system\Database\BaseBuilder.php(1455): CodeIgniter\Database\BaseConnection->query('SELECT *\nFROM `...', Array, false)
#2 C:\xampp\htdocs\WEB\system\Model.php(210): CodeIgniter\Database\BaseBuilder->get()
#3 C:\xampp\htdocs\WEB\system\BaseModel.php(622): CodeIgniter\Model->doFirst()
#4 C:\xampp\htdocs\WEB\app\Controllers\LoginController.php(24): CodeIgniter\BaseModel->first()
#5 C:\xampp\htdocs\WEB\system\CodeIgniter.php(825): App\Controllers\LoginController->auth()
#6 C:\xampp\htdocs\WEB\system\CodeIgniter.php(412): CodeIgniter\CodeIgniter->runController(Object(App\Controllers\LoginController))
#7 C:\xampp\htdocs\WEB\system\CodeIgniter.php(320): CodeIgniter\CodeIgniter->handleRequest(NULL, Object(Config\Cache), false)
#8 C:\xampp\htdocs\WEB\public\index.php(37): CodeIgniter\CodeIgniter->run()
#9 C:\xampp\htdocs\WEB\system\Commands\Server\rewrite.php(43): require_once('C:\\xampp\\htdocs...')
#10 {main}
ERROR - 2022-06-08 03:17:23 --> Error connecting to the database: No connection could be made because the target machine actively refused it.

CRITICAL - 2022-06-08 03:17:23 --> Unable to connect to the database.
Main connection [MySQLi]: No connection could be made because the target machine actively refused it.

#0 C:\xampp\htdocs\WEB\system\Database\BaseConnection.php(577): CodeIgniter\Database\BaseConnection->initialize()
#1 C:\xampp\htdocs\WEB\system\Database\BaseBuilder.php(1455): CodeIgniter\Database\BaseConnection->query('SELECT *\nFROM `...', Array, false)
#2 C:\xampp\htdocs\WEB\system\Model.php(210): CodeIgniter\Database\BaseBuilder->get()
#3 C:\xampp\htdocs\WEB\system\BaseModel.php(622): CodeIgniter\Model->doFirst()
#4 C:\xampp\htdocs\WEB\app\Controllers\LoginController.php(24): CodeIgniter\BaseModel->first()
#5 C:\xampp\htdocs\WEB\system\CodeIgniter.php(825): App\Controllers\LoginController->auth()
#6 C:\xampp\htdocs\WEB\system\CodeIgniter.php(412): CodeIgniter\CodeIgniter->runController(Object(App\Controllers\LoginController))
#7 C:\xampp\htdocs\WEB\system\CodeIgniter.php(320): CodeIgniter\CodeIgniter->handleRequest(NULL, Object(Config\Cache), false)
#8 C:\xampp\htdocs\WEB\public\index.php(37): CodeIgniter\CodeIgniter->run()
#9 C:\xampp\htdocs\WEB\system\Commands\Server\rewrite.php(43): require_once('C:\\xampp\\htdocs...')
#10 {main}
ERROR - 2022-06-08 03:22:27 --> Error connecting to the database: No connection could be made because the target machine actively refused it.

CRITICAL - 2022-06-08 03:22:27 --> Unable to connect to the database.
Main connection [MySQLi]: No connection could be made because the target machine actively refused it.

#0 C:\xampp\htdocs\WEB\system\Database\BaseConnection.php(577): CodeIgniter\Database\BaseConnection->initialize()
#1 C:\xampp\htdocs\WEB\system\Database\BaseBuilder.php(1455): CodeIgniter\Database\BaseConnection->query('SELECT *\nFROM `...', Array, false)
#2 C:\xampp\htdocs\WEB\system\Model.php(210): CodeIgniter\Database\BaseBuilder->get()
#3 C:\xampp\htdocs\WEB\system\BaseModel.php(622): CodeIgniter\Model->doFirst()
#4 C:\xampp\htdocs\WEB\app\Controllers\LoginController.php(24): CodeIgniter\BaseModel->first()
#5 C:\xampp\htdocs\WEB\system\CodeIgniter.php(825): App\Controllers\LoginController->auth()
#6 C:\xampp\htdocs\WEB\system\CodeIgniter.php(412): CodeIgniter\CodeIgniter->runController(Object(App\Controllers\LoginController))
#7 C:\xampp\htdocs\WEB\system\CodeIgniter.php(320): CodeIgniter\CodeIgniter->handleRequest(NULL, Object(Config\Cache), false)
#8 C:\xampp\htdocs\WEB\public\index.php(37): CodeIgniter\CodeIgniter->run()
#9 C:\xampp\htdocs\WEB\system\Commands\Server\rewrite.php(43): require_once('C:\\xampp\\htdocs...')
#10 {main}
ERROR - 2022-06-08 03:29:19 --> Error connecting to the database: No connection could be made because the target machine actively refused it.

CRITICAL - 2022-06-08 03:29:19 --> Unable to connect to the database.
Main connection [MySQLi]: No connection could be made because the target machine actively refused it.

#0 C:\xampp\htdocs\WEB\system\Database\BaseConnection.php(577): CodeIgniter\Database\BaseConnection->initialize()
#1 C:\xampp\htdocs\WEB\system\Database\BaseBuilder.php(1455): CodeIgniter\Database\BaseConnection->query('SELECT *\nFROM `...', Array, false)
#2 C:\xampp\htdocs\WEB\system\Model.php(210): CodeIgniter\Database\BaseBuilder->get()
#3 C:\xampp\htdocs\WEB\system\BaseModel.php(622): CodeIgniter\Model->doFirst()
#4 C:\xampp\htdocs\WEB\app\Controllers\LoginController.php(24): CodeIgniter\BaseModel->first()
#5 C:\xampp\htdocs\WEB\system\CodeIgniter.php(825): App\Controllers\LoginController->auth()
#6 C:\xampp\htdocs\WEB\system\CodeIgniter.php(412): CodeIgniter\CodeIgniter->runController(Object(App\Controllers\LoginController))
#7 C:\xampp\htdocs\WEB\system\CodeIgniter.php(320): CodeIgniter\CodeIgniter->handleRequest(NULL, Object(Config\Cache), false)
#8 C:\xampp\htdocs\WEB\public\index.php(37): CodeIgniter\CodeIgniter->run()
#9 C:\xampp\htdocs\WEB\system\Commands\Server\rewrite.php(43): require_once('C:\\xampp\\htdocs...')
#10 {main}
ERROR - 2022-06-08 08:58:11 --> Error connecting to the database: No connection could be made because the target machine actively refused it.

CRITICAL - 2022-06-08 08:58:11 --> Unable to connect to the database.
Main connection [MySQLi]: No connection could be made because the target machine actively refused it.

#0 C:\xampp1\htdocs\WEB\system\Database\BaseConnection.php(577): CodeIgniter\Database\BaseConnection->initialize()
#1 C:\xampp1\htdocs\WEB\system\Database\BaseBuilder.php(1455): CodeIgniter\Database\BaseConnection->query('SELECT *\nFROM `...', Array, false)
#2 C:\xampp1\htdocs\WEB\system\Model.php(210): CodeIgniter\Database\BaseBuilder->get()
#3 C:\xampp1\htdocs\WEB\system\BaseModel.php(622): CodeIgniter\Model->doFirst()
#4 C:\xampp1\htdocs\WEB\app\Controllers\LoginController.php(24): CodeIgniter\BaseModel->first()
#5 C:\xampp1\htdocs\WEB\system\CodeIgniter.php(825): App\Controllers\LoginController->auth()
#6 C:\xampp1\htdocs\WEB\system\CodeIgniter.php(412): CodeIgniter\CodeIgniter->runController(Object(App\Controllers\LoginController))
#7 C:\xampp1\htdocs\WEB\system\CodeIgniter.php(320): CodeIgniter\CodeIgniter->handleRequest(NULL, Object(Config\Cache), false)
#8 C:\xampp1\htdocs\WEB\public\index.php(37): CodeIgniter\CodeIgniter->run()
#9 C:\xampp1\htdocs\WEB\system\Commands\Server\rewrite.php(43): require_once('C:\\xampp1\\htdoc...')
#10 {main}
ERROR - 2022-06-08 09:35:41 --> Error connecting to the database: No connection could be made because the target machine actively refused it.

CRITICAL - 2022-06-08 09:35:41 --> Unable to connect to the database.
Main connection [MySQLi]: No connection could be made because the target machine actively refused it.

#0 C:\xampp1\htdocs\WEB\system\Database\BaseConnection.php(577): CodeIgniter\Database\BaseConnection->initialize()
#1 C:\xampp1\htdocs\WEB\system\Database\BaseBuilder.php(1455): CodeIgniter\Database\BaseConnection->query('SELECT *\nFROM `...', Array, false)
#2 C:\xampp1\htdocs\WEB\system\Model.php(210): CodeIgniter\Database\BaseBuilder->get()
#3 C:\xampp1\htdocs\WEB\system\BaseModel.php(622): CodeIgniter\Model->doFirst()
#4 C:\xampp1\htdocs\WEB\app\Controllers\LoginController.php(24): CodeIgniter\BaseModel->first()
#5 C:\xampp1\htdocs\WEB\system\CodeIgniter.php(825): App\Controllers\LoginController->auth()
#6 C:\xampp1\htdocs\WEB\system\CodeIgniter.php(412): CodeIgniter\CodeIgniter->runController(Object(App\Controllers\LoginController))
#7 C:\xampp1\htdocs\WEB\system\CodeIgniter.php(320): CodeIgniter\CodeIgniter->handleRequest(NULL, Object(Config\Cache), false)
#8 C:\xampp1\htdocs\WEB\public\index.php(37): CodeIgniter\CodeIgniter->run()
#9 C:\xampp1\htdocs\WEB\system\Commands\Server\rewrite.php(43): require_once('C:\\xampp1\\htdoc...')
#10 {main}
ERROR - 2022-06-08 09:37:08 --> Error connecting to the database: No connection could be made because the target machine actively refused it.

CRITICAL - 2022-06-08 09:37:08 --> Unable to connect to the database.
Main connection [MySQLi]: No connection could be made because the target machine actively refused it.

#0 C:\xampp1\htdocs\WEB\system\Database\BaseConnection.php(577): CodeIgniter\Database\BaseConnection->initialize()
#1 C:\xampp1\htdocs\WEB\system\Database\BaseBuilder.php(1455): CodeIgniter\Database\BaseConnection->query('SELECT *\nFROM `...', Array, false)
#2 C:\xampp1\htdocs\WEB\system\Model.php(210): CodeIgniter\Database\BaseBuilder->get()
#3 C:\xampp1\htdocs\WEB\system\BaseModel.php(622): CodeIgniter\Model->doFirst()
#4 C:\xampp1\htdocs\WEB\app\Controllers\LoginController.php(24): CodeIgniter\BaseModel->first()
#5 C:\xampp1\htdocs\WEB\system\CodeIgniter.php(825): App\Controllers\LoginController->auth()
#6 C:\xampp1\htdocs\WEB\system\CodeIgniter.php(412): CodeIgniter\CodeIgniter->runController(Object(App\Controllers\LoginController))
#7 C:\xampp1\htdocs\WEB\system\CodeIgniter.php(320): CodeIgniter\CodeIgniter->handleRequest(NULL, Object(Config\Cache), false)
#8 C:\xampp1\htdocs\WEB\public\index.php(37): CodeIgniter\CodeIgniter->run()
#9 C:\xampp1\htdocs\WEB\system\Commands\Server\rewrite.php(43): require_once('C:\\xampp1\\htdoc...')
#10 {main}
ERROR - 2022-06-08 09:38:37 --> Error connecting to the database: No connection could be made because the target machine actively refused it.

CRITICAL - 2022-06-08 09:38:37 --> Unable to connect to the database.
Main connection [MySQLi]: No connection could be made because the target machine actively refused it.

#0 C:\xampp1\htdocs\WEB\system\Database\BaseConnection.php(577): CodeIgniter\Database\BaseConnection->initialize()
#1 C:\xampp1\htdocs\WEB\system\Database\BaseBuilder.php(1455): CodeIgniter\Database\BaseConnection->query('SELECT *\nFROM `...', Array, false)
#2 C:\xampp1\htdocs\WEB\system\Model.php(210): CodeIgniter\Database\BaseBuilder->get()
#3 C:\xampp1\htdocs\WEB\system\BaseModel.php(622): CodeIgniter\Model->doFirst()
#4 C:\xampp1\htdocs\WEB\app\Controllers\LoginController.php(24): CodeIgniter\BaseModel->first()
#5 C:\xampp1\htdocs\WEB\system\CodeIgniter.php(825): App\Controllers\LoginController->auth()
#6 C:\xampp1\htdocs\WEB\system\CodeIgniter.php(412): CodeIgniter\CodeIgniter->runController(Object(App\Controllers\LoginController))
#7 C:\xampp1\htdocs\WEB\system\CodeIgniter.php(320): CodeIgniter\CodeIgniter->handleRequest(NULL, Object(Config\Cache), false)
#8 C:\xampp1\htdocs\WEB\public\index.php(37): CodeIgniter\CodeIgniter->run()
#9 C:\xampp1\htdocs\WEB\system\Commands\Server\rewrite.php(43): require_once('C:\\xampp1\\htdoc...')
#10 {main}
ERROR - 2022-06-08 09:38:56 --> Error connecting to the database: No connection could be made because the target machine actively refused it.

CRITICAL - 2022-06-08 09:38:56 --> Unable to connect to the database.
Main connection [MySQLi]: No connection could be made because the target machine actively refused it.

#0 C:\xampp1\htdocs\WEB\system\Database\BaseConnection.php(577): CodeIgniter\Database\BaseConnection->initialize()
#1 C:\xampp1\htdocs\WEB\system\Database\BaseBuilder.php(1455): CodeIgniter\Database\BaseConnection->query('SELECT *\nFROM `...', Array, false)
#2 C:\xampp1\htdocs\WEB\system\Model.php(210): CodeIgniter\Database\BaseBuilder->get()
#3 C:\xampp1\htdocs\WEB\system\BaseModel.php(622): CodeIgniter\Model->doFirst()
#4 C:\xampp1\htdocs\WEB\app\Controllers\LoginController.php(24): CodeIgniter\BaseModel->first()
#5 C:\xampp1\htdocs\WEB\system\CodeIgniter.php(825): App\Controllers\LoginController->auth()
#6 C:\xampp1\htdocs\WEB\system\CodeIgniter.php(412): CodeIgniter\CodeIgniter->runController(Object(App\Controllers\LoginController))
#7 C:\xampp1\htdocs\WEB\system\CodeIgniter.php(320): CodeIgniter\CodeIgniter->handleRequest(NULL, Object(Config\Cache), false)
#8 C:\xampp1\htdocs\WEB\public\index.php(37): CodeIgniter\CodeIgniter->run()
#9 C:\xampp1\htdocs\WEB\system\Commands\Server\rewrite.php(43): require_once('C:\\xampp1\\htdoc...')
#10 {main}
ERROR - 2022-06-08 09:41:12 --> Table 'dbhotel.pembayaran' doesn't exist in engine
CRITICAL - 2022-06-08 09:41:12 --> Call to a member function getResult() on bool
#0 C:\xampp1\htdocs\WEB\system\BaseModel.php(584): CodeIgniter\Model->doFindAll(0, 0)
#1 C:\xampp1\htdocs\WEB\app\Controllers\pembayaranController.php(13): CodeIgniter\BaseModel->findAll()
#2 C:\xampp1\htdocs\WEB\system\CodeIgniter.php(825): App\Controllers\pembayaranController->index()
#3 C:\xampp1\htdocs\WEB\system\CodeIgniter.php(412): CodeIgniter\CodeIgniter->runController(Object(App\Controllers\pembayaranController))
#4 C:\xampp1\htdocs\WEB\system\CodeIgniter.php(320): CodeIgniter\CodeIgniter->handleRequest(NULL, Object(Config\Cache), false)
#5 C:\xampp1\htdocs\WEB\public\index.php(37): CodeIgniter\CodeIgniter->run()
#6 C:\xampp1\htdocs\WEB\system\Commands\Server\rewrite.php(43): require_once('C:\\xampp1\\htdoc...')
#7 {main}
ERROR - 2022-06-08 09:41:19 --> Table 'dbhotel.pembayaran' doesn't exist in engine
CRITICAL - 2022-06-08 09:41:19 --> Call to a member function getResult() on bool
#0 C:\xampp1\htdocs\WEB\system\BaseModel.php(584): CodeIgniter\Model->doFindAll(0, 0)
#1 C:\xampp1\htdocs\WEB\app\Controllers\pembayaranController.php(13): CodeIgniter\BaseModel->findAll()
#2 C:\xampp1\htdocs\WEB\system\CodeIgniter.php(825): App\Controllers\pembayaranController->index()
#3 C:\xampp1\htdocs\WEB\system\CodeIgniter.php(412): CodeIgniter\CodeIgniter->runController(Object(App\Controllers\pembayaranController))
#4 C:\xampp1\htdocs\WEB\system\CodeIgniter.php(320): CodeIgniter\CodeIgniter->handleRequest(NULL, Object(Config\Cache), false)
#5 C:\xampp1\htdocs\WEB\public\index.php(37): CodeIgniter\CodeIgniter->run()
#6 C:\xampp1\htdocs\WEB\system\Commands\Server\rewrite.php(43): require_once('C:\\xampp1\\htdoc...')
#7 {main}
ERROR - 2022-06-08 09:42:29 --> Table 'dbhotel.pembayaran' doesn't exist in engine
CRITICAL - 2022-06-08 09:42:29 --> Call to a member function getResult() on bool
#0 C:\xampp1\htdocs\WEB\system\BaseModel.php(584): CodeIgniter\Model->doFindAll(0, 0)
#1 C:\xampp1\htdocs\WEB\app\Controllers\pembayaranController.php(13): CodeIgniter\BaseModel->findAll()
#2 C:\xampp1\htdocs\WEB\system\CodeIgniter.php(825): App\Controllers\pembayaranController->index()
#3 C:\xampp1\htdocs\WEB\system\CodeIgniter.php(412): CodeIgniter\CodeIgniter->runController(Object(App\Controllers\pembayaranController))
#4 C:\xampp1\htdocs\WEB\system\CodeIgniter.php(320): CodeIgniter\CodeIgniter->handleRequest(NULL, Object(Config\Cache), false)
#5 C:\xampp1\htdocs\WEB\public\index.php(37): CodeIgniter\CodeIgniter->run()
#6 C:\xampp1\htdocs\WEB\system\Commands\Server\rewrite.php(43): require_once('C:\\xampp1\\htdoc...')
#7 {main}
ERROR - 2022-06-08 10:16:03 --> Table 'dbhotel.konfirmasi' doesn't exist
CRITICAL - 2022-06-08 10:16:03 --> Call to a member function getResult() on bool
#0 C:\xampp1\htdocs\WEB\system\CodeIgniter.php(825): App\Controllers\KonfirmasiController->index()
#1 C:\xampp1\htdocs\WEB\system\CodeIgniter.php(412): CodeIgniter\CodeIgniter->runController(Object(App\Controllers\KonfirmasiController))
#2 C:\xampp1\htdocs\WEB\system\CodeIgniter.php(320): CodeIgniter\CodeIgniter->handleRequest(NULL, Object(Config\Cache), false)
#3 C:\xampp1\htdocs\WEB\public\index.php(37): CodeIgniter\CodeIgniter->run()
#4 C:\xampp1\htdocs\WEB\system\Commands\Server\rewrite.php(43): require_once('C:\\xampp1\\htdoc...')
#5 {main}
