CRITICAL - 2022-02-20 02:29:38 --> Call to undefined function in_groups()
#0 C:\xampp\htdocs\WEB\system\View\View.php(210): include()
#1 C:\xampp\htdocs\WEB\system\View\View.php(213): CodeIgniter\View\View->CodeIgniter\View\{closure}()
#2 C:\xampp\htdocs\WEB\system\View\View.php(424): CodeIgniter\View\View->render('templates/sideb...', NULL, true)
#3 C:\xampp\htdocs\WEB\app\Views\templates\index.php(32): CodeIgniter\View\View->include('templates/sideb...')
#4 C:\xampp\htdocs\WEB\system\View\View.php(210): include('C:\\xampp\\htdocs...')
#5 C:\xampp\htdocs\WEB\system\View\View.php(213): CodeIgniter\View\View->CodeIgniter\View\{closure}()
#6 C:\xampp\htdocs\WEB\system\View\View.php(226): CodeIgniter\View\View->render('templates/index', Array, true)
#7 C:\xampp\htdocs\WEB\system\Common.php(1089): CodeIgniter\View\View->render('user/index', Array, true)
#8 C:\xampp\htdocs\WEB\app\Controllers\LoginController.php(15): view('user/index')
#9 C:\xampp\htdocs\WEB\system\CodeIgniter.php(825): App\Controllers\LoginController->user()
#10 C:\xampp\htdocs\WEB\system\CodeIgniter.php(412): CodeIgniter\CodeIgniter->runController(Object(App\Controllers\LoginController))
#11 C:\xampp\htdocs\WEB\system\CodeIgniter.php(320): CodeIgniter\CodeIgniter->handleRequest(NULL, Object(Config\Cache), false)
#12 C:\xampp\htdocs\WEB\public\index.php(37): CodeIgniter\CodeIgniter->run()
#13 C:\xampp\htdocs\WEB\system\Commands\Server\rewrite.php(43): require_once('C:\\xampp\\htdocs...')
#14 {main}
CRITICAL - 2022-02-20 02:31:05 --> Call to undefined function in_groups()
#0 C:\xampp\htdocs\WEB\system\View\View.php(210): include()
#1 C:\xampp\htdocs\WEB\system\View\View.php(213): CodeIgniter\View\View->CodeIgniter\View\{closure}()
#2 C:\xampp\htdocs\WEB\system\View\View.php(424): CodeIgniter\View\View->render('templates/sideb...', NULL, true)
#3 C:\xampp\htdocs\WEB\app\Views\templates\index.php(32): CodeIgniter\View\View->include('templates/sideb...')
#4 C:\xampp\htdocs\WEB\system\View\View.php(210): include('C:\\xampp\\htdocs...')
#5 C:\xampp\htdocs\WEB\system\View\View.php(213): CodeIgniter\View\View->CodeIgniter\View\{closure}()
#6 C:\xampp\htdocs\WEB\system\View\View.php(226): CodeIgniter\View\View->render('templates/index', Array, true)
#7 C:\xampp\htdocs\WEB\system\Common.php(1089): CodeIgniter\View\View->render('user/index', Array, true)
#8 C:\xampp\htdocs\WEB\app\Controllers\LoginController.php(15): view('user/index')
#9 C:\xampp\htdocs\WEB\system\CodeIgniter.php(825): App\Controllers\LoginController->user()
#10 C:\xampp\htdocs\WEB\system\CodeIgniter.php(412): CodeIgniter\CodeIgniter->runController(Object(App\Controllers\LoginController))
#11 C:\xampp\htdocs\WEB\system\CodeIgniter.php(320): CodeIgniter\CodeIgniter->handleRequest(NULL, Object(Config\Cache), false)
#12 C:\xampp\htdocs\WEB\public\index.php(37): CodeIgniter\CodeIgniter->run()
#13 C:\xampp\htdocs\WEB\system\Commands\Server\rewrite.php(43): require_once('C:\\xampp\\htdocs...')
#14 {main}
CRITICAL - 2022-02-20 02:33:11 --> Call to undefined function in_groups()
#0 C:\xampp\htdocs\WEB\system\View\View.php(210): include()
#1 C:\xampp\htdocs\WEB\system\View\View.php(213): CodeIgniter\View\View->CodeIgniter\View\{closure}()
#2 C:\xampp\htdocs\WEB\system\View\View.php(424): CodeIgniter\View\View->render('templates/sideb...', NULL, true)
#3 C:\xampp\htdocs\WEB\app\Views\templates\index.php(32): CodeIgniter\View\View->include('templates/sideb...')
#4 C:\xampp\htdocs\WEB\system\View\View.php(210): include('C:\\xampp\\htdocs...')
#5 C:\xampp\htdocs\WEB\system\View\View.php(213): CodeIgniter\View\View->CodeIgniter\View\{closure}()
#6 C:\xampp\htdocs\WEB\system\View\View.php(226): CodeIgniter\View\View->render('templates/index', Array, true)
#7 C:\xampp\htdocs\WEB\system\Common.php(1089): CodeIgniter\View\View->render('user/index', Array, true)
#8 C:\xampp\htdocs\WEB\app\Controllers\LoginController.php(15): view('user/index')
#9 C:\xampp\htdocs\WEB\system\CodeIgniter.php(825): App\Controllers\LoginController->user()
#10 C:\xampp\htdocs\WEB\system\CodeIgniter.php(412): CodeIgniter\CodeIgniter->runController(Object(App\Controllers\LoginController))
#11 C:\xampp\htdocs\WEB\system\CodeIgniter.php(320): CodeIgniter\CodeIgniter->handleRequest(NULL, Object(Config\Cache), false)
#12 C:\xampp\htdocs\WEB\public\index.php(37): CodeIgniter\CodeIgniter->run()
#13 C:\xampp\htdocs\WEB\system\Commands\Server\rewrite.php(43): require_once('C:\\xampp\\htdocs...')
#14 {main}
CRITICAL - 2022-02-20 02:40:37 --> Call to undefined function in_groups()
#0 C:\xampp\htdocs\WEB\system\View\View.php(210): include()
#1 C:\xampp\htdocs\WEB\system\View\View.php(213): CodeIgniter\View\View->CodeIgniter\View\{closure}()
#2 C:\xampp\htdocs\WEB\system\View\View.php(424): CodeIgniter\View\View->render('templates/sideb...', NULL, true)
#3 C:\xampp\htdocs\WEB\app\Views\templates\index.php(32): CodeIgniter\View\View->include('templates/sideb...')
#4 C:\xampp\htdocs\WEB\system\View\View.php(210): include('C:\\xampp\\htdocs...')
#5 C:\xampp\htdocs\WEB\system\View\View.php(213): CodeIgniter\View\View->CodeIgniter\View\{closure}()
#6 C:\xampp\htdocs\WEB\system\View\View.php(226): CodeIgniter\View\View->render('templates/index', Array, true)
#7 C:\xampp\htdocs\WEB\system\Common.php(1089): CodeIgniter\View\View->render('user/index', Array, true)
#8 C:\xampp\htdocs\WEB\app\Controllers\LoginController.php(15): view('user/index')
#9 C:\xampp\htdocs\WEB\system\CodeIgniter.php(825): App\Controllers\LoginController->user()
#10 C:\xampp\htdocs\WEB\system\CodeIgniter.php(412): CodeIgniter\CodeIgniter->runController(Object(App\Controllers\LoginController))
#11 C:\xampp\htdocs\WEB\system\CodeIgniter.php(320): CodeIgniter\CodeIgniter->handleRequest(NULL, Object(Config\Cache), false)
#12 C:\xampp\htdocs\WEB\public\index.php(37): CodeIgniter\CodeIgniter->run()
#13 C:\xampp\htdocs\WEB\system\Commands\Server\rewrite.php(43): require_once('C:\\xampp\\htdocs...')
#14 {main}
CRITICAL - 2022-02-20 02:41:35 --> Call to undefined function in_groups()
#0 C:\xampp\htdocs\WEB\system\View\View.php(210): include()
#1 C:\xampp\htdocs\WEB\system\View\View.php(213): CodeIgniter\View\View->CodeIgniter\View\{closure}()
#2 C:\xampp\htdocs\WEB\system\View\View.php(424): CodeIgniter\View\View->render('templates/sideb...', NULL, true)
#3 C:\xampp\htdocs\WEB\app\Views\templates\index.php(32): CodeIgniter\View\View->include('templates/sideb...')
#4 C:\xampp\htdocs\WEB\system\View\View.php(210): include('C:\\xampp\\htdocs...')
#5 C:\xampp\htdocs\WEB\system\View\View.php(213): CodeIgniter\View\View->CodeIgniter\View\{closure}()
#6 C:\xampp\htdocs\WEB\system\View\View.php(226): CodeIgniter\View\View->render('templates/index', Array, true)
#7 C:\xampp\htdocs\WEB\system\Common.php(1089): CodeIgniter\View\View->render('user/index', Array, true)
#8 C:\xampp\htdocs\WEB\app\Controllers\LoginController.php(15): view('user/index')
#9 C:\xampp\htdocs\WEB\system\CodeIgniter.php(825): App\Controllers\LoginController->user()
#10 C:\xampp\htdocs\WEB\system\CodeIgniter.php(412): CodeIgniter\CodeIgniter->runController(Object(App\Controllers\LoginController))
#11 C:\xampp\htdocs\WEB\system\CodeIgniter.php(320): CodeIgniter\CodeIgniter->handleRequest(NULL, Object(Config\Cache), false)
#12 C:\xampp\htdocs\WEB\public\index.php(37): CodeIgniter\CodeIgniter->run()
#13 C:\xampp\htdocs\WEB\system\Commands\Server\rewrite.php(43): require_once('C:\\xampp\\htdocs...')
#14 {main}
CRITICAL - 2022-02-20 02:41:48 --> Call to undefined function in_groups()
#0 C:\xampp\htdocs\WEB\system\View\View.php(210): include()
#1 C:\xampp\htdocs\WEB\system\View\View.php(213): CodeIgniter\View\View->CodeIgniter\View\{closure}()
#2 C:\xampp\htdocs\WEB\system\View\View.php(424): CodeIgniter\View\View->render('templates/sideb...', NULL, true)
#3 C:\xampp\htdocs\WEB\app\Views\templates\index.php(32): CodeIgniter\View\View->include('templates/sideb...')
#4 C:\xampp\htdocs\WEB\system\View\View.php(210): include('C:\\xampp\\htdocs...')
#5 C:\xampp\htdocs\WEB\system\View\View.php(213): CodeIgniter\View\View->CodeIgniter\View\{closure}()
#6 C:\xampp\htdocs\WEB\system\View\View.php(226): CodeIgniter\View\View->render('templates/index', Array, true)
#7 C:\xampp\htdocs\WEB\system\Common.php(1089): CodeIgniter\View\View->render('user/index', Array, true)
#8 C:\xampp\htdocs\WEB\app\Controllers\LoginController.php(15): view('user/index')
#9 C:\xampp\htdocs\WEB\system\CodeIgniter.php(825): App\Controllers\LoginController->user()
#10 C:\xampp\htdocs\WEB\system\CodeIgniter.php(412): CodeIgniter\CodeIgniter->runController(Object(App\Controllers\LoginController))
#11 C:\xampp\htdocs\WEB\system\CodeIgniter.php(320): CodeIgniter\CodeIgniter->handleRequest(NULL, Object(Config\Cache), false)
#12 C:\xampp\htdocs\WEB\public\index.php(37): CodeIgniter\CodeIgniter->run()
#13 C:\xampp\htdocs\WEB\system\Commands\Server\rewrite.php(43): require_once('C:\\xampp\\htdocs...')
#14 {main}
CRITICAL - 2022-02-20 02:42:01 --> syntax error, unexpected 'endif' (T_ENDIF), expecting end of file
#0 C:\xampp\htdocs\WEB\system\View\View.php(213): CodeIgniter\View\View->CodeIgniter\View\{closure}()
#1 C:\xampp\htdocs\WEB\system\View\View.php(424): CodeIgniter\View\View->render('templates/sideb...', NULL, true)
#2 C:\xampp\htdocs\WEB\app\Views\templates\index.php(32): CodeIgniter\View\View->include('templates/sideb...')
#3 C:\xampp\htdocs\WEB\system\View\View.php(210): include('C:\\xampp\\htdocs...')
#4 C:\xampp\htdocs\WEB\system\View\View.php(213): CodeIgniter\View\View->CodeIgniter\View\{closure}()
#5 C:\xampp\htdocs\WEB\system\View\View.php(226): CodeIgniter\View\View->render('templates/index', Array, true)
#6 C:\xampp\htdocs\WEB\system\Common.php(1089): CodeIgniter\View\View->render('user/index', Array, true)
#7 C:\xampp\htdocs\WEB\app\Controllers\LoginController.php(15): view('user/index')
#8 C:\xampp\htdocs\WEB\system\CodeIgniter.php(825): App\Controllers\LoginController->user()
#9 C:\xampp\htdocs\WEB\system\CodeIgniter.php(412): CodeIgniter\CodeIgniter->runController(Object(App\Controllers\LoginController))
#10 C:\xampp\htdocs\WEB\system\CodeIgniter.php(320): CodeIgniter\CodeIgniter->handleRequest(NULL, Object(Config\Cache), false)
#11 C:\xampp\htdocs\WEB\public\index.php(37): CodeIgniter\CodeIgniter->run()
#12 C:\xampp\htdocs\WEB\system\Commands\Server\rewrite.php(43): require_once('C:\\xampp\\htdocs...')
#13 {main}
CRITICAL - 2022-02-20 03:18:56 --> role filter must have a matching alias defined.
#0 C:\xampp\htdocs\WEB\system\Filters\Filters.php(340): CodeIgniter\Filters\Exceptions\FilterException::forNoAlias('role')
#1 C:\xampp\htdocs\WEB\system\CodeIgniter.php(377): CodeIgniter\Filters\Filters->enableFilter('role', 'before')
#2 C:\xampp\htdocs\WEB\system\CodeIgniter.php(320): CodeIgniter\CodeIgniter->handleRequest(NULL, Object(Config\Cache), false)
#3 C:\xampp\htdocs\WEB\public\index.php(37): CodeIgniter\CodeIgniter->run()
#4 C:\xampp\htdocs\WEB\system\Commands\Server\rewrite.php(43): require_once('C:\\xampp\\htdocs...')
#5 {main}
CRITICAL - 2022-02-20 03:22:24 --> login filter must have a matching alias defined.
#0 C:\xampp\htdocs\WEB\system\Filters\Filters.php(493): CodeIgniter\Filters\Exceptions\FilterException::forNoAlias('login')
#1 C:\xampp\htdocs\WEB\system\Filters\Filters.php(243): CodeIgniter\Filters\Filters->processAliasesToClass('before')
#2 C:\xampp\htdocs\WEB\system\Filters\Filters.php(163): CodeIgniter\Filters\Filters->initialize('login')
#3 C:\xampp\htdocs\WEB\system\CodeIgniter.php(386): CodeIgniter\Filters\Filters->run('login', 'before')
#4 C:\xampp\htdocs\WEB\system\CodeIgniter.php(320): CodeIgniter\CodeIgniter->handleRequest(NULL, Object(Config\Cache), false)
#5 C:\xampp\htdocs\WEB\public\index.php(37): CodeIgniter\CodeIgniter->run()
#6 C:\xampp\htdocs\WEB\system\Commands\Server\rewrite.php(43): require_once('C:\\xampp\\htdocs...')
#7 {main}
CRITICAL - 2022-02-20 03:22:24 --> login filter must have a matching alias defined.
#0 C:\xampp\htdocs\WEB\system\Filters\Filters.php(493): CodeIgniter\Filters\Exceptions\FilterException::forNoAlias('login')
#1 C:\xampp\htdocs\WEB\system\Filters\Filters.php(243): CodeIgniter\Filters\Filters->processAliasesToClass('before')
#2 C:\xampp\htdocs\WEB\system\Filters\Filters.php(163): CodeIgniter\Filters\Filters->initialize('login')
#3 C:\xampp\htdocs\WEB\system\CodeIgniter.php(386): CodeIgniter\Filters\Filters->run('login', 'before')
#4 C:\xampp\htdocs\WEB\system\CodeIgniter.php(320): CodeIgniter\CodeIgniter->handleRequest(NULL, Object(Config\Cache), false)
#5 C:\xampp\htdocs\WEB\public\index.php(37): CodeIgniter\CodeIgniter->run()
#6 C:\xampp\htdocs\WEB\system\Commands\Server\rewrite.php(43): require_once('C:\\xampp\\htdocs...')
#7 {main}
CRITICAL - 2022-02-20 03:32:38 --> role filter must have a matching alias defined.
#0 C:\xampp\htdocs\WEB\system\Filters\Filters.php(340): CodeIgniter\Filters\Exceptions\FilterException::forNoAlias('role')
#1 C:\xampp\htdocs\WEB\system\CodeIgniter.php(377): CodeIgniter\Filters\Filters->enableFilter('role', 'before')
#2 C:\xampp\htdocs\WEB\system\CodeIgniter.php(320): CodeIgniter\CodeIgniter->handleRequest(NULL, Object(Config\Cache), false)
#3 C:\xampp\htdocs\WEB\public\index.php(37): CodeIgniter\CodeIgniter->run()
#4 C:\xampp\htdocs\WEB\system\Commands\Server\rewrite.php(43): require_once('C:\\xampp\\htdocs...')
#5 {main}
CRITICAL - 2022-02-20 03:41:07 --> role filter must have a matching alias defined.
#0 C:\xampp\htdocs\WEB\system\Filters\Filters.php(340): CodeIgniter\Filters\Exceptions\FilterException::forNoAlias('role')
#1 C:\xampp\htdocs\WEB\system\CodeIgniter.php(377): CodeIgniter\Filters\Filters->enableFilter('role', 'before')
#2 C:\xampp\htdocs\WEB\system\CodeIgniter.php(320): CodeIgniter\CodeIgniter->handleRequest(NULL, Object(Config\Cache), false)
#3 C:\xampp\htdocs\WEB\public\index.php(37): CodeIgniter\CodeIgniter->run()
#4 C:\xampp\htdocs\WEB\system\Commands\Server\rewrite.php(43): require_once('C:\\xampp\\htdocs...')
#5 {main}
CRITICAL - 2022-02-20 03:45:40 --> role filter must have a matching alias defined.
#0 C:\xampp\htdocs\WEB\system\Filters\Filters.php(340): CodeIgniter\Filters\Exceptions\FilterException::forNoAlias('role')
#1 C:\xampp\htdocs\WEB\system\CodeIgniter.php(377): CodeIgniter\Filters\Filters->enableFilter('role', 'before')
#2 C:\xampp\htdocs\WEB\system\CodeIgniter.php(320): CodeIgniter\CodeIgniter->handleRequest(NULL, Object(Config\Cache), false)
#3 C:\xampp\htdocs\WEB\public\index.php(37): CodeIgniter\CodeIgniter->run()
#4 C:\xampp\htdocs\WEB\system\Commands\Server\rewrite.php(43): require_once('C:\\xampp\\htdocs...')
#5 {main}
CRITICAL - 2022-02-20 03:45:42 --> role filter must have a matching alias defined.
#0 C:\xampp\htdocs\WEB\system\Filters\Filters.php(340): CodeIgniter\Filters\Exceptions\FilterException::forNoAlias('role')
#1 C:\xampp\htdocs\WEB\system\CodeIgniter.php(377): CodeIgniter\Filters\Filters->enableFilter('role', 'before')
#2 C:\xampp\htdocs\WEB\system\CodeIgniter.php(320): CodeIgniter\CodeIgniter->handleRequest(NULL, Object(Config\Cache), false)
#3 C:\xampp\htdocs\WEB\public\index.php(37): CodeIgniter\CodeIgniter->run()
#4 C:\xampp\htdocs\WEB\system\Commands\Server\rewrite.php(43): require_once('C:\\xampp\\htdocs...')
#5 {main}
CRITICAL - 2022-02-20 03:46:06 --> role filter must have a matching alias defined.
#0 C:\xampp\htdocs\WEB\system\Filters\Filters.php(340): CodeIgniter\Filters\Exceptions\FilterException::forNoAlias('role')
#1 C:\xampp\htdocs\WEB\system\CodeIgniter.php(377): CodeIgniter\Filters\Filters->enableFilter('role', 'before')
#2 C:\xampp\htdocs\WEB\system\CodeIgniter.php(320): CodeIgniter\CodeIgniter->handleRequest(NULL, Object(Config\Cache), false)
#3 C:\xampp\htdocs\WEB\public\index.php(37): CodeIgniter\CodeIgniter->run()
#4 C:\xampp\htdocs\WEB\system\Commands\Server\rewrite.php(43): require_once('C:\\xampp\\htdocs...')
#5 {main}
CRITICAL - 2022-02-20 03:46:07 --> role filter must have a matching alias defined.
#0 C:\xampp\htdocs\WEB\system\Filters\Filters.php(340): CodeIgniter\Filters\Exceptions\FilterException::forNoAlias('role')
#1 C:\xampp\htdocs\WEB\system\CodeIgniter.php(377): CodeIgniter\Filters\Filters->enableFilter('role', 'before')
#2 C:\xampp\htdocs\WEB\system\CodeIgniter.php(320): CodeIgniter\CodeIgniter->handleRequest(NULL, Object(Config\Cache), false)
#3 C:\xampp\htdocs\WEB\public\index.php(37): CodeIgniter\CodeIgniter->run()
#4 C:\xampp\htdocs\WEB\system\Commands\Server\rewrite.php(43): require_once('C:\\xampp\\htdocs...')
#5 {main}
CRITICAL - 2022-02-20 03:46:24 --> role filter must have a matching alias defined.
#0 C:\xampp\htdocs\WEB\system\Filters\Filters.php(340): CodeIgniter\Filters\Exceptions\FilterException::forNoAlias('role')
#1 C:\xampp\htdocs\WEB\system\CodeIgniter.php(377): CodeIgniter\Filters\Filters->enableFilter('role', 'before')
#2 C:\xampp\htdocs\WEB\system\CodeIgniter.php(320): CodeIgniter\CodeIgniter->handleRequest(NULL, Object(Config\Cache), false)
#3 C:\xampp\htdocs\WEB\public\index.php(37): CodeIgniter\CodeIgniter->run()
#4 C:\xampp\htdocs\WEB\system\Commands\Server\rewrite.php(43): require_once('C:\\xampp\\htdocs...')
#5 {main}
CRITICAL - 2022-02-20 03:47:40 --> role filter must have a matching alias defined.
#0 C:\xampp\htdocs\WEB\system\Filters\Filters.php(340): CodeIgniter\Filters\Exceptions\FilterException::forNoAlias('role')
#1 C:\xampp\htdocs\WEB\system\CodeIgniter.php(377): CodeIgniter\Filters\Filters->enableFilter('role', 'before')
#2 C:\xampp\htdocs\WEB\system\CodeIgniter.php(320): CodeIgniter\CodeIgniter->handleRequest(NULL, Object(Config\Cache), false)
#3 C:\xampp\htdocs\WEB\public\index.php(37): CodeIgniter\CodeIgniter->run()
#4 C:\xampp\htdocs\WEB\system\Commands\Server\rewrite.php(43): require_once('C:\\xampp\\htdocs...')
#5 {main}
CRITICAL - 2022-02-20 03:47:42 --> role filter must have a matching alias defined.
#0 C:\xampp\htdocs\WEB\system\Filters\Filters.php(340): CodeIgniter\Filters\Exceptions\FilterException::forNoAlias('role')
#1 C:\xampp\htdocs\WEB\system\CodeIgniter.php(377): CodeIgniter\Filters\Filters->enableFilter('role', 'before')
#2 C:\xampp\htdocs\WEB\system\CodeIgniter.php(320): CodeIgniter\CodeIgniter->handleRequest(NULL, Object(Config\Cache), false)
#3 C:\xampp\htdocs\WEB\public\index.php(37): CodeIgniter\CodeIgniter->run()
#4 C:\xampp\htdocs\WEB\system\Commands\Server\rewrite.php(43): require_once('C:\\xampp\\htdocs...')
#5 {main}
CRITICAL - 2022-02-20 03:48:28 --> role filter must have a matching alias defined.
#0 C:\xampp\htdocs\WEB\system\Filters\Filters.php(340): CodeIgniter\Filters\Exceptions\FilterException::forNoAlias('role')
#1 C:\xampp\htdocs\WEB\system\CodeIgniter.php(377): CodeIgniter\Filters\Filters->enableFilter('role', 'before')
#2 C:\xampp\htdocs\WEB\system\CodeIgniter.php(320): CodeIgniter\CodeIgniter->handleRequest(NULL, Object(Config\Cache), false)
#3 C:\xampp\htdocs\WEB\public\index.php(37): CodeIgniter\CodeIgniter->run()
#4 C:\xampp\htdocs\WEB\system\Commands\Server\rewrite.php(43): require_once('C:\\xampp\\htdocs...')
#5 {main}
CRITICAL - 2022-02-20 03:52:38 --> role filter must have a matching alias defined.
#0 C:\xampp\htdocs\WEB\system\Filters\Filters.php(340): CodeIgniter\Filters\Exceptions\FilterException::forNoAlias('role')
#1 C:\xampp\htdocs\WEB\system\CodeIgniter.php(377): CodeIgniter\Filters\Filters->enableFilter('role', 'before')
#2 C:\xampp\htdocs\WEB\system\CodeIgniter.php(320): CodeIgniter\CodeIgniter->handleRequest(NULL, Object(Config\Cache), false)
#3 C:\xampp\htdocs\WEB\public\index.php(37): CodeIgniter\CodeIgniter->run()
#4 C:\xampp\htdocs\WEB\system\Commands\Server\rewrite.php(43): require_once('C:\\xampp\\htdocs...')
#5 {main}
CRITICAL - 2022-02-20 03:52:39 --> role filter must have a matching alias defined.
#0 C:\xampp\htdocs\WEB\system\Filters\Filters.php(340): CodeIgniter\Filters\Exceptions\FilterException::forNoAlias('role')
#1 C:\xampp\htdocs\WEB\system\CodeIgniter.php(377): CodeIgniter\Filters\Filters->enableFilter('role', 'before')
#2 C:\xampp\htdocs\WEB\system\CodeIgniter.php(320): CodeIgniter\CodeIgniter->handleRequest(NULL, Object(Config\Cache), false)
#3 C:\xampp\htdocs\WEB\public\index.php(37): CodeIgniter\CodeIgniter->run()
#4 C:\xampp\htdocs\WEB\system\Commands\Server\rewrite.php(43): require_once('C:\\xampp\\htdocs...')
#5 {main}
CRITICAL - 2022-02-20 03:52:53 --> role filter must have a matching alias defined.
#0 C:\xampp\htdocs\WEB\system\Filters\Filters.php(340): CodeIgniter\Filters\Exceptions\FilterException::forNoAlias('role')
#1 C:\xampp\htdocs\WEB\system\CodeIgniter.php(377): CodeIgniter\Filters\Filters->enableFilter('role', 'before')
#2 C:\xampp\htdocs\WEB\system\CodeIgniter.php(320): CodeIgniter\CodeIgniter->handleRequest(NULL, Object(Config\Cache), false)
#3 C:\xampp\htdocs\WEB\public\index.php(37): CodeIgniter\CodeIgniter->run()
#4 C:\xampp\htdocs\WEB\system\Commands\Server\rewrite.php(43): require_once('C:\\xampp\\htdocs...')
#5 {main}
CRITICAL - 2022-02-20 06:19:26 --> syntax error, unexpected end of file
#0 C:\xampp\htdocs\WEB\system\CodeIgniter.php(361): CodeIgniter\CodeIgniter->tryToRouteIt(NULL)
#1 C:\xampp\htdocs\WEB\system\CodeIgniter.php(320): CodeIgniter\CodeIgniter->handleRequest(NULL, Object(Config\Cache), false)
#2 C:\xampp\htdocs\WEB\public\index.php(37): CodeIgniter\CodeIgniter->run()
#3 C:\xampp\htdocs\WEB\system\Commands\Server\rewrite.php(43): require_once('C:\\xampp\\htdocs...')
#4 {main}
CRITICAL - 2022-02-20 06:23:33 --> syntax error, unexpected end of file
#0 C:\xampp\htdocs\WEB\system\CodeIgniter.php(361): CodeIgniter\CodeIgniter->tryToRouteIt(NULL)
#1 C:\xampp\htdocs\WEB\system\CodeIgniter.php(320): CodeIgniter\CodeIgniter->handleRequest(NULL, Object(Config\Cache), false)
#2 C:\xampp\htdocs\WEB\public\index.php(37): CodeIgniter\CodeIgniter->run()
#3 C:\xampp\htdocs\WEB\system\Commands\Server\rewrite.php(43): require_once('C:\\xampp\\htdocs...')
#4 {main}
CRITICAL - 2022-02-20 06:23:35 --> syntax error, unexpected end of file
#0 C:\xampp\htdocs\WEB\system\CodeIgniter.php(361): CodeIgniter\CodeIgniter->tryToRouteIt(NULL)
#1 C:\xampp\htdocs\WEB\system\CodeIgniter.php(320): CodeIgniter\CodeIgniter->handleRequest(NULL, Object(Config\Cache), false)
#2 C:\xampp\htdocs\WEB\public\index.php(37): CodeIgniter\CodeIgniter->run()
#3 C:\xampp\htdocs\WEB\system\Commands\Server\rewrite.php(43): require_once('C:\\xampp\\htdocs...')
#4 {main}
CRITICAL - 2022-02-20 07:21:25 --> Call to undefined function in_groups()
#0 C:\xampp\htdocs\WEB\system\View\View.php(210): include()
#1 C:\xampp\htdocs\WEB\system\View\View.php(213): CodeIgniter\View\View->CodeIgniter\View\{closure}()
#2 C:\xampp\htdocs\WEB\system\View\View.php(424): CodeIgniter\View\View->render('templates/sideb...', NULL, true)
#3 C:\xampp\htdocs\WEB\app\Views\templates\index.php(32): CodeIgniter\View\View->include('templates/sideb...')
#4 C:\xampp\htdocs\WEB\system\View\View.php(210): include('C:\\xampp\\htdocs...')
#5 C:\xampp\htdocs\WEB\system\View\View.php(213): CodeIgniter\View\View->CodeIgniter\View\{closure}()
#6 C:\xampp\htdocs\WEB\system\View\View.php(226): CodeIgniter\View\View->render('templates/index', Array, true)
#7 C:\xampp\htdocs\WEB\system\Common.php(1089): CodeIgniter\View\View->render('user/index', Array, true)
#8 C:\xampp\htdocs\WEB\app\Controllers\LoginController.php(15): view('user/index')
#9 C:\xampp\htdocs\WEB\system\CodeIgniter.php(825): App\Controllers\LoginController->user()
#10 C:\xampp\htdocs\WEB\system\CodeIgniter.php(412): CodeIgniter\CodeIgniter->runController(Object(App\Controllers\LoginController))
#11 C:\xampp\htdocs\WEB\system\CodeIgniter.php(320): CodeIgniter\CodeIgniter->handleRequest(NULL, Object(Config\Cache), false)
#12 C:\xampp\htdocs\WEB\public\index.php(37): CodeIgniter\CodeIgniter->run()
#13 C:\xampp\htdocs\WEB\system\Commands\Server\rewrite.php(43): require_once('C:\\xampp\\htdocs...')
#14 {main}
CRITICAL - 2022-02-20 07:23:09 --> Call to undefined function role()
#0 C:\xampp\htdocs\WEB\system\View\View.php(210): include()
#1 C:\xampp\htdocs\WEB\system\View\View.php(213): CodeIgniter\View\View->CodeIgniter\View\{closure}()
#2 C:\xampp\htdocs\WEB\system\View\View.php(424): CodeIgniter\View\View->render('templates/sideb...', NULL, true)
#3 C:\xampp\htdocs\WEB\app\Views\templates\index.php(32): CodeIgniter\View\View->include('templates/sideb...')
#4 C:\xampp\htdocs\WEB\system\View\View.php(210): include('C:\\xampp\\htdocs...')
#5 C:\xampp\htdocs\WEB\system\View\View.php(213): CodeIgniter\View\View->CodeIgniter\View\{closure}()
#6 C:\xampp\htdocs\WEB\system\View\View.php(226): CodeIgniter\View\View->render('templates/index', Array, true)
#7 C:\xampp\htdocs\WEB\system\Common.php(1089): CodeIgniter\View\View->render('user/index', Array, true)
#8 C:\xampp\htdocs\WEB\app\Controllers\LoginController.php(15): view('user/index')
#9 C:\xampp\htdocs\WEB\system\CodeIgniter.php(825): App\Controllers\LoginController->user()
#10 C:\xampp\htdocs\WEB\system\CodeIgniter.php(412): CodeIgniter\CodeIgniter->runController(Object(App\Controllers\LoginController))
#11 C:\xampp\htdocs\WEB\system\CodeIgniter.php(320): CodeIgniter\CodeIgniter->handleRequest(NULL, Object(Config\Cache), false)
#12 C:\xampp\htdocs\WEB\public\index.php(37): CodeIgniter\CodeIgniter->run()
#13 C:\xampp\htdocs\WEB\system\Commands\Server\rewrite.php(43): require_once('C:\\xampp\\htdocs...')
#14 {main}
CRITICAL - 2022-02-20 07:26:19 --> Undefined variable: data
#0 C:\xampp\htdocs\WEB\app\Views\templates\sidebar.php(11): CodeIgniter\Debug\Exceptions->errorHandler(8, 'Undefined varia...', 'C:\\xampp\\htdocs...', 11, Array)
#1 C:\xampp\htdocs\WEB\system\View\View.php(210): include('C:\\xampp\\htdocs...')
#2 C:\xampp\htdocs\WEB\system\View\View.php(213): CodeIgniter\View\View->CodeIgniter\View\{closure}()
#3 C:\xampp\htdocs\WEB\system\View\View.php(424): CodeIgniter\View\View->render('templates/sideb...', NULL, true)
#4 C:\xampp\htdocs\WEB\app\Views\templates\index.php(32): CodeIgniter\View\View->include('templates/sideb...')
#5 C:\xampp\htdocs\WEB\system\View\View.php(210): include('C:\\xampp\\htdocs...')
#6 C:\xampp\htdocs\WEB\system\View\View.php(213): CodeIgniter\View\View->CodeIgniter\View\{closure}()
#7 C:\xampp\htdocs\WEB\system\View\View.php(226): CodeIgniter\View\View->render('templates/index', Array, true)
#8 C:\xampp\htdocs\WEB\system\Common.php(1089): CodeIgniter\View\View->render('user/index', Array, true)
#9 C:\xampp\htdocs\WEB\app\Controllers\LoginController.php(15): view('user/index')
#10 C:\xampp\htdocs\WEB\system\CodeIgniter.php(825): App\Controllers\LoginController->user()
#11 C:\xampp\htdocs\WEB\system\CodeIgniter.php(412): CodeIgniter\CodeIgniter->runController(Object(App\Controllers\LoginController))
#12 C:\xampp\htdocs\WEB\system\CodeIgniter.php(320): CodeIgniter\CodeIgniter->handleRequest(NULL, Object(Config\Cache), false)
#13 C:\xampp\htdocs\WEB\public\index.php(37): CodeIgniter\CodeIgniter->run()
#14 C:\xampp\htdocs\WEB\system\Commands\Server\rewrite.php(43): require_once('C:\\xampp\\htdocs...')
#15 {main}
CRITICAL - 2022-02-20 07:26:38 --> Undefined variable: data
#0 C:\xampp\htdocs\WEB\app\Views\templates\sidebar.php(11): CodeIgniter\Debug\Exceptions->errorHandler(8, 'Undefined varia...', 'C:\\xampp\\htdocs...', 11, Array)
#1 C:\xampp\htdocs\WEB\system\View\View.php(210): include('C:\\xampp\\htdocs...')
#2 C:\xampp\htdocs\WEB\system\View\View.php(213): CodeIgniter\View\View->CodeIgniter\View\{closure}()
#3 C:\xampp\htdocs\WEB\system\View\View.php(424): CodeIgniter\View\View->render('templates/sideb...', NULL, true)
#4 C:\xampp\htdocs\WEB\app\Views\templates\index.php(32): CodeIgniter\View\View->include('templates/sideb...')
#5 C:\xampp\htdocs\WEB\system\View\View.php(210): include('C:\\xampp\\htdocs...')
#6 C:\xampp\htdocs\WEB\system\View\View.php(213): CodeIgniter\View\View->CodeIgniter\View\{closure}()
#7 C:\xampp\htdocs\WEB\system\View\View.php(226): CodeIgniter\View\View->render('templates/index', Array, true)
#8 C:\xampp\htdocs\WEB\system\Common.php(1089): CodeIgniter\View\View->render('user/index', Array, true)
#9 C:\xampp\htdocs\WEB\app\Controllers\LoginController.php(15): view('user/index')
#10 C:\xampp\htdocs\WEB\system\CodeIgniter.php(825): App\Controllers\LoginController->user()
#11 C:\xampp\htdocs\WEB\system\CodeIgniter.php(412): CodeIgniter\CodeIgniter->runController(Object(App\Controllers\LoginController))
#12 C:\xampp\htdocs\WEB\system\CodeIgniter.php(320): CodeIgniter\CodeIgniter->handleRequest(NULL, Object(Config\Cache), false)
#13 C:\xampp\htdocs\WEB\public\index.php(37): CodeIgniter\CodeIgniter->run()
#14 C:\xampp\htdocs\WEB\system\Commands\Server\rewrite.php(43): require_once('C:\\xampp\\htdocs...')
#15 {main}
CRITICAL - 2022-02-20 07:33:07 --> Undefined variable: data
#0 C:\xampp\htdocs\WEB\app\Views\templates\sidebar.php(11): CodeIgniter\Debug\Exceptions->errorHandler(8, 'Undefined varia...', 'C:\\xampp\\htdocs...', 11, Array)
#1 C:\xampp\htdocs\WEB\system\View\View.php(210): include('C:\\xampp\\htdocs...')
#2 C:\xampp\htdocs\WEB\system\View\View.php(213): CodeIgniter\View\View->CodeIgniter\View\{closure}()
#3 C:\xampp\htdocs\WEB\system\View\View.php(424): CodeIgniter\View\View->render('templates/sideb...', NULL, true)
#4 C:\xampp\htdocs\WEB\app\Views\templates\index.php(32): CodeIgniter\View\View->include('templates/sideb...')
#5 C:\xampp\htdocs\WEB\system\View\View.php(210): include('C:\\xampp\\htdocs...')
#6 C:\xampp\htdocs\WEB\system\View\View.php(213): CodeIgniter\View\View->CodeIgniter\View\{closure}()
#7 C:\xampp\htdocs\WEB\system\View\View.php(226): CodeIgniter\View\View->render('templates/index', Array, true)
#8 C:\xampp\htdocs\WEB\system\Common.php(1089): CodeIgniter\View\View->render('admin/index', Array, true)
#9 C:\xampp\htdocs\WEB\app\Controllers\AdminController.php(10): view('admin/index')
#10 C:\xampp\htdocs\WEB\system\CodeIgniter.php(825): App\Controllers\AdminController->index()
#11 C:\xampp\htdocs\WEB\system\CodeIgniter.php(412): CodeIgniter\CodeIgniter->runController(Object(App\Controllers\AdminController))
#12 C:\xampp\htdocs\WEB\system\CodeIgniter.php(320): CodeIgniter\CodeIgniter->handleRequest(NULL, Object(Config\Cache), false)
#13 C:\xampp\htdocs\WEB\public\index.php(37): CodeIgniter\CodeIgniter->run()
#14 C:\xampp\htdocs\WEB\system\Commands\Server\rewrite.php(43): require_once('C:\\xampp\\htdocs...')
#15 {main}
CRITICAL - 2022-02-20 07:33:44 --> Undefined variable: data
#0 C:\xampp\htdocs\WEB\app\Views\templates\sidebar.php(11): CodeIgniter\Debug\Exceptions->errorHandler(8, 'Undefined varia...', 'C:\\xampp\\htdocs...', 11, Array)
#1 C:\xampp\htdocs\WEB\system\View\View.php(210): include('C:\\xampp\\htdocs...')
#2 C:\xampp\htdocs\WEB\system\View\View.php(213): CodeIgniter\View\View->CodeIgniter\View\{closure}()
#3 C:\xampp\htdocs\WEB\system\View\View.php(424): CodeIgniter\View\View->render('templates/sideb...', NULL, true)
#4 C:\xampp\htdocs\WEB\app\Views\templates\index.php(32): CodeIgniter\View\View->include('templates/sideb...')
#5 C:\xampp\htdocs\WEB\system\View\View.php(210): include('C:\\xampp\\htdocs...')
#6 C:\xampp\htdocs\WEB\system\View\View.php(213): CodeIgniter\View\View->CodeIgniter\View\{closure}()
#7 C:\xampp\htdocs\WEB\system\View\View.php(226): CodeIgniter\View\View->render('templates/index', Array, true)
#8 C:\xampp\htdocs\WEB\system\Common.php(1089): CodeIgniter\View\View->render('admin/index', Array, true)
#9 C:\xampp\htdocs\WEB\app\Controllers\AdminController.php(10): view('admin/index')
#10 C:\xampp\htdocs\WEB\system\CodeIgniter.php(825): App\Controllers\AdminController->index()
#11 C:\xampp\htdocs\WEB\system\CodeIgniter.php(412): CodeIgniter\CodeIgniter->runController(Object(App\Controllers\AdminController))
#12 C:\xampp\htdocs\WEB\system\CodeIgniter.php(320): CodeIgniter\CodeIgniter->handleRequest(NULL, Object(Config\Cache), false)
#13 C:\xampp\htdocs\WEB\public\index.php(37): CodeIgniter\CodeIgniter->run()
#14 C:\xampp\htdocs\WEB\system\Commands\Server\rewrite.php(43): require_once('C:\\xampp\\htdocs...')
#15 {main}
CRITICAL - 2022-02-20 07:34:14 --> Undefined variable: data
#0 C:\xampp\htdocs\WEB\app\Views\templates\sidebar.php(11): CodeIgniter\Debug\Exceptions->errorHandler(8, 'Undefined varia...', 'C:\\xampp\\htdocs...', 11, Array)
#1 C:\xampp\htdocs\WEB\system\View\View.php(210): include('C:\\xampp\\htdocs...')
#2 C:\xampp\htdocs\WEB\system\View\View.php(213): CodeIgniter\View\View->CodeIgniter\View\{closure}()
#3 C:\xampp\htdocs\WEB\system\View\View.php(424): CodeIgniter\View\View->render('templates/sideb...', NULL, true)
#4 C:\xampp\htdocs\WEB\app\Views\templates\index.php(32): CodeIgniter\View\View->include('templates/sideb...')
#5 C:\xampp\htdocs\WEB\system\View\View.php(210): include('C:\\xampp\\htdocs...')
#6 C:\xampp\htdocs\WEB\system\View\View.php(213): CodeIgniter\View\View->CodeIgniter\View\{closure}()
#7 C:\xampp\htdocs\WEB\system\View\View.php(226): CodeIgniter\View\View->render('templates/index', Array, true)
#8 C:\xampp\htdocs\WEB\system\Common.php(1089): CodeIgniter\View\View->render('admin/index', Array, true)
#9 C:\xampp\htdocs\WEB\app\Controllers\AdminController.php(10): view('admin/index')
#10 C:\xampp\htdocs\WEB\system\CodeIgniter.php(825): App\Controllers\AdminController->index()
#11 C:\xampp\htdocs\WEB\system\CodeIgniter.php(412): CodeIgniter\CodeIgniter->runController(Object(App\Controllers\AdminController))
#12 C:\xampp\htdocs\WEB\system\CodeIgniter.php(320): CodeIgniter\CodeIgniter->handleRequest(NULL, Object(Config\Cache), false)
#13 C:\xampp\htdocs\WEB\public\index.php(37): CodeIgniter\CodeIgniter->run()
#14 C:\xampp\htdocs\WEB\system\Commands\Server\rewrite.php(43): require_once('C:\\xampp\\htdocs...')
#15 {main}
CRITICAL - 2022-02-20 07:42:27 --> role filter must have a matching alias defined.
#0 C:\xampp\htdocs\WEB\system\Filters\Filters.php(340): CodeIgniter\Filters\Exceptions\FilterException::forNoAlias('role')
#1 C:\xampp\htdocs\WEB\system\CodeIgniter.php(377): CodeIgniter\Filters\Filters->enableFilter('role', 'before')
#2 C:\xampp\htdocs\WEB\system\CodeIgniter.php(320): CodeIgniter\CodeIgniter->handleRequest(NULL, Object(Config\Cache), false)
#3 C:\xampp\htdocs\WEB\public\index.php(37): CodeIgniter\CodeIgniter->run()
#4 C:\xampp\htdocs\WEB\system\Commands\Server\rewrite.php(43): require_once('C:\\xampp\\htdocs...')
#5 {main}
CRITICAL - 2022-02-20 07:46:53 --> Auth filter must have a matching alias defined.
#0 C:\xampp\htdocs\WEB\system\Filters\Filters.php(340): CodeIgniter\Filters\Exceptions\FilterException::forNoAlias('Auth')
#1 C:\xampp\htdocs\WEB\system\CodeIgniter.php(377): CodeIgniter\Filters\Filters->enableFilter('Auth', 'before')
#2 C:\xampp\htdocs\WEB\system\CodeIgniter.php(320): CodeIgniter\CodeIgniter->handleRequest(NULL, Object(Config\Cache), false)
#3 C:\xampp\htdocs\WEB\public\index.php(37): CodeIgniter\CodeIgniter->run()
#4 C:\xampp\htdocs\WEB\system\Commands\Server\rewrite.php(43): require_once('C:\\xampp\\htdocs...')
#5 {main}
CRITICAL - 2022-02-20 07:49:22 --> admin filter must have a matching alias defined.
#0 C:\xampp\htdocs\WEB\system\Filters\Filters.php(340): CodeIgniter\Filters\Exceptions\FilterException::forNoAlias('admin')
#1 C:\xampp\htdocs\WEB\system\CodeIgniter.php(377): CodeIgniter\Filters\Filters->enableFilter('admin', 'before')
#2 C:\xampp\htdocs\WEB\system\CodeIgniter.php(320): CodeIgniter\CodeIgniter->handleRequest(NULL, Object(Config\Cache), false)
#3 C:\xampp\htdocs\WEB\public\index.php(37): CodeIgniter\CodeIgniter->run()
#4 C:\xampp\htdocs\WEB\system\Commands\Server\rewrite.php(43): require_once('C:\\xampp\\htdocs...')
#5 {main}
CRITICAL - 2022-02-20 07:49:51 --> permission filter must have a matching alias defined.
#0 C:\xampp\htdocs\WEB\system\Filters\Filters.php(340): CodeIgniter\Filters\Exceptions\FilterException::forNoAlias('permission')
#1 C:\xampp\htdocs\WEB\system\CodeIgniter.php(377): CodeIgniter\Filters\Filters->enableFilter('permission', 'before')
#2 C:\xampp\htdocs\WEB\system\CodeIgniter.php(320): CodeIgniter\CodeIgniter->handleRequest(NULL, Object(Config\Cache), false)
#3 C:\xampp\htdocs\WEB\public\index.php(37): CodeIgniter\CodeIgniter->run()
#4 C:\xampp\htdocs\WEB\system\Commands\Server\rewrite.php(43): require_once('C:\\xampp\\htdocs...')
#5 {main}
CRITICAL - 2022-02-20 07:50:00 --> permission filter must have a matching alias defined.
#0 C:\xampp\htdocs\WEB\system\Filters\Filters.php(340): CodeIgniter\Filters\Exceptions\FilterException::forNoAlias('permission')
#1 C:\xampp\htdocs\WEB\system\CodeIgniter.php(377): CodeIgniter\Filters\Filters->enableFilter('permission', 'before')
#2 C:\xampp\htdocs\WEB\system\CodeIgniter.php(320): CodeIgniter\CodeIgniter->handleRequest(NULL, Object(Config\Cache), false)
#3 C:\xampp\htdocs\WEB\public\index.php(37): CodeIgniter\CodeIgniter->run()
#4 C:\xampp\htdocs\WEB\system\Commands\Server\rewrite.php(43): require_once('C:\\xampp\\htdocs...')
#5 {main}
CRITICAL - 2022-02-20 07:50:04 --> permission filter must have a matching alias defined.
#0 C:\xampp\htdocs\WEB\system\Filters\Filters.php(340): CodeIgniter\Filters\Exceptions\FilterException::forNoAlias('permission')
#1 C:\xampp\htdocs\WEB\system\CodeIgniter.php(377): CodeIgniter\Filters\Filters->enableFilter('permission', 'before')
#2 C:\xampp\htdocs\WEB\system\CodeIgniter.php(320): CodeIgniter\CodeIgniter->handleRequest(NULL, Object(Config\Cache), false)
#3 C:\xampp\htdocs\WEB\public\index.php(37): CodeIgniter\CodeIgniter->run()
#4 C:\xampp\htdocs\WEB\system\Commands\Server\rewrite.php(43): require_once('C:\\xampp\\htdocs...')
#5 {main}
CRITICAL - 2022-02-20 07:53:39 --> role filter must have a matching alias defined.
#0 C:\xampp\htdocs\WEB\system\Filters\Filters.php(340): CodeIgniter\Filters\Exceptions\FilterException::forNoAlias('role')
#1 C:\xampp\htdocs\WEB\system\CodeIgniter.php(377): CodeIgniter\Filters\Filters->enableFilter('role', 'before')
#2 C:\xampp\htdocs\WEB\system\CodeIgniter.php(320): CodeIgniter\CodeIgniter->handleRequest(NULL, Object(Config\Cache), false)
#3 C:\xampp\htdocs\WEB\public\index.php(37): CodeIgniter\CodeIgniter->run()
#4 C:\xampp\htdocs\WEB\system\Commands\Server\rewrite.php(43): require_once('C:\\xampp\\htdocs...')
#5 {main}
CRITICAL - 2022-02-20 07:57:38 --> role filter must have a matching alias defined.
#0 C:\xampp\htdocs\WEB\system\Filters\Filters.php(340): CodeIgniter\Filters\Exceptions\FilterException::forNoAlias('role')
#1 C:\xampp\htdocs\WEB\system\CodeIgniter.php(377): CodeIgniter\Filters\Filters->enableFilter('role', 'before')
#2 C:\xampp\htdocs\WEB\system\CodeIgniter.php(320): CodeIgniter\CodeIgniter->handleRequest(NULL, Object(Config\Cache), false)
#3 C:\xampp\htdocs\WEB\public\index.php(37): CodeIgniter\CodeIgniter->run()
#4 C:\xampp\htdocs\WEB\system\Commands\Server\rewrite.php(43): require_once('C:\\xampp\\htdocs...')
#5 {main}
CRITICAL - 2022-02-20 08:26:01 --> Class 'app\Models\UserModel' not found
#0 C:\xampp\htdocs\WEB\system\CodeIgniter.php(825): App\Controllers\AdminController->index()
#1 C:\xampp\htdocs\WEB\system\CodeIgniter.php(412): CodeIgniter\CodeIgniter->runController(Object(App\Controllers\AdminController))
#2 C:\xampp\htdocs\WEB\system\CodeIgniter.php(320): CodeIgniter\CodeIgniter->handleRequest(NULL, Object(Config\Cache), false)
#3 C:\xampp\htdocs\WEB\public\index.php(37): CodeIgniter\CodeIgniter->run()
#4 C:\xampp\htdocs\WEB\system\Commands\Server\rewrite.php(43): require_once('C:\\xampp\\htdocs...')
#5 {main}
CRITICAL - 2022-02-20 08:26:40 --> Class 'app\Models\UserModel' not found
#0 C:\xampp\htdocs\WEB\system\CodeIgniter.php(825): App\Controllers\AdminController->index()
#1 C:\xampp\htdocs\WEB\system\CodeIgniter.php(412): CodeIgniter\CodeIgniter->runController(Object(App\Controllers\AdminController))
#2 C:\xampp\htdocs\WEB\system\CodeIgniter.php(320): CodeIgniter\CodeIgniter->handleRequest(NULL, Object(Config\Cache), false)
#3 C:\xampp\htdocs\WEB\public\index.php(37): CodeIgniter\CodeIgniter->run()
#4 C:\xampp\htdocs\WEB\system\Commands\Server\rewrite.php(43): require_once('C:\\xampp\\htdocs...')
#5 {main}
CRITICAL - 2022-02-20 08:26:58 --> Class 'App\Controllers\app\Models\UserModel' not found
#0 C:\xampp\htdocs\WEB\system\CodeIgniter.php(825): App\Controllers\AdminController->index()
#1 C:\xampp\htdocs\WEB\system\CodeIgniter.php(412): CodeIgniter\CodeIgniter->runController(Object(App\Controllers\AdminController))
#2 C:\xampp\htdocs\WEB\system\CodeIgniter.php(320): CodeIgniter\CodeIgniter->handleRequest(NULL, Object(Config\Cache), false)
#3 C:\xampp\htdocs\WEB\public\index.php(37): CodeIgniter\CodeIgniter->run()
#4 C:\xampp\htdocs\WEB\system\Commands\Server\rewrite.php(43): require_once('C:\\xampp\\htdocs...')
#5 {main}
CRITICAL - 2022-02-20 08:27:55 --> Class 'App\Controllers\App\Models\UserModel' not found
#0 C:\xampp\htdocs\WEB\system\CodeIgniter.php(825): App\Controllers\AdminController->index()
#1 C:\xampp\htdocs\WEB\system\CodeIgniter.php(412): CodeIgniter\CodeIgniter->runController(Object(App\Controllers\AdminController))
#2 C:\xampp\htdocs\WEB\system\CodeIgniter.php(320): CodeIgniter\CodeIgniter->handleRequest(NULL, Object(Config\Cache), false)
#3 C:\xampp\htdocs\WEB\public\index.php(37): CodeIgniter\CodeIgniter->run()
#4 C:\xampp\htdocs\WEB\system\Commands\Server\rewrite.php(43): require_once('C:\\xampp\\htdocs...')
#5 {main}
CRITICAL - 2022-02-20 08:52:55 --> Trying to get property 'namalengkap' of non-object
#0 C:\xampp\htdocs\WEB\app\Views\admin\index.php(29): CodeIgniter\Debug\Exceptions->errorHandler(8, 'Trying to get p...', 'C:\\xampp\\htdocs...', 29, Array)
#1 C:\xampp\htdocs\WEB\system\View\View.php(210): include('C:\\xampp\\htdocs...')
#2 C:\xampp\htdocs\WEB\system\View\View.php(213): CodeIgniter\View\View->CodeIgniter\View\{closure}()
#3 C:\xampp\htdocs\WEB\system\Common.php(1089): CodeIgniter\View\View->render('admin/index', Array, true)
#4 C:\xampp\htdocs\WEB\app\Controllers\AdminController.php(17): view('admin/index', Array)
#5 C:\xampp\htdocs\WEB\system\CodeIgniter.php(825): App\Controllers\AdminController->index()
#6 C:\xampp\htdocs\WEB\system\CodeIgniter.php(412): CodeIgniter\CodeIgniter->runController(Object(App\Controllers\AdminController))
#7 C:\xampp\htdocs\WEB\system\CodeIgniter.php(320): CodeIgniter\CodeIgniter->handleRequest(NULL, Object(Config\Cache), false)
#8 C:\xampp\htdocs\WEB\public\index.php(37): CodeIgniter\CodeIgniter->run()
#9 C:\xampp\htdocs\WEB\system\Commands\Server\rewrite.php(43): require_once('C:\\xampp\\htdocs...')
#10 {main}
CRITICAL - 2022-02-20 08:54:12 --> Trying to get property 'namalengkap' of non-object
#0 C:\xampp\htdocs\WEB\app\Views\admin\index.php(29): CodeIgniter\Debug\Exceptions->errorHandler(8, 'Trying to get p...', 'C:\\xampp\\htdocs...', 29, Array)
#1 C:\xampp\htdocs\WEB\system\View\View.php(210): include('C:\\xampp\\htdocs...')
#2 C:\xampp\htdocs\WEB\system\View\View.php(213): CodeIgniter\View\View->CodeIgniter\View\{closure}()
#3 C:\xampp\htdocs\WEB\system\Common.php(1089): CodeIgniter\View\View->render('admin/index', Array, true)
#4 C:\xampp\htdocs\WEB\app\Controllers\AdminController.php(17): view('admin/index', Array)
#5 C:\xampp\htdocs\WEB\system\CodeIgniter.php(825): App\Controllers\AdminController->index()
#6 C:\xampp\htdocs\WEB\system\CodeIgniter.php(412): CodeIgniter\CodeIgniter->runController(Object(App\Controllers\AdminController))
#7 C:\xampp\htdocs\WEB\system\CodeIgniter.php(320): CodeIgniter\CodeIgniter->handleRequest(NULL, Object(Config\Cache), false)
#8 C:\xampp\htdocs\WEB\public\index.php(37): CodeIgniter\CodeIgniter->run()
#9 C:\xampp\htdocs\WEB\system\Commands\Server\rewrite.php(43): require_once('C:\\xampp\\htdocs...')
#10 {main}
CRITICAL - 2022-02-20 09:00:58 --> syntax error, unexpected end of file
#0 C:\xampp\htdocs\WEB\system\View\View.php(213): CodeIgniter\View\View->CodeIgniter\View\{closure}()
#1 C:\xampp\htdocs\WEB\system\Common.php(1089): CodeIgniter\View\View->render('admin/index', Array, true)
#2 C:\xampp\htdocs\WEB\app\Controllers\AdminController.php(17): view('admin/index', Array)
#3 C:\xampp\htdocs\WEB\system\CodeIgniter.php(825): App\Controllers\AdminController->index()
#4 C:\xampp\htdocs\WEB\system\CodeIgniter.php(412): CodeIgniter\CodeIgniter->runController(Object(App\Controllers\AdminController))
#5 C:\xampp\htdocs\WEB\system\CodeIgniter.php(320): CodeIgniter\CodeIgniter->handleRequest(NULL, Object(Config\Cache), false)
#6 C:\xampp\htdocs\WEB\public\index.php(37): CodeIgniter\CodeIgniter->run()
#7 C:\xampp\htdocs\WEB\system\Commands\Server\rewrite.php(43): require_once('C:\\xampp\\htdocs...')
#8 {main}
CRITICAL - 2022-02-20 09:02:11 --> Trying to get property 'email' of non-object
#0 C:\xampp\htdocs\WEB\app\Views\admin\index.php(30): CodeIgniter\Debug\Exceptions->errorHandler(8, 'Trying to get p...', 'C:\\xampp\\htdocs...', 30, Array)
#1 C:\xampp\htdocs\WEB\system\View\View.php(210): include('C:\\xampp\\htdocs...')
#2 C:\xampp\htdocs\WEB\system\View\View.php(213): CodeIgniter\View\View->CodeIgniter\View\{closure}()
#3 C:\xampp\htdocs\WEB\system\Common.php(1089): CodeIgniter\View\View->render('admin/index', Array, true)
#4 C:\xampp\htdocs\WEB\app\Controllers\AdminController.php(17): view('admin/index', Array)
#5 C:\xampp\htdocs\WEB\system\CodeIgniter.php(825): App\Controllers\AdminController->index()
#6 C:\xampp\htdocs\WEB\system\CodeIgniter.php(412): CodeIgniter\CodeIgniter->runController(Object(App\Controllers\AdminController))
#7 C:\xampp\htdocs\WEB\system\CodeIgniter.php(320): CodeIgniter\CodeIgniter->handleRequest(NULL, Object(Config\Cache), false)
#8 C:\xampp\htdocs\WEB\public\index.php(37): CodeIgniter\CodeIgniter->run()
#9 C:\xampp\htdocs\WEB\system\Commands\Server\rewrite.php(43): require_once('C:\\xampp\\htdocs...')
#10 {main}
CRITICAL - 2022-02-20 09:05:23 --> Trying to get property 'namalengkap' of non-object
#0 C:\xampp\htdocs\WEB\app\Views\admin\index.php(30): CodeIgniter\Debug\Exceptions->errorHandler(8, 'Trying to get p...', 'C:\\xampp\\htdocs...', 30, Array)
#1 C:\xampp\htdocs\WEB\system\View\View.php(210): include('C:\\xampp\\htdocs...')
#2 C:\xampp\htdocs\WEB\system\View\View.php(213): CodeIgniter\View\View->CodeIgniter\View\{closure}()
#3 C:\xampp\htdocs\WEB\system\Common.php(1089): CodeIgniter\View\View->render('admin/index', Array, true)
#4 C:\xampp\htdocs\WEB\app\Controllers\AdminController.php(17): view('admin/index', Array)
#5 C:\xampp\htdocs\WEB\system\CodeIgniter.php(825): App\Controllers\AdminController->index()
#6 C:\xampp\htdocs\WEB\system\CodeIgniter.php(412): CodeIgniter\CodeIgniter->runController(Object(App\Controllers\AdminController))
#7 C:\xampp\htdocs\WEB\system\CodeIgniter.php(320): CodeIgniter\CodeIgniter->handleRequest(NULL, Object(Config\Cache), false)
#8 C:\xampp\htdocs\WEB\public\index.php(37): CodeIgniter\CodeIgniter->run()
#9 C:\xampp\htdocs\WEB\system\Commands\Server\rewrite.php(43): require_once('C:\\xampp\\htdocs...')
#10 {main}
CRITICAL - 2022-02-20 09:06:07 --> Undefined variable: namalengkap
#0 C:\xampp\htdocs\WEB\app\Views\admin\index.php(30): CodeIgniter\Debug\Exceptions->errorHandler(8, 'Undefined varia...', 'C:\\xampp\\htdocs...', 30, Array)
#1 C:\xampp\htdocs\WEB\system\View\View.php(210): include('C:\\xampp\\htdocs...')
#2 C:\xampp\htdocs\WEB\system\View\View.php(213): CodeIgniter\View\View->CodeIgniter\View\{closure}()
#3 C:\xampp\htdocs\WEB\system\Common.php(1089): CodeIgniter\View\View->render('admin/index', Array, true)
#4 C:\xampp\htdocs\WEB\app\Controllers\AdminController.php(17): view('admin/index', Array)
#5 C:\xampp\htdocs\WEB\system\CodeIgniter.php(825): App\Controllers\AdminController->index()
#6 C:\xampp\htdocs\WEB\system\CodeIgniter.php(412): CodeIgniter\CodeIgniter->runController(Object(App\Controllers\AdminController))
#7 C:\xampp\htdocs\WEB\system\CodeIgniter.php(320): CodeIgniter\CodeIgniter->handleRequest(NULL, Object(Config\Cache), false)
#8 C:\xampp\htdocs\WEB\public\index.php(37): CodeIgniter\CodeIgniter->run()
#9 C:\xampp\htdocs\WEB\system\Commands\Server\rewrite.php(43): require_once('C:\\xampp\\htdocs...')
#10 {main}
CRITICAL - 2022-02-20 09:06:37 --> Undefined variable: namalengkap
#0 C:\xampp\htdocs\WEB\app\Views\admin\index.php(30): CodeIgniter\Debug\Exceptions->errorHandler(8, 'Undefined varia...', 'C:\\xampp\\htdocs...', 30, Array)
#1 C:\xampp\htdocs\WEB\system\View\View.php(210): include('C:\\xampp\\htdocs...')
#2 C:\xampp\htdocs\WEB\system\View\View.php(213): CodeIgniter\View\View->CodeIgniter\View\{closure}()
#3 C:\xampp\htdocs\WEB\system\Common.php(1089): CodeIgniter\View\View->render('admin/index', Array, true)
#4 C:\xampp\htdocs\WEB\app\Controllers\AdminController.php(17): view('admin/index', Array)
#5 C:\xampp\htdocs\WEB\system\CodeIgniter.php(825): App\Controllers\AdminController->index()
#6 C:\xampp\htdocs\WEB\system\CodeIgniter.php(412): CodeIgniter\CodeIgniter->runController(Object(App\Controllers\AdminController))
#7 C:\xampp\htdocs\WEB\system\CodeIgniter.php(320): CodeIgniter\CodeIgniter->handleRequest(NULL, Object(Config\Cache), false)
#8 C:\xampp\htdocs\WEB\public\index.php(37): CodeIgniter\CodeIgniter->run()
#9 C:\xampp\htdocs\WEB\system\Commands\Server\rewrite.php(43): require_once('C:\\xampp\\htdocs...')
#10 {main}
ERROR - 2022-02-20 20:24:16 --> Error connecting to the database: No connection could be made because the target machine actively refused it.

CRITICAL - 2022-02-20 20:24:16 --> Unable to connect to the database.
Main connection [MySQLi]: No connection could be made because the target machine actively refused it.

#0 C:\xampp\htdocs\WEB\system\Database\BaseConnection.php(577): CodeIgniter\Database\BaseConnection->initialize()
#1 C:\xampp\htdocs\WEB\system\Database\BaseBuilder.php(1455): CodeIgniter\Database\BaseConnection->query('SELECT *\nFROM `...', Array, false)
#2 C:\xampp\htdocs\WEB\system\Model.php(210): CodeIgniter\Database\BaseBuilder->get()
#3 C:\xampp\htdocs\WEB\system\BaseModel.php(622): CodeIgniter\Model->doFirst()
#4 C:\xampp\htdocs\WEB\app\Controllers\LoginController.php(24): CodeIgniter\BaseModel->first()
#5 C:\xampp\htdocs\WEB\system\CodeIgniter.php(825): App\Controllers\LoginController->auth()
#6 C:\xampp\htdocs\WEB\system\CodeIgniter.php(412): CodeIgniter\CodeIgniter->runController(Object(App\Controllers\LoginController))
#7 C:\xampp\htdocs\WEB\system\CodeIgniter.php(320): CodeIgniter\CodeIgniter->handleRequest(NULL, Object(Config\Cache), false)
#8 C:\xampp\htdocs\WEB\public\index.php(37): CodeIgniter\CodeIgniter->run()
#9 C:\xampp\htdocs\WEB\system\Commands\Server\rewrite.php(43): require_once('C:\\xampp\\htdocs...')
#10 {main}
CRITICAL - 2022-02-20 20:26:10 --> Trying to get property 'email' of non-object
#0 C:\xampp\htdocs\WEB\app\Views\admin\index.php(31): CodeIgniter\Debug\Exceptions->errorHandler(8, 'Trying to get p...', 'C:\\xampp\\htdocs...', 31, Array)
#1 C:\xampp\htdocs\WEB\system\View\View.php(210): include('C:\\xampp\\htdocs...')
#2 C:\xampp\htdocs\WEB\system\View\View.php(213): CodeIgniter\View\View->CodeIgniter\View\{closure}()
#3 C:\xampp\htdocs\WEB\system\Common.php(1089): CodeIgniter\View\View->render('admin/index', Array, true)
#4 C:\xampp\htdocs\WEB\app\Controllers\AdminController.php(17): view('admin/index', Array)
#5 C:\xampp\htdocs\WEB\system\CodeIgniter.php(825): App\Controllers\AdminController->index()
#6 C:\xampp\htdocs\WEB\system\CodeIgniter.php(412): CodeIgniter\CodeIgniter->runController(Object(App\Controllers\AdminController))
#7 C:\xampp\htdocs\WEB\system\CodeIgniter.php(320): CodeIgniter\CodeIgniter->handleRequest(NULL, Object(Config\Cache), false)
#8 C:\xampp\htdocs\WEB\public\index.php(37): CodeIgniter\CodeIgniter->run()
#9 C:\xampp\htdocs\WEB\system\Commands\Server\rewrite.php(43): require_once('C:\\xampp\\htdocs...')
#10 {main}
CRITICAL - 2022-02-20 22:03:11 --> Undefined variable: users
#0 C:\xampp\htdocs\WEB\app\Controllers\AdminController.php(19): CodeIgniter\Debug\Exceptions->errorHandler(8, 'Undefined varia...', 'C:\\xampp\\htdocs...', 19, Array)
#1 C:\xampp\htdocs\WEB\system\CodeIgniter.php(825): App\Controllers\AdminController->index()
#2 C:\xampp\htdocs\WEB\system\CodeIgniter.php(412): CodeIgniter\CodeIgniter->runController(Object(App\Controllers\AdminController))
#3 C:\xampp\htdocs\WEB\system\CodeIgniter.php(320): CodeIgniter\CodeIgniter->handleRequest(NULL, Object(Config\Cache), false)
#4 C:\xampp\htdocs\WEB\public\index.php(37): CodeIgniter\CodeIgniter->run()
#5 C:\xampp\htdocs\WEB\system\Commands\Server\rewrite.php(43): require_once('C:\\xampp\\htdocs...')
#6 {main}
CRITICAL - 2022-02-20 22:05:01 --> Undefined variable: users
#0 C:\xampp\htdocs\WEB\app\Controllers\AdminController.php(11): CodeIgniter\Debug\Exceptions->errorHandler(8, 'Undefined varia...', 'C:\\xampp\\htdocs...', 11, Array)
#1 C:\xampp\htdocs\WEB\system\CodeIgniter.php(802): App\Controllers\AdminController->__construct()
#2 C:\xampp\htdocs\WEB\system\CodeIgniter.php(403): CodeIgniter\CodeIgniter->createController()
#3 C:\xampp\htdocs\WEB\system\CodeIgniter.php(320): CodeIgniter\CodeIgniter->handleRequest(NULL, Object(Config\Cache), false)
#4 C:\xampp\htdocs\WEB\public\index.php(37): CodeIgniter\CodeIgniter->run()
#5 C:\xampp\htdocs\WEB\system\Commands\Server\rewrite.php(43): require_once('C:\\xampp\\htdocs...')
#6 {main}
CRITICAL - 2022-02-20 22:13:16 --> Call to undefined method App\Models\UserModel::getRow
#0 C:\xampp\htdocs\WEB\app\Controllers\AdminController.php(24): CodeIgniter\Model->__call('getRow', Array)
#1 C:\xampp\htdocs\WEB\system\CodeIgniter.php(825): App\Controllers\AdminController->detail()
#2 C:\xampp\htdocs\WEB\system\CodeIgniter.php(412): CodeIgniter\CodeIgniter->runController(Object(App\Controllers\AdminController))
#3 C:\xampp\htdocs\WEB\system\CodeIgniter.php(320): CodeIgniter\CodeIgniter->handleRequest(NULL, Object(Config\Cache), false)
#4 C:\xampp\htdocs\WEB\public\index.php(37): CodeIgniter\CodeIgniter->run()
#5 C:\xampp\htdocs\WEB\system\Commands\Server\rewrite.php(43): require_once('C:\\xampp\\htdocs...')
#6 {main}
CRITICAL - 2022-02-20 22:50:56 --> Call to undefined method App\Models\UserModel::getRow
#0 C:\xampp\htdocs\WEB\app\Controllers\AdminController.php(31): CodeIgniter\Model->__call('getRow', Array)
#1 C:\xampp\htdocs\WEB\system\CodeIgniter.php(825): App\Controllers\AdminController->detail()
#2 C:\xampp\htdocs\WEB\system\CodeIgniter.php(412): CodeIgniter\CodeIgniter->runController(Object(App\Controllers\AdminController))
#3 C:\xampp\htdocs\WEB\system\CodeIgniter.php(320): CodeIgniter\CodeIgniter->handleRequest(NULL, Object(Config\Cache), false)
#4 C:\xampp\htdocs\WEB\public\index.php(37): CodeIgniter\CodeIgniter->run()
#5 C:\xampp\htdocs\WEB\system\Commands\Server\rewrite.php(43): require_once('C:\\xampp\\htdocs...')
#6 {main}
CRITICAL - 2022-02-20 22:50:57 --> Call to undefined method App\Models\UserModel::getRow
#0 C:\xampp\htdocs\WEB\app\Controllers\AdminController.php(31): CodeIgniter\Model->__call('getRow', Array)
#1 C:\xampp\htdocs\WEB\system\CodeIgniter.php(825): App\Controllers\AdminController->detail()
#2 C:\xampp\htdocs\WEB\system\CodeIgniter.php(412): CodeIgniter\CodeIgniter->runController(Object(App\Controllers\AdminController))
#3 C:\xampp\htdocs\WEB\system\CodeIgniter.php(320): CodeIgniter\CodeIgniter->handleRequest(NULL, Object(Config\Cache), false)
#4 C:\xampp\htdocs\WEB\public\index.php(37): CodeIgniter\CodeIgniter->run()
#5 C:\xampp\htdocs\WEB\system\Commands\Server\rewrite.php(43): require_once('C:\\xampp\\htdocs...')
#6 {main}
CRITICAL - 2022-02-20 22:50:58 --> Call to undefined method App\Models\UserModel::getRow
#0 C:\xampp\htdocs\WEB\app\Controllers\AdminController.php(31): CodeIgniter\Model->__call('getRow', Array)
#1 C:\xampp\htdocs\WEB\system\CodeIgniter.php(825): App\Controllers\AdminController->detail()
#2 C:\xampp\htdocs\WEB\system\CodeIgniter.php(412): CodeIgniter\CodeIgniter->runController(Object(App\Controllers\AdminController))
#3 C:\xampp\htdocs\WEB\system\CodeIgniter.php(320): CodeIgniter\CodeIgniter->handleRequest(NULL, Object(Config\Cache), false)
#4 C:\xampp\htdocs\WEB\public\index.php(37): CodeIgniter\CodeIgniter->run()
#5 C:\xampp\htdocs\WEB\system\Commands\Server\rewrite.php(43): require_once('C:\\xampp\\htdocs...')
#6 {main}
CRITICAL - 2022-02-20 22:51:18 --> Class 'App\Controllers\UserModel' not found
#0 C:\xampp\htdocs\WEB\system\CodeIgniter.php(825): App\Controllers\AdminController->detail()
#1 C:\xampp\htdocs\WEB\system\CodeIgniter.php(412): CodeIgniter\CodeIgniter->runController(Object(App\Controllers\AdminController))
#2 C:\xampp\htdocs\WEB\system\CodeIgniter.php(320): CodeIgniter\CodeIgniter->handleRequest(NULL, Object(Config\Cache), false)
#3 C:\xampp\htdocs\WEB\public\index.php(37): CodeIgniter\CodeIgniter->run()
#4 C:\xampp\htdocs\WEB\system\Commands\Server\rewrite.php(43): require_once('C:\\xampp\\htdocs...')
#5 {main}
CRITICAL - 2022-02-20 22:51:53 --> Use of undefined constant users - assumed 'users' (this will throw an Error in a future version of PHP)
#0 C:\xampp\htdocs\WEB\app\Views\admin\detail.php(10): CodeIgniter\Debug\Exceptions->errorHandler(2, 'Use of undefine...', 'C:\\xampp\\htdocs...', 10, Array)
#1 C:\xampp\htdocs\WEB\system\View\View.php(210): include('C:\\xampp\\htdocs...')
#2 C:\xampp\htdocs\WEB\system\View\View.php(213): CodeIgniter\View\View->CodeIgniter\View\{closure}()
#3 C:\xampp\htdocs\WEB\system\Common.php(1089): CodeIgniter\View\View->render('admin/detail', Array, true)
#4 C:\xampp\htdocs\WEB\app\Controllers\AdminController.php(36): view('admin/detail', Array)
#5 C:\xampp\htdocs\WEB\system\CodeIgniter.php(825): App\Controllers\AdminController->detail()
#6 C:\xampp\htdocs\WEB\system\CodeIgniter.php(412): CodeIgniter\CodeIgniter->runController(Object(App\Controllers\AdminController))
#7 C:\xampp\htdocs\WEB\system\CodeIgniter.php(320): CodeIgniter\CodeIgniter->handleRequest(NULL, Object(Config\Cache), false)
#8 C:\xampp\htdocs\WEB\public\index.php(37): CodeIgniter\CodeIgniter->run()
#9 C:\xampp\htdocs\WEB\system\Commands\Server\rewrite.php(43): require_once('C:\\xampp\\htdocs...')
#10 {main}
CRITICAL - 2022-02-20 22:52:45 --> Cannot use object of type stdClass as array
#0 C:\xampp\htdocs\WEB\system\View\View.php(210): include()
#1 C:\xampp\htdocs\WEB\system\View\View.php(213): CodeIgniter\View\View->CodeIgniter\View\{closure}()
#2 C:\xampp\htdocs\WEB\system\Common.php(1089): CodeIgniter\View\View->render('admin/index', Array, true)
#3 C:\xampp\htdocs\WEB\app\Controllers\AdminController.php(24): view('admin/index', Array)
#4 C:\xampp\htdocs\WEB\system\CodeIgniter.php(825): App\Controllers\AdminController->index()
#5 C:\xampp\htdocs\WEB\system\CodeIgniter.php(412): CodeIgniter\CodeIgniter->runController(Object(App\Controllers\AdminController))
#6 C:\xampp\htdocs\WEB\system\CodeIgniter.php(320): CodeIgniter\CodeIgniter->handleRequest(NULL, Object(Config\Cache), false)
#7 C:\xampp\htdocs\WEB\public\index.php(37): CodeIgniter\CodeIgniter->run()
#8 C:\xampp\htdocs\WEB\system\Commands\Server\rewrite.php(43): require_once('C:\\xampp\\htdocs...')
#9 {main}
CRITICAL - 2022-02-20 22:52:52 --> Cannot use object of type stdClass as array
#0 C:\xampp\htdocs\WEB\system\View\View.php(210): include()
#1 C:\xampp\htdocs\WEB\system\View\View.php(213): CodeIgniter\View\View->CodeIgniter\View\{closure}()
#2 C:\xampp\htdocs\WEB\system\Common.php(1089): CodeIgniter\View\View->render('admin/index', Array, true)
#3 C:\xampp\htdocs\WEB\app\Controllers\AdminController.php(24): view('admin/index', Array)
#4 C:\xampp\htdocs\WEB\system\CodeIgniter.php(825): App\Controllers\AdminController->index()
#5 C:\xampp\htdocs\WEB\system\CodeIgniter.php(412): CodeIgniter\CodeIgniter->runController(Object(App\Controllers\AdminController))
#6 C:\xampp\htdocs\WEB\system\CodeIgniter.php(320): CodeIgniter\CodeIgniter->handleRequest(NULL, Object(Config\Cache), false)
#7 C:\xampp\htdocs\WEB\public\index.php(37): CodeIgniter\CodeIgniter->run()
#8 C:\xampp\htdocs\WEB\system\Commands\Server\rewrite.php(43): require_once('C:\\xampp\\htdocs...')
#9 {main}
CRITICAL - 2022-02-20 22:52:56 --> Cannot use object of type stdClass as array
#0 C:\xampp\htdocs\WEB\system\View\View.php(210): include()
#1 C:\xampp\htdocs\WEB\system\View\View.php(213): CodeIgniter\View\View->CodeIgniter\View\{closure}()
#2 C:\xampp\htdocs\WEB\system\Common.php(1089): CodeIgniter\View\View->render('admin/index', Array, true)
#3 C:\xampp\htdocs\WEB\app\Controllers\AdminController.php(24): view('admin/index', Array)
#4 C:\xampp\htdocs\WEB\system\CodeIgniter.php(825): App\Controllers\AdminController->index()
#5 C:\xampp\htdocs\WEB\system\CodeIgniter.php(412): CodeIgniter\CodeIgniter->runController(Object(App\Controllers\AdminController))
#6 C:\xampp\htdocs\WEB\system\CodeIgniter.php(320): CodeIgniter\CodeIgniter->handleRequest(NULL, Object(Config\Cache), false)
#7 C:\xampp\htdocs\WEB\public\index.php(37): CodeIgniter\CodeIgniter->run()
#8 C:\xampp\htdocs\WEB\system\Commands\Server\rewrite.php(43): require_once('C:\\xampp\\htdocs...')
#9 {main}
CRITICAL - 2022-02-20 22:54:41 --> Call to undefined function App\Controllers\select()
#0 C:\xampp\htdocs\WEB\system\CodeIgniter.php(825): App\Controllers\AdminController->index()
#1 C:\xampp\htdocs\WEB\system\CodeIgniter.php(412): CodeIgniter\CodeIgniter->runController(Object(App\Controllers\AdminController))
#2 C:\xampp\htdocs\WEB\system\CodeIgniter.php(320): CodeIgniter\CodeIgniter->handleRequest(NULL, Object(Config\Cache), false)
#3 C:\xampp\htdocs\WEB\public\index.php(37): CodeIgniter\CodeIgniter->run()
#4 C:\xampp\htdocs\WEB\system\Commands\Server\rewrite.php(43): require_once('C:\\xampp\\htdocs...')
#5 {main}
CRITICAL - 2022-02-20 22:55:11 --> Call to undefined function App\Controllers\select()
#0 C:\xampp\htdocs\WEB\system\CodeIgniter.php(825): App\Controllers\AdminController->index()
#1 C:\xampp\htdocs\WEB\system\CodeIgniter.php(412): CodeIgniter\CodeIgniter->runController(Object(App\Controllers\AdminController))
#2 C:\xampp\htdocs\WEB\system\CodeIgniter.php(320): CodeIgniter\CodeIgniter->handleRequest(NULL, Object(Config\Cache), false)
#3 C:\xampp\htdocs\WEB\public\index.php(37): CodeIgniter\CodeIgniter->run()
#4 C:\xampp\htdocs\WEB\system\Commands\Server\rewrite.php(43): require_once('C:\\xampp\\htdocs...')
#5 {main}
CRITICAL - 2022-02-20 22:56:46 --> Call to undefined function App\Controllers\select()
#0 C:\xampp\htdocs\WEB\system\CodeIgniter.php(825): App\Controllers\AdminController->index()
#1 C:\xampp\htdocs\WEB\system\CodeIgniter.php(412): CodeIgniter\CodeIgniter->runController(Object(App\Controllers\AdminController))
#2 C:\xampp\htdocs\WEB\system\CodeIgniter.php(320): CodeIgniter\CodeIgniter->handleRequest(NULL, Object(Config\Cache), false)
#3 C:\xampp\htdocs\WEB\public\index.php(37): CodeIgniter\CodeIgniter->run()
#4 C:\xampp\htdocs\WEB\system\Commands\Server\rewrite.php(43): require_once('C:\\xampp\\htdocs...')
#5 {main}
CRITICAL - 2022-02-20 22:57:00 --> Cannot use object of type stdClass as array
#0 C:\xampp\htdocs\WEB\system\View\View.php(210): include()
#1 C:\xampp\htdocs\WEB\system\View\View.php(213): CodeIgniter\View\View->CodeIgniter\View\{closure}()
#2 C:\xampp\htdocs\WEB\system\Common.php(1089): CodeIgniter\View\View->render('admin/index', Array, true)
#3 C:\xampp\htdocs\WEB\app\Controllers\AdminController.php(24): view('admin/index', Array)
#4 C:\xampp\htdocs\WEB\system\CodeIgniter.php(825): App\Controllers\AdminController->index()
#5 C:\xampp\htdocs\WEB\system\CodeIgniter.php(412): CodeIgniter\CodeIgniter->runController(Object(App\Controllers\AdminController))
#6 C:\xampp\htdocs\WEB\system\CodeIgniter.php(320): CodeIgniter\CodeIgniter->handleRequest(NULL, Object(Config\Cache), false)
#7 C:\xampp\htdocs\WEB\public\index.php(37): CodeIgniter\CodeIgniter->run()
#8 C:\xampp\htdocs\WEB\system\Commands\Server\rewrite.php(43): require_once('C:\\xampp\\htdocs...')
#9 {main}
CRITICAL - 2022-02-20 22:58:54 --> Undefined variable: query
#0 C:\xampp\htdocs\WEB\app\Controllers\AdminController.php(22): CodeIgniter\Debug\Exceptions->errorHandler(8, 'Undefined varia...', 'C:\\xampp\\htdocs...', 22, Array)
#1 C:\xampp\htdocs\WEB\system\CodeIgniter.php(825): App\Controllers\AdminController->index()
#2 C:\xampp\htdocs\WEB\system\CodeIgniter.php(412): CodeIgniter\CodeIgniter->runController(Object(App\Controllers\AdminController))
#3 C:\xampp\htdocs\WEB\system\CodeIgniter.php(320): CodeIgniter\CodeIgniter->handleRequest(NULL, Object(Config\Cache), false)
#4 C:\xampp\htdocs\WEB\public\index.php(37): CodeIgniter\CodeIgniter->run()
#5 C:\xampp\htdocs\WEB\system\Commands\Server\rewrite.php(43): require_once('C:\\xampp\\htdocs...')
#6 {main}
CRITICAL - 2022-02-20 22:59:31 --> Undefined variable: users
#0 C:\xampp\htdocs\WEB\app\Controllers\AdminController.php(22): CodeIgniter\Debug\Exceptions->errorHandler(8, 'Undefined varia...', 'C:\\xampp\\htdocs...', 22, Array)
#1 C:\xampp\htdocs\WEB\system\CodeIgniter.php(825): App\Controllers\AdminController->index()
#2 C:\xampp\htdocs\WEB\system\CodeIgniter.php(412): CodeIgniter\CodeIgniter->runController(Object(App\Controllers\AdminController))
#3 C:\xampp\htdocs\WEB\system\CodeIgniter.php(320): CodeIgniter\CodeIgniter->handleRequest(NULL, Object(Config\Cache), false)
#4 C:\xampp\htdocs\WEB\public\index.php(37): CodeIgniter\CodeIgniter->run()
#5 C:\xampp\htdocs\WEB\system\Commands\Server\rewrite.php(43): require_once('C:\\xampp\\htdocs...')
#6 {main}
CRITICAL - 2022-02-20 23:00:08 --> Call to undefined method App\Models\UserModel::getRow
#0 C:\xampp\htdocs\WEB\app\Controllers\AdminController.php(25): CodeIgniter\Model->__call('getRow', Array)
#1 C:\xampp\htdocs\WEB\system\CodeIgniter.php(825): App\Controllers\AdminController->detail()
#2 C:\xampp\htdocs\WEB\system\CodeIgniter.php(412): CodeIgniter\CodeIgniter->runController(Object(App\Controllers\AdminController))
#3 C:\xampp\htdocs\WEB\system\CodeIgniter.php(320): CodeIgniter\CodeIgniter->handleRequest(NULL, Object(Config\Cache), false)
#4 C:\xampp\htdocs\WEB\public\index.php(37): CodeIgniter\CodeIgniter->run()
#5 C:\xampp\htdocs\WEB\system\Commands\Server\rewrite.php(43): require_once('C:\\xampp\\htdocs...')
#6 {main}
CRITICAL - 2022-02-20 23:13:01 --> Call to undefined method App\Models\UserModel::getRow
#0 C:\xampp\htdocs\WEB\app\Controllers\AdminController.php(25): CodeIgniter\Model->__call('getRow', Array)
#1 C:\xampp\htdocs\WEB\system\CodeIgniter.php(825): App\Controllers\AdminController->detail()
#2 C:\xampp\htdocs\WEB\system\CodeIgniter.php(412): CodeIgniter\CodeIgniter->runController(Object(App\Controllers\AdminController))
#3 C:\xampp\htdocs\WEB\system\CodeIgniter.php(320): CodeIgniter\CodeIgniter->handleRequest(NULL, Object(Config\Cache), false)
#4 C:\xampp\htdocs\WEB\public\index.php(37): CodeIgniter\CodeIgniter->run()
#5 C:\xampp\htdocs\WEB\system\Commands\Server\rewrite.php(43): require_once('C:\\xampp\\htdocs...')
#6 {main}
CRITICAL - 2022-02-20 23:15:25 --> Trying to get property 'namalengkap' of non-object
#0 C:\xampp\htdocs\WEB\app\Views\admin\index.php(30): CodeIgniter\Debug\Exceptions->errorHandler(8, 'Trying to get p...', 'C:\\xampp\\htdocs...', 30, Array)
#1 C:\xampp\htdocs\WEB\system\View\View.php(210): include('C:\\xampp\\htdocs...')
#2 C:\xampp\htdocs\WEB\system\View\View.php(213): CodeIgniter\View\View->CodeIgniter\View\{closure}()
#3 C:\xampp\htdocs\WEB\system\Common.php(1089): CodeIgniter\View\View->render('admin/index', Array, true)
#4 C:\xampp\htdocs\WEB\app\Controllers\AdminController.php(18): view('admin/index', Array)
#5 C:\xampp\htdocs\WEB\system\CodeIgniter.php(825): App\Controllers\AdminController->index()
#6 C:\xampp\htdocs\WEB\system\CodeIgniter.php(412): CodeIgniter\CodeIgniter->runController(Object(App\Controllers\AdminController))
#7 C:\xampp\htdocs\WEB\system\CodeIgniter.php(320): CodeIgniter\CodeIgniter->handleRequest(NULL, Object(Config\Cache), false)
#8 C:\xampp\htdocs\WEB\public\index.php(37): CodeIgniter\CodeIgniter->run()
#9 C:\xampp\htdocs\WEB\system\Commands\Server\rewrite.php(43): require_once('C:\\xampp\\htdocs...')
#10 {main}
CRITICAL - 2022-02-20 23:20:44 --> Cannot use object of type stdClass as array
#0 C:\xampp\htdocs\WEB\system\View\View.php(210): include()
#1 C:\xampp\htdocs\WEB\system\View\View.php(213): CodeIgniter\View\View->CodeIgniter\View\{closure}()
#2 C:\xampp\htdocs\WEB\system\Common.php(1089): CodeIgniter\View\View->render('admin/index', Array, true)
#3 C:\xampp\htdocs\WEB\app\Controllers\AdminController.php(18): view('admin/index', Array)
#4 C:\xampp\htdocs\WEB\system\CodeIgniter.php(825): App\Controllers\AdminController->index()
#5 C:\xampp\htdocs\WEB\system\CodeIgniter.php(412): CodeIgniter\CodeIgniter->runController(Object(App\Controllers\AdminController))
#6 C:\xampp\htdocs\WEB\system\CodeIgniter.php(320): CodeIgniter\CodeIgniter->handleRequest(NULL, Object(Config\Cache), false)
#7 C:\xampp\htdocs\WEB\public\index.php(37): CodeIgniter\CodeIgniter->run()
#8 C:\xampp\htdocs\WEB\system\Commands\Server\rewrite.php(43): require_once('C:\\xampp\\htdocs...')
#9 {main}
CRITICAL - 2022-02-20 23:21:40 --> Cannot use object of type stdClass as array
#0 C:\xampp\htdocs\WEB\system\View\View.php(210): include()
#1 C:\xampp\htdocs\WEB\system\View\View.php(213): CodeIgniter\View\View->CodeIgniter\View\{closure}()
#2 C:\xampp\htdocs\WEB\system\Common.php(1089): CodeIgniter\View\View->render('admin/index', Array, true)
#3 C:\xampp\htdocs\WEB\app\Controllers\AdminController.php(18): view('admin/index', Array)
#4 C:\xampp\htdocs\WEB\system\CodeIgniter.php(825): App\Controllers\AdminController->index()
#5 C:\xampp\htdocs\WEB\system\CodeIgniter.php(412): CodeIgniter\CodeIgniter->runController(Object(App\Controllers\AdminController))
#6 C:\xampp\htdocs\WEB\system\CodeIgniter.php(320): CodeIgniter\CodeIgniter->handleRequest(NULL, Object(Config\Cache), false)
#7 C:\xampp\htdocs\WEB\public\index.php(37): CodeIgniter\CodeIgniter->run()
#8 C:\xampp\htdocs\WEB\system\Commands\Server\rewrite.php(43): require_once('C:\\xampp\\htdocs...')
#9 {main}
CRITICAL - 2022-02-20 23:22:18 --> Undefined variable: data
#0 C:\xampp\htdocs\WEB\app\Views\admin\index.php(27): CodeIgniter\Debug\Exceptions->errorHandler(8, 'Undefined varia...', 'C:\\xampp\\htdocs...', 27, Array)
#1 C:\xampp\htdocs\WEB\system\View\View.php(210): include('C:\\xampp\\htdocs...')
#2 C:\xampp\htdocs\WEB\system\View\View.php(213): CodeIgniter\View\View->CodeIgniter\View\{closure}()
#3 C:\xampp\htdocs\WEB\system\Common.php(1089): CodeIgniter\View\View->render('admin/index', Array, true)
#4 C:\xampp\htdocs\WEB\app\Controllers\AdminController.php(18): view('admin/index', Array)
#5 C:\xampp\htdocs\WEB\system\CodeIgniter.php(825): App\Controllers\AdminController->index()
#6 C:\xampp\htdocs\WEB\system\CodeIgniter.php(412): CodeIgniter\CodeIgniter->runController(Object(App\Controllers\AdminController))
#7 C:\xampp\htdocs\WEB\system\CodeIgniter.php(320): CodeIgniter\CodeIgniter->handleRequest(NULL, Object(Config\Cache), false)
#8 C:\xampp\htdocs\WEB\public\index.php(37): CodeIgniter\CodeIgniter->run()
#9 C:\xampp\htdocs\WEB\system\Commands\Server\rewrite.php(43): require_once('C:\\xampp\\htdocs...')
#10 {main}
CRITICAL - 2022-02-20 23:25:02 --> Undefined variable: dataus
#0 C:\xampp\htdocs\WEB\app\Views\admin\index.php(27): CodeIgniter\Debug\Exceptions->errorHandler(8, 'Undefined varia...', 'C:\\xampp\\htdocs...', 27, Array)
#1 C:\xampp\htdocs\WEB\system\View\View.php(210): include('C:\\xampp\\htdocs...')
#2 C:\xampp\htdocs\WEB\system\View\View.php(213): CodeIgniter\View\View->CodeIgniter\View\{closure}()
#3 C:\xampp\htdocs\WEB\system\Common.php(1089): CodeIgniter\View\View->render('admin/index', Array, true)
#4 C:\xampp\htdocs\WEB\app\Controllers\AdminController.php(18): view('admin/index', Array)
#5 C:\xampp\htdocs\WEB\system\CodeIgniter.php(825): App\Controllers\AdminController->index()
#6 C:\xampp\htdocs\WEB\system\CodeIgniter.php(412): CodeIgniter\CodeIgniter->runController(Object(App\Controllers\AdminController))
#7 C:\xampp\htdocs\WEB\system\CodeIgniter.php(320): CodeIgniter\CodeIgniter->handleRequest(NULL, Object(Config\Cache), false)
#8 C:\xampp\htdocs\WEB\public\index.php(37): CodeIgniter\CodeIgniter->run()
#9 C:\xampp\htdocs\WEB\system\Commands\Server\rewrite.php(43): require_once('C:\\xampp\\htdocs...')
#10 {main}
CRITICAL - 2022-02-20 23:27:21 --> Undefined variable: dataus
#0 C:\xampp\htdocs\WEB\app\Views\admin\index.php(27): CodeIgniter\Debug\Exceptions->errorHandler(8, 'Undefined varia...', 'C:\\xampp\\htdocs...', 27, Array)
#1 C:\xampp\htdocs\WEB\system\View\View.php(210): include('C:\\xampp\\htdocs...')
#2 C:\xampp\htdocs\WEB\system\View\View.php(213): CodeIgniter\View\View->CodeIgniter\View\{closure}()
#3 C:\xampp\htdocs\WEB\system\Common.php(1089): CodeIgniter\View\View->render('admin/index', Array, true)
#4 C:\xampp\htdocs\WEB\app\Controllers\AdminController.php(18): view('admin/index', Array)
#5 C:\xampp\htdocs\WEB\system\CodeIgniter.php(825): App\Controllers\AdminController->index()
#6 C:\xampp\htdocs\WEB\system\CodeIgniter.php(412): CodeIgniter\CodeIgniter->runController(Object(App\Controllers\AdminController))
#7 C:\xampp\htdocs\WEB\system\CodeIgniter.php(320): CodeIgniter\CodeIgniter->handleRequest(NULL, Object(Config\Cache), false)
#8 C:\xampp\htdocs\WEB\public\index.php(37): CodeIgniter\CodeIgniter->run()
#9 C:\xampp\htdocs\WEB\system\Commands\Server\rewrite.php(43): require_once('C:\\xampp\\htdocs...')
#10 {main}
CRITICAL - 2022-02-20 23:27:38 --> Cannot use object of type stdClass as array
#0 C:\xampp\htdocs\WEB\system\View\View.php(210): include()
#1 C:\xampp\htdocs\WEB\system\View\View.php(213): CodeIgniter\View\View->CodeIgniter\View\{closure}()
#2 C:\xampp\htdocs\WEB\system\Common.php(1089): CodeIgniter\View\View->render('admin/index', Array, true)
#3 C:\xampp\htdocs\WEB\app\Controllers\AdminController.php(18): view('admin/index', Array)
#4 C:\xampp\htdocs\WEB\system\CodeIgniter.php(825): App\Controllers\AdminController->index()
#5 C:\xampp\htdocs\WEB\system\CodeIgniter.php(412): CodeIgniter\CodeIgniter->runController(Object(App\Controllers\AdminController))
#6 C:\xampp\htdocs\WEB\system\CodeIgniter.php(320): CodeIgniter\CodeIgniter->handleRequest(NULL, Object(Config\Cache), false)
#7 C:\xampp\htdocs\WEB\public\index.php(37): CodeIgniter\CodeIgniter->run()
#8 C:\xampp\htdocs\WEB\system\Commands\Server\rewrite.php(43): require_once('C:\\xampp\\htdocs...')
#9 {main}
CRITICAL - 2022-02-20 23:27:57 --> Cannot use object of type stdClass as array
#0 C:\xampp\htdocs\WEB\system\View\View.php(210): include()
#1 C:\xampp\htdocs\WEB\system\View\View.php(213): CodeIgniter\View\View->CodeIgniter\View\{closure}()
#2 C:\xampp\htdocs\WEB\system\Common.php(1089): CodeIgniter\View\View->render('admin/index', Array, true)
#3 C:\xampp\htdocs\WEB\app\Controllers\AdminController.php(18): view('admin/index', Array)
#4 C:\xampp\htdocs\WEB\system\CodeIgniter.php(825): App\Controllers\AdminController->index()
#5 C:\xampp\htdocs\WEB\system\CodeIgniter.php(412): CodeIgniter\CodeIgniter->runController(Object(App\Controllers\AdminController))
#6 C:\xampp\htdocs\WEB\system\CodeIgniter.php(320): CodeIgniter\CodeIgniter->handleRequest(NULL, Object(Config\Cache), false)
#7 C:\xampp\htdocs\WEB\public\index.php(37): CodeIgniter\CodeIgniter->run()
#8 C:\xampp\htdocs\WEB\system\Commands\Server\rewrite.php(43): require_once('C:\\xampp\\htdocs...')
#9 {main}
CRITICAL - 2022-02-20 23:28:40 --> Class 'App\Controllers\UserModel' not found
#0 C:\xampp\htdocs\WEB\system\CodeIgniter.php(825): App\Controllers\AdminController->index()
#1 C:\xampp\htdocs\WEB\system\CodeIgniter.php(412): CodeIgniter\CodeIgniter->runController(Object(App\Controllers\AdminController))
#2 C:\xampp\htdocs\WEB\system\CodeIgniter.php(320): CodeIgniter\CodeIgniter->handleRequest(NULL, Object(Config\Cache), false)
#3 C:\xampp\htdocs\WEB\public\index.php(37): CodeIgniter\CodeIgniter->run()
#4 C:\xampp\htdocs\WEB\system\Commands\Server\rewrite.php(43): require_once('C:\\xampp\\htdocs...')
#5 {main}
CRITICAL - 2022-02-20 23:29:04 --> Cannot use object of type stdClass as array
#0 C:\xampp\htdocs\WEB\system\View\View.php(210): include()
#1 C:\xampp\htdocs\WEB\system\View\View.php(213): CodeIgniter\View\View->CodeIgniter\View\{closure}()
#2 C:\xampp\htdocs\WEB\system\Common.php(1089): CodeIgniter\View\View->render('admin/index', Array, true)
#3 C:\xampp\htdocs\WEB\app\Controllers\AdminController.php(18): view('admin/index', Array)
#4 C:\xampp\htdocs\WEB\system\CodeIgniter.php(825): App\Controllers\AdminController->index()
#5 C:\xampp\htdocs\WEB\system\CodeIgniter.php(412): CodeIgniter\CodeIgniter->runController(Object(App\Controllers\AdminController))
#6 C:\xampp\htdocs\WEB\system\CodeIgniter.php(320): CodeIgniter\CodeIgniter->handleRequest(NULL, Object(Config\Cache), false)
#7 C:\xampp\htdocs\WEB\public\index.php(37): CodeIgniter\CodeIgniter->run()
#8 C:\xampp\htdocs\WEB\system\Commands\Server\rewrite.php(43): require_once('C:\\xampp\\htdocs...')
#9 {main}
CRITICAL - 2022-02-20 23:29:17 --> Cannot use object of type stdClass as array
#0 C:\xampp\htdocs\WEB\system\View\View.php(210): include()
#1 C:\xampp\htdocs\WEB\system\View\View.php(213): CodeIgniter\View\View->CodeIgniter\View\{closure}()
#2 C:\xampp\htdocs\WEB\system\Common.php(1089): CodeIgniter\View\View->render('admin/index', Array, true)
#3 C:\xampp\htdocs\WEB\app\Controllers\AdminController.php(18): view('admin/index', Array)
#4 C:\xampp\htdocs\WEB\system\CodeIgniter.php(825): App\Controllers\AdminController->index()
#5 C:\xampp\htdocs\WEB\system\CodeIgniter.php(412): CodeIgniter\CodeIgniter->runController(Object(App\Controllers\AdminController))
#6 C:\xampp\htdocs\WEB\system\CodeIgniter.php(320): CodeIgniter\CodeIgniter->handleRequest(NULL, Object(Config\Cache), false)
#7 C:\xampp\htdocs\WEB\public\index.php(37): CodeIgniter\CodeIgniter->run()
#8 C:\xampp\htdocs\WEB\system\Commands\Server\rewrite.php(43): require_once('C:\\xampp\\htdocs...')
#9 {main}
CRITICAL - 2022-02-20 23:29:18 --> Cannot use object of type stdClass as array
#0 C:\xampp\htdocs\WEB\system\View\View.php(210): include()
#1 C:\xampp\htdocs\WEB\system\View\View.php(213): CodeIgniter\View\View->CodeIgniter\View\{closure}()
#2 C:\xampp\htdocs\WEB\system\Common.php(1089): CodeIgniter\View\View->render('admin/index', Array, true)
#3 C:\xampp\htdocs\WEB\app\Controllers\AdminController.php(18): view('admin/index', Array)
#4 C:\xampp\htdocs\WEB\system\CodeIgniter.php(825): App\Controllers\AdminController->index()
#5 C:\xampp\htdocs\WEB\system\CodeIgniter.php(412): CodeIgniter\CodeIgniter->runController(Object(App\Controllers\AdminController))
#6 C:\xampp\htdocs\WEB\system\CodeIgniter.php(320): CodeIgniter\CodeIgniter->handleRequest(NULL, Object(Config\Cache), false)
#7 C:\xampp\htdocs\WEB\public\index.php(37): CodeIgniter\CodeIgniter->run()
#8 C:\xampp\htdocs\WEB\system\Commands\Server\rewrite.php(43): require_once('C:\\xampp\\htdocs...')
#9 {main}
CRITICAL - 2022-02-20 23:29:59 --> Cannot use object of type stdClass as array
#0 C:\xampp\htdocs\WEB\system\View\View.php(210): include()
#1 C:\xampp\htdocs\WEB\system\View\View.php(213): CodeIgniter\View\View->CodeIgniter\View\{closure}()
#2 C:\xampp\htdocs\WEB\system\Common.php(1089): CodeIgniter\View\View->render('admin/index', Array, true)
#3 C:\xampp\htdocs\WEB\app\Controllers\AdminController.php(18): view('admin/index', Array)
#4 C:\xampp\htdocs\WEB\system\CodeIgniter.php(825): App\Controllers\AdminController->index()
#5 C:\xampp\htdocs\WEB\system\CodeIgniter.php(412): CodeIgniter\CodeIgniter->runController(Object(App\Controllers\AdminController))
#6 C:\xampp\htdocs\WEB\system\CodeIgniter.php(320): CodeIgniter\CodeIgniter->handleRequest(NULL, Object(Config\Cache), false)
#7 C:\xampp\htdocs\WEB\public\index.php(37): CodeIgniter\CodeIgniter->run()
#8 C:\xampp\htdocs\WEB\system\Commands\Server\rewrite.php(43): require_once('C:\\xampp\\htdocs...')
#9 {main}
CRITICAL - 2022-02-20 23:49:42 --> Undefined variable: user
#0 C:\xampp\htdocs\WEB\app\Views\admin\detail.php(14): CodeIgniter\Debug\Exceptions->errorHandler(8, 'Undefined varia...', 'C:\\xampp\\htdocs...', 14, Array)
#1 C:\xampp\htdocs\WEB\system\View\View.php(210): include('C:\\xampp\\htdocs...')
#2 C:\xampp\htdocs\WEB\system\View\View.php(213): CodeIgniter\View\View->CodeIgniter\View\{closure}()
#3 C:\xampp\htdocs\WEB\system\Common.php(1089): CodeIgniter\View\View->render('admin/detail', Array, true)
#4 C:\xampp\htdocs\WEB\app\Controllers\AdminController.php(27): view('admin/detail', Array)
#5 C:\xampp\htdocs\WEB\system\CodeIgniter.php(825): App\Controllers\AdminController->detail()
#6 C:\xampp\htdocs\WEB\system\CodeIgniter.php(412): CodeIgniter\CodeIgniter->runController(Object(App\Controllers\AdminController))
#7 C:\xampp\htdocs\WEB\system\CodeIgniter.php(320): CodeIgniter\CodeIgniter->handleRequest(NULL, Object(Config\Cache), false)
#8 C:\xampp\htdocs\WEB\public\index.php(37): CodeIgniter\CodeIgniter->run()
#9 C:\xampp\htdocs\WEB\system\Commands\Server\rewrite.php(43): require_once('C:\\xampp\\htdocs...')
#10 {main}
