CRITICAL - 2022-02-26 22:13:51 --> Undefined variable: news
#0 C:\xampp\htdocs\WEB\app\Views\admin\index.php(39): CodeIgniter\Debug\Exceptions->errorHandler(8, 'Undefined varia...', 'C:\\xampp\\htdocs...', 39, Array)
#1 C:\xampp\htdocs\WEB\system\View\View.php(210): include('C:\\xampp\\htdocs...')
#2 C:\xampp\htdocs\WEB\system\View\View.php(213): CodeIgniter\View\View->CodeIgniter\View\{closure}()
#3 C:\xampp\htdocs\WEB\system\Common.php(1089): CodeIgniter\View\View->render('admin/index', Array, true)
#4 C:\xampp\htdocs\WEB\app\Controllers\AdminController.php(18): view('admin/index', Array)
#5 C:\xampp\htdocs\WEB\system\CodeIgniter.php(825): App\Controllers\AdminController->index()
#6 C:\xampp\htdocs\WEB\system\CodeIgniter.php(412): CodeIgniter\CodeIgniter->runController(Object(App\Controllers\AdminController))
#7 C:\xampp\htdocs\WEB\system\CodeIgniter.php(320): CodeIgniter\CodeIgniter->handleRequest(NULL, Object(Config\Cache), false)
#8 C:\xampp\htdocs\WEB\public\index.php(37): CodeIgniter\CodeIgniter->run()
#9 C:\xampp\htdocs\WEB\system\Commands\Server\rewrite.php(43): require_once('C:\\xampp\\htdocs...')
#10 {main}
CRITICAL - 2022-02-26 22:49:57 --> Undefined index: nokamar
#0 C:\xampp\htdocs\WEB\app\Views\admin\index.php(39): CodeIgniter\Debug\Exceptions->errorHandler(8, 'Undefined index...', 'C:\\xampp\\htdocs...', 39, Array)
#1 C:\xampp\htdocs\WEB\system\View\View.php(210): include('C:\\xampp\\htdocs...')
#2 C:\xampp\htdocs\WEB\system\View\View.php(213): CodeIgniter\View\View->CodeIgniter\View\{closure}()
#3 C:\xampp\htdocs\WEB\system\Common.php(1089): CodeIgniter\View\View->render('admin/index', Array, true)
#4 C:\xampp\htdocs\WEB\app\Controllers\AdminController.php(18): view('admin/index', Array)
#5 C:\xampp\htdocs\WEB\system\CodeIgniter.php(825): App\Controllers\AdminController->index()
#6 C:\xampp\htdocs\WEB\system\CodeIgniter.php(412): CodeIgniter\CodeIgniter->runController(Object(App\Controllers\AdminController))
#7 C:\xampp\htdocs\WEB\system\CodeIgniter.php(320): CodeIgniter\CodeIgniter->handleRequest(NULL, Object(Config\Cache), false)
#8 C:\xampp\htdocs\WEB\public\index.php(37): CodeIgniter\CodeIgniter->run()
#9 C:\xampp\htdocs\WEB\system\Commands\Server\rewrite.php(43): require_once('C:\\xampp\\htdocs...')
#10 {main}
CRITICAL - 2022-02-26 22:49:58 --> Undefined index: nokamar
#0 C:\xampp\htdocs\WEB\app\Views\admin\index.php(39): CodeIgniter\Debug\Exceptions->errorHandler(8, 'Undefined index...', 'C:\\xampp\\htdocs...', 39, Array)
#1 C:\xampp\htdocs\WEB\system\View\View.php(210): include('C:\\xampp\\htdocs...')
#2 C:\xampp\htdocs\WEB\system\View\View.php(213): CodeIgniter\View\View->CodeIgniter\View\{closure}()
#3 C:\xampp\htdocs\WEB\system\Common.php(1089): CodeIgniter\View\View->render('admin/index', Array, true)
#4 C:\xampp\htdocs\WEB\app\Controllers\AdminController.php(18): view('admin/index', Array)
#5 C:\xampp\htdocs\WEB\system\CodeIgniter.php(825): App\Controllers\AdminController->index()
#6 C:\xampp\htdocs\WEB\system\CodeIgniter.php(412): CodeIgniter\CodeIgniter->runController(Object(App\Controllers\AdminController))
#7 C:\xampp\htdocs\WEB\system\CodeIgniter.php(320): CodeIgniter\CodeIgniter->handleRequest(NULL, Object(Config\Cache), false)
#8 C:\xampp\htdocs\WEB\public\index.php(37): CodeIgniter\CodeIgniter->run()
#9 C:\xampp\htdocs\WEB\system\Commands\Server\rewrite.php(43): require_once('C:\\xampp\\htdocs...')
#10 {main}
