CRITICAL - 2022-02-14 00:18:34 --> Invalid file: login.php
#0 C:\xampp\htdocs\WEB\system\View\View.php(198): CodeIgniter\Exceptions\FrameworkException::forInvalidFile('login.php')
#1 C:\xampp\htdocs\WEB\system\Common.php(1089): CodeIgniter\View\View->render('login', Array, true)
#2 C:\xampp\htdocs\WEB\app\Controllers\UserController.php(31): view('login', Array)
#3 C:\xampp\htdocs\WEB\system\CodeIgniter.php(825): App\Controllers\UserController->login()
#4 C:\xampp\htdocs\WEB\system\CodeIgniter.php(412): CodeIgniter\CodeIgniter->runController(Object(App\Controllers\UserController))
#5 C:\xampp\htdocs\WEB\system\CodeIgniter.php(320): CodeIgniter\CodeIgniter->handleRequest(NULL, Object(Config\Cache), false)
#6 C:\xampp\htdocs\WEB\public\index.php(37): CodeIgniter\CodeIgniter->run()
#7 C:\xampp\htdocs\WEB\system\Commands\Server\rewrite.php(43): require_once('C:\\xampp\\htdocs...')
#8 {main}
CRITICAL - 2022-02-14 00:57:14 --> Invalid file: login.php
#0 C:\xampp\htdocs\WEB\system\View\View.php(198): CodeIgniter\Exceptions\FrameworkException::forInvalidFile('login.php')
#1 C:\xampp\htdocs\WEB\system\Common.php(1089): CodeIgniter\View\View->render('login', Array, true)
#2 C:\xampp\htdocs\WEB\app\Controllers\UserController.php(31): view('login', Array)
#3 C:\xampp\htdocs\WEB\system\CodeIgniter.php(825): App\Controllers\UserController->login()
#4 C:\xampp\htdocs\WEB\system\CodeIgniter.php(412): CodeIgniter\CodeIgniter->runController(Object(App\Controllers\UserController))
#5 C:\xampp\htdocs\WEB\system\CodeIgniter.php(320): CodeIgniter\CodeIgniter->handleRequest(NULL, Object(Config\Cache), false)
#6 C:\xampp\htdocs\WEB\public\index.php(37): CodeIgniter\CodeIgniter->run()
#7 C:\xampp\htdocs\WEB\system\Commands\Server\rewrite.php(43): require_once('C:\\xampp\\htdocs...')
#8 {main}
CRITICAL - 2022-02-14 01:05:11 --> Invalid file: login.php
#0 C:\xampp\htdocs\WEB\system\View\View.php(198): CodeIgniter\Exceptions\FrameworkException::forInvalidFile('login.php')
#1 C:\xampp\htdocs\WEB\system\Common.php(1089): CodeIgniter\View\View->render('login', Array, true)
#2 C:\xampp\htdocs\WEB\app\Controllers\UserController.php(31): view('login', Array)
#3 C:\xampp\htdocs\WEB\system\CodeIgniter.php(825): App\Controllers\UserController->login()
#4 C:\xampp\htdocs\WEB\system\CodeIgniter.php(412): CodeIgniter\CodeIgniter->runController(Object(App\Controllers\UserController))
#5 C:\xampp\htdocs\WEB\system\CodeIgniter.php(320): CodeIgniter\CodeIgniter->handleRequest(NULL, Object(Config\Cache), false)
#6 C:\xampp\htdocs\WEB\public\index.php(37): CodeIgniter\CodeIgniter->run()
#7 C:\xampp\htdocs\WEB\system\Commands\Server\rewrite.php(43): require_once('C:\\xampp\\htdocs...')
#8 {main}
CRITICAL - 2022-02-14 01:05:15 --> Invalid file: login.php
#0 C:\xampp\htdocs\WEB\system\View\View.php(198): CodeIgniter\Exceptions\FrameworkException::forInvalidFile('login.php')
#1 C:\xampp\htdocs\WEB\system\Common.php(1089): CodeIgniter\View\View->render('login', Array, true)
#2 C:\xampp\htdocs\WEB\app\Controllers\UserController.php(31): view('login', Array)
#3 C:\xampp\htdocs\WEB\system\CodeIgniter.php(825): App\Controllers\UserController->login()
#4 C:\xampp\htdocs\WEB\system\CodeIgniter.php(412): CodeIgniter\CodeIgniter->runController(Object(App\Controllers\UserController))
#5 C:\xampp\htdocs\WEB\system\CodeIgniter.php(320): CodeIgniter\CodeIgniter->handleRequest(NULL, Object(Config\Cache), false)
#6 C:\xampp\htdocs\WEB\public\index.php(37): CodeIgniter\CodeIgniter->run()
#7 C:\xampp\htdocs\WEB\system\Commands\Server\rewrite.php(43): require_once('C:\\xampp\\htdocs...')
#8 {main}
CRITICAL - 2022-02-14 01:20:05 --> Invalid file: login.php
#0 C:\xampp\htdocs\WEB\system\View\View.php(198): CodeIgniter\Exceptions\FrameworkException::forInvalidFile('login.php')
#1 C:\xampp\htdocs\WEB\system\Common.php(1089): CodeIgniter\View\View->render('login', Array, true)
#2 C:\xampp\htdocs\WEB\app\Controllers\UserController.php(31): view('login', Array)
#3 C:\xampp\htdocs\WEB\system\CodeIgniter.php(825): App\Controllers\UserController->login()
#4 C:\xampp\htdocs\WEB\system\CodeIgniter.php(412): CodeIgniter\CodeIgniter->runController(Object(App\Controllers\UserController))
#5 C:\xampp\htdocs\WEB\system\CodeIgniter.php(320): CodeIgniter\CodeIgniter->handleRequest(NULL, Object(Config\Cache), false)
#6 C:\xampp\htdocs\WEB\public\index.php(37): CodeIgniter\CodeIgniter->run()
#7 C:\xampp\htdocs\WEB\system\Commands\Server\rewrite.php(43): require_once('C:\\xampp\\htdocs...')
#8 {main}
CRITICAL - 2022-02-14 01:22:18 --> Invalid file: login.php
#0 C:\xampp\htdocs\WEB\system\View\View.php(198): CodeIgniter\Exceptions\FrameworkException::forInvalidFile('login.php')
#1 C:\xampp\htdocs\WEB\system\Common.php(1089): CodeIgniter\View\View->render('login', Array, true)
#2 C:\xampp\htdocs\WEB\app\Controllers\UserController.php(31): view('login', Array)
#3 C:\xampp\htdocs\WEB\system\CodeIgniter.php(825): App\Controllers\UserController->login()
#4 C:\xampp\htdocs\WEB\system\CodeIgniter.php(412): CodeIgniter\CodeIgniter->runController(Object(App\Controllers\UserController))
#5 C:\xampp\htdocs\WEB\system\CodeIgniter.php(320): CodeIgniter\CodeIgniter->handleRequest(NULL, Object(Config\Cache), false)
#6 C:\xampp\htdocs\WEB\public\index.php(37): CodeIgniter\CodeIgniter->run()
#7 C:\xampp\htdocs\WEB\system\Commands\Server\rewrite.php(43): require_once('C:\\xampp\\htdocs...')
#8 {main}
CRITICAL - 2022-02-14 02:27:43 --> Too few arguments to function CodeIgniter\Router\RouteCollection::get(), 1 passed in C:\xampp\htdocs\WEB\app\Config\Routes.php on line 36 and at least 2 expected
#0 C:\xampp\htdocs\WEB\app\Config\Routes.php(36): CodeIgniter\Router\RouteCollection->get('/')
#1 C:\xampp\htdocs\WEB\system\CodeIgniter.php(706): require('C:\\xampp\\htdocs...')
#2 C:\xampp\htdocs\WEB\system\CodeIgniter.php(361): CodeIgniter\CodeIgniter->tryToRouteIt(Object(CodeIgniter\Router\RouteCollection))
#3 C:\xampp\htdocs\WEB\system\CodeIgniter.php(320): CodeIgniter\CodeIgniter->handleRequest(NULL, Object(Config\Cache), false)
#4 C:\xampp\htdocs\WEB\public\index.php(37): CodeIgniter\CodeIgniter->run()
#5 C:\xampp\htdocs\WEB\system\Commands\Server\rewrite.php(43): require_once('C:\\xampp\\htdocs...')
#6 {main}
CRITICAL - 2022-02-14 02:28:52 --> Argument 1 passed to CodeIgniter\CodeIgniter::run() must be an instance of CodeIgniter\Router\RouteCollectionInterface or null, string given, called in C:\xampp\htdocs\WEB\public\index.php on line 37
#0 C:\xampp\htdocs\WEB\public\index.php(37): CodeIgniter\CodeIgniter->run('/')
#1 C:\xampp\htdocs\WEB\system\Commands\Server\rewrite.php(43): require_once('C:\\xampp\\htdocs...')
#2 {main}
CRITICAL - 2022-02-14 02:28:53 --> Argument 1 passed to CodeIgniter\CodeIgniter::run() must be an instance of CodeIgniter\Router\RouteCollectionInterface or null, string given, called in C:\xampp\htdocs\WEB\public\index.php on line 37
#0 C:\xampp\htdocs\WEB\public\index.php(37): CodeIgniter\CodeIgniter->run('/')
#1 C:\xampp\htdocs\WEB\system\Commands\Server\rewrite.php(43): require_once('C:\\xampp\\htdocs...')
#2 {main}
CRITICAL - 2022-02-14 02:28:56 --> Argument 1 passed to CodeIgniter\CodeIgniter::run() must be an instance of CodeIgniter\Router\RouteCollectionInterface or null, string given, called in C:\xampp\htdocs\WEB\public\index.php on line 37
#0 C:\xampp\htdocs\WEB\public\index.php(37): CodeIgniter\CodeIgniter->run('/')
#1 C:\xampp\htdocs\WEB\system\Commands\Server\rewrite.php(43): require_once('C:\\xampp\\htdocs...')
#2 {main}
CRITICAL - 2022-02-14 02:29:21 --> Argument 1 passed to CodeIgniter\CodeIgniter::run() must be an instance of CodeIgniter\Router\RouteCollectionInterface or null, string given, called in C:\xampp\htdocs\WEB\public\index.php on line 37
#0 C:\xampp\htdocs\WEB\public\index.php(37): CodeIgniter\CodeIgniter->run('/')
#1 C:\xampp\htdocs\WEB\system\Commands\Server\rewrite.php(43): require_once('C:\\xampp\\htdocs...')
#2 {main}
CRITICAL - 2022-02-14 02:29:22 --> Argument 1 passed to CodeIgniter\CodeIgniter::run() must be an instance of CodeIgniter\Router\RouteCollectionInterface or null, string given, called in C:\xampp\htdocs\WEB\public\index.php on line 37
#0 C:\xampp\htdocs\WEB\public\index.php(37): CodeIgniter\CodeIgniter->run('/')
#1 C:\xampp\htdocs\WEB\system\Commands\Server\rewrite.php(43): require_once('C:\\xampp\\htdocs...')
#2 {main}
CRITICAL - 2022-02-14 02:29:23 --> Argument 1 passed to CodeIgniter\CodeIgniter::run() must be an instance of CodeIgniter\Router\RouteCollectionInterface or null, string given, called in C:\xampp\htdocs\WEB\public\index.php on line 37
#0 C:\xampp\htdocs\WEB\public\index.php(37): CodeIgniter\CodeIgniter->run('/')
#1 C:\xampp\htdocs\WEB\system\Commands\Server\rewrite.php(43): require_once('C:\\xampp\\htdocs...')
#2 {main}
CRITICAL - 2022-02-14 02:59:13 --> login filter must have a matching alias defined.
#0 C:\xampp\htdocs\WEB\system\Filters\Filters.php(493): CodeIgniter\Filters\Exceptions\FilterException::forNoAlias('login')
#1 C:\xampp\htdocs\WEB\system\Filters\Filters.php(243): CodeIgniter\Filters\Filters->processAliasesToClass('before')
#2 C:\xampp\htdocs\WEB\system\Filters\Filters.php(163): CodeIgniter\Filters\Filters->initialize('login')
#3 C:\xampp\htdocs\WEB\system\CodeIgniter.php(386): CodeIgniter\Filters\Filters->run('login', 'before')
#4 C:\xampp\htdocs\WEB\system\CodeIgniter.php(320): CodeIgniter\CodeIgniter->handleRequest(NULL, Object(Config\Cache), false)
#5 C:\xampp\htdocs\WEB\public\index.php(37): CodeIgniter\CodeIgniter->run()
#6 C:\xampp\htdocs\WEB\system\Commands\Server\rewrite.php(43): require_once('C:\\xampp\\htdocs...')
#7 {main}
CRITICAL - 2022-02-14 22:42:45 --> Class 'Config\Myth\Auth\Filters\LoginFilter' not found
#0 C:\xampp\htdocs\WEB\system\CodeIgniter.php(386): CodeIgniter\Filters\Filters->run('login', 'before')
#1 C:\xampp\htdocs\WEB\system\CodeIgniter.php(320): CodeIgniter\CodeIgniter->handleRequest(NULL, Object(Config\Cache), false)
#2 C:\xampp\htdocs\WEB\public\index.php(37): CodeIgniter\CodeIgniter->run()
#3 C:\xampp\htdocs\WEB\system\Commands\Server\rewrite.php(43): require_once('C:\\xampp\\htdocs...')
#4 {main}
CRITICAL - 2022-02-14 22:47:36 --> login filter must have a matching alias defined.
#0 C:\xampp\htdocs\WEB\system\Filters\Filters.php(493): CodeIgniter\Filters\Exceptions\FilterException::forNoAlias('login')
#1 C:\xampp\htdocs\WEB\system\Filters\Filters.php(243): CodeIgniter\Filters\Filters->processAliasesToClass('before')
#2 C:\xampp\htdocs\WEB\system\Filters\Filters.php(163): CodeIgniter\Filters\Filters->initialize('login')
#3 C:\xampp\htdocs\WEB\system\CodeIgniter.php(386): CodeIgniter\Filters\Filters->run('login', 'before')
#4 C:\xampp\htdocs\WEB\system\CodeIgniter.php(320): CodeIgniter\CodeIgniter->handleRequest(NULL, Object(Config\Cache), false)
#5 C:\xampp\htdocs\WEB\public\index.php(37): CodeIgniter\CodeIgniter->run()
#6 C:\xampp\htdocs\WEB\system\Commands\Server\rewrite.php(43): require_once('C:\\xampp\\htdocs...')
#7 {main}
