ERROR - 2022-02-28 01:21:05 --> Error connecting to the database: No connection could be made because the target machine actively refused it.

CRITICAL - 2022-02-28 01:21:05 --> Unable to connect to the database.
Main connection [MySQLi]: No connection could be made because the target machine actively refused it.

#0 C:\xampp\htdocs\WEB\system\Database\BaseConnection.php(577): CodeIgniter\Database\BaseConnection->initialize()
#1 C:\xampp\htdocs\WEB\system\Database\BaseBuilder.php(1455): CodeIgniter\Database\BaseConnection->query('SELECT *\nFROM `...', Array, false)
#2 C:\xampp\htdocs\WEB\system\Model.php(183): CodeIgniter\Database\BaseBuilder->get()
#3 C:\xampp\htdocs\WEB\system\BaseModel.php(584): CodeIgniter\Model->doFindAll(0, 0)
#4 C:\xampp\htdocs\WEB\app\Models\KamarModel.php(15): CodeIgniter\BaseModel->findAll()
#5 C:\xampp\htdocs\WEB\app\Controllers\kamarController.php(16): App\Models\KamarModel->getKamar()
#6 C:\xampp\htdocs\WEB\system\CodeIgniter.php(825): App\Controllers\kamarController->index()
#7 C:\xampp\htdocs\WEB\system\CodeIgniter.php(412): CodeIgniter\CodeIgniter->runController(Object(App\Controllers\kamarController))
#8 C:\xampp\htdocs\WEB\system\CodeIgniter.php(320): CodeIgniter\CodeIgniter->handleRequest(NULL, Object(Config\Cache), false)
#9 C:\xampp\htdocs\WEB\public\index.php(37): CodeIgniter\CodeIgniter->run()
#10 C:\xampp\htdocs\WEB\system\Commands\Server\rewrite.php(43): require_once('C:\\xampp\\htdocs...')
#11 {main}
CRITICAL - 2022-02-28 01:58:17 --> Undefined variable: users
#0 C:\xampp\htdocs\WEB\app\Views\user\index.php(21): CodeIgniter\Debug\Exceptions->errorHandler(8, 'Undefined varia...', 'C:\\xampp\\htdocs...', 21, Array)
#1 C:\xampp\htdocs\WEB\system\View\View.php(210): include('C:\\xampp\\htdocs...')
#2 C:\xampp\htdocs\WEB\system\View\View.php(213): CodeIgniter\View\View->CodeIgniter\View\{closure}()
#3 C:\xampp\htdocs\WEB\system\Common.php(1089): CodeIgniter\View\View->render('user/index', Array, true)
#4 C:\xampp\htdocs\WEB\app\Controllers\userController.php(22): view('user/index', Array)
#5 C:\xampp\htdocs\WEB\system\CodeIgniter.php(825): App\Controllers\userController->user()
#6 C:\xampp\htdocs\WEB\system\CodeIgniter.php(412): CodeIgniter\CodeIgniter->runController(Object(App\Controllers\userController))
#7 C:\xampp\htdocs\WEB\system\CodeIgniter.php(320): CodeIgniter\CodeIgniter->handleRequest(NULL, Object(Config\Cache), false)
#8 C:\xampp\htdocs\WEB\public\index.php(37): CodeIgniter\CodeIgniter->run()
#9 C:\xampp\htdocs\WEB\system\Commands\Server\rewrite.php(43): require_once('C:\\xampp\\htdocs...')
#10 {main}
CRITICAL - 2022-02-28 01:59:46 --> Undefined variable: users
#0 C:\xampp\htdocs\WEB\app\Views\user\index.php(21): CodeIgniter\Debug\Exceptions->errorHandler(8, 'Undefined varia...', 'C:\\xampp\\htdocs...', 21, Array)
#1 C:\xampp\htdocs\WEB\system\View\View.php(210): include('C:\\xampp\\htdocs...')
#2 C:\xampp\htdocs\WEB\system\View\View.php(213): CodeIgniter\View\View->CodeIgniter\View\{closure}()
#3 C:\xampp\htdocs\WEB\system\Common.php(1089): CodeIgniter\View\View->render('user/index', Array, true)
#4 C:\xampp\htdocs\WEB\app\Controllers\userController.php(22): view('user/index', Array)
#5 C:\xampp\htdocs\WEB\system\CodeIgniter.php(825): App\Controllers\userController->user()
#6 C:\xampp\htdocs\WEB\system\CodeIgniter.php(412): CodeIgniter\CodeIgniter->runController(Object(App\Controllers\userController))
#7 C:\xampp\htdocs\WEB\system\CodeIgniter.php(320): CodeIgniter\CodeIgniter->handleRequest(NULL, Object(Config\Cache), false)
#8 C:\xampp\htdocs\WEB\public\index.php(37): CodeIgniter\CodeIgniter->run()
#9 C:\xampp\htdocs\WEB\system\Commands\Server\rewrite.php(43): require_once('C:\\xampp\\htdocs...')
#10 {main}
CRITICAL - 2022-02-28 02:00:06 --> Undefined variable: users
#0 C:\xampp\htdocs\WEB\app\Views\user\index.php(21): CodeIgniter\Debug\Exceptions->errorHandler(8, 'Undefined varia...', 'C:\\xampp\\htdocs...', 21, Array)
#1 C:\xampp\htdocs\WEB\system\View\View.php(210): include('C:\\xampp\\htdocs...')
#2 C:\xampp\htdocs\WEB\system\View\View.php(213): CodeIgniter\View\View->CodeIgniter\View\{closure}()
#3 C:\xampp\htdocs\WEB\system\Common.php(1089): CodeIgniter\View\View->render('user/index', Array, true)
#4 C:\xampp\htdocs\WEB\app\Controllers\userController.php(22): view('user/index', Array)
#5 C:\xampp\htdocs\WEB\system\CodeIgniter.php(825): App\Controllers\userController->user()
#6 C:\xampp\htdocs\WEB\system\CodeIgniter.php(412): CodeIgniter\CodeIgniter->runController(Object(App\Controllers\userController))
#7 C:\xampp\htdocs\WEB\system\CodeIgniter.php(320): CodeIgniter\CodeIgniter->handleRequest(NULL, Object(Config\Cache), false)
#8 C:\xampp\htdocs\WEB\public\index.php(37): CodeIgniter\CodeIgniter->run()
#9 C:\xampp\htdocs\WEB\system\Commands\Server\rewrite.php(43): require_once('C:\\xampp\\htdocs...')
#10 {main}
CRITICAL - 2022-02-28 02:00:17 --> Undefined variable: users
#0 C:\xampp\htdocs\WEB\app\Views\user\index.php(21): CodeIgniter\Debug\Exceptions->errorHandler(8, 'Undefined varia...', 'C:\\xampp\\htdocs...', 21, Array)
#1 C:\xampp\htdocs\WEB\system\View\View.php(210): include('C:\\xampp\\htdocs...')
#2 C:\xampp\htdocs\WEB\system\View\View.php(213): CodeIgniter\View\View->CodeIgniter\View\{closure}()
#3 C:\xampp\htdocs\WEB\system\Common.php(1089): CodeIgniter\View\View->render('user/index', Array, true)
#4 C:\xampp\htdocs\WEB\app\Controllers\userController.php(22): view('user/index', Array)
#5 C:\xampp\htdocs\WEB\system\CodeIgniter.php(825): App\Controllers\userController->user()
#6 C:\xampp\htdocs\WEB\system\CodeIgniter.php(412): CodeIgniter\CodeIgniter->runController(Object(App\Controllers\userController))
#7 C:\xampp\htdocs\WEB\system\CodeIgniter.php(320): CodeIgniter\CodeIgniter->handleRequest(NULL, Object(Config\Cache), false)
#8 C:\xampp\htdocs\WEB\public\index.php(37): CodeIgniter\CodeIgniter->run()
#9 C:\xampp\htdocs\WEB\system\Commands\Server\rewrite.php(43): require_once('C:\\xampp\\htdocs...')
#10 {main}
CRITICAL - 2022-02-28 02:03:56 --> Undefined variable: users
#0 C:\xampp\htdocs\WEB\app\Views\user\index.php(21): CodeIgniter\Debug\Exceptions->errorHandler(8, 'Undefined varia...', 'C:\\xampp\\htdocs...', 21, Array)
#1 C:\xampp\htdocs\WEB\system\View\View.php(210): include('C:\\xampp\\htdocs...')
#2 C:\xampp\htdocs\WEB\system\View\View.php(213): CodeIgniter\View\View->CodeIgniter\View\{closure}()
#3 C:\xampp\htdocs\WEB\system\Common.php(1089): CodeIgniter\View\View->render('user/index', Array, true)
#4 C:\xampp\htdocs\WEB\app\Controllers\userController.php(22): view('user/index', Array)
#5 C:\xampp\htdocs\WEB\system\CodeIgniter.php(825): App\Controllers\userController->user()
#6 C:\xampp\htdocs\WEB\system\CodeIgniter.php(412): CodeIgniter\CodeIgniter->runController(Object(App\Controllers\userController))
#7 C:\xampp\htdocs\WEB\system\CodeIgniter.php(320): CodeIgniter\CodeIgniter->handleRequest(NULL, Object(Config\Cache), false)
#8 C:\xampp\htdocs\WEB\public\index.php(37): CodeIgniter\CodeIgniter->run()
#9 C:\xampp\htdocs\WEB\system\Commands\Server\rewrite.php(43): require_once('C:\\xampp\\htdocs...')
#10 {main}
CRITICAL - 2022-02-28 05:59:36 --> Cannot use object of type stdClass as array
#0 C:\xampp\htdocs\WEB\system\View\View.php(210): include()
#1 C:\xampp\htdocs\WEB\system\View\View.php(213): CodeIgniter\View\View->CodeIgniter\View\{closure}()
#2 C:\xampp\htdocs\WEB\system\Common.php(1089): CodeIgniter\View\View->render('admin/detail', Array, true)
#3 C:\xampp\htdocs\WEB\app\Controllers\AdminController.php(29): view('admin/detail', Array)
#4 C:\xampp\htdocs\WEB\system\CodeIgniter.php(825): App\Controllers\AdminController->detail('3')
#5 C:\xampp\htdocs\WEB\system\CodeIgniter.php(412): CodeIgniter\CodeIgniter->runController(Object(App\Controllers\AdminController))
#6 C:\xampp\htdocs\WEB\system\CodeIgniter.php(320): CodeIgniter\CodeIgniter->handleRequest(NULL, Object(Config\Cache), false)
#7 C:\xampp\htdocs\WEB\public\index.php(37): CodeIgniter\CodeIgniter->run()
#8 C:\xampp\htdocs\WEB\system\Commands\Server\rewrite.php(43): require_once('C:\\xampp\\htdocs...')
#9 {main}
CRITICAL - 2022-02-28 06:01:32 --> Cannot use object of type stdClass as array
#0 C:\xampp\htdocs\WEB\system\View\View.php(210): include()
#1 C:\xampp\htdocs\WEB\system\View\View.php(213): CodeIgniter\View\View->CodeIgniter\View\{closure}()
#2 C:\xampp\htdocs\WEB\system\Common.php(1089): CodeIgniter\View\View->render('admin/detail', Array, true)
#3 C:\xampp\htdocs\WEB\app\Controllers\AdminController.php(29): view('admin/detail', Array)
#4 C:\xampp\htdocs\WEB\system\CodeIgniter.php(825): App\Controllers\AdminController->detail('3')
#5 C:\xampp\htdocs\WEB\system\CodeIgniter.php(412): CodeIgniter\CodeIgniter->runController(Object(App\Controllers\AdminController))
#6 C:\xampp\htdocs\WEB\system\CodeIgniter.php(320): CodeIgniter\CodeIgniter->handleRequest(NULL, Object(Config\Cache), false)
#7 C:\xampp\htdocs\WEB\public\index.php(37): CodeIgniter\CodeIgniter->run()
#8 C:\xampp\htdocs\WEB\system\Commands\Server\rewrite.php(43): require_once('C:\\xampp\\htdocs...')
#9 {main}
CRITICAL - 2022-02-28 06:02:11 --> Cannot use object of type stdClass as array
#0 C:\xampp\htdocs\WEB\system\View\View.php(210): include()
#1 C:\xampp\htdocs\WEB\system\View\View.php(213): CodeIgniter\View\View->CodeIgniter\View\{closure}()
#2 C:\xampp\htdocs\WEB\system\Common.php(1089): CodeIgniter\View\View->render('admin/detail', Array, true)
#3 C:\xampp\htdocs\WEB\app\Controllers\AdminController.php(29): view('admin/detail', Array)
#4 C:\xampp\htdocs\WEB\system\CodeIgniter.php(825): App\Controllers\AdminController->detail('3')
#5 C:\xampp\htdocs\WEB\system\CodeIgniter.php(412): CodeIgniter\CodeIgniter->runController(Object(App\Controllers\AdminController))
#6 C:\xampp\htdocs\WEB\system\CodeIgniter.php(320): CodeIgniter\CodeIgniter->handleRequest(NULL, Object(Config\Cache), false)
#7 C:\xampp\htdocs\WEB\public\index.php(37): CodeIgniter\CodeIgniter->run()
#8 C:\xampp\htdocs\WEB\system\Commands\Server\rewrite.php(43): require_once('C:\\xampp\\htdocs...')
#9 {main}
CRITICAL - 2022-02-28 06:04:22 --> Cannot use object of type stdClass as array
#0 C:\xampp\htdocs\WEB\system\View\View.php(210): include()
#1 C:\xampp\htdocs\WEB\system\View\View.php(213): CodeIgniter\View\View->CodeIgniter\View\{closure}()
#2 C:\xampp\htdocs\WEB\system\Common.php(1089): CodeIgniter\View\View->render('admin/detail', Array, true)
#3 C:\xampp\htdocs\WEB\app\Controllers\AdminController.php(29): view('admin/detail', Array)
#4 C:\xampp\htdocs\WEB\system\CodeIgniter.php(825): App\Controllers\AdminController->detail('3')
#5 C:\xampp\htdocs\WEB\system\CodeIgniter.php(412): CodeIgniter\CodeIgniter->runController(Object(App\Controllers\AdminController))
#6 C:\xampp\htdocs\WEB\system\CodeIgniter.php(320): CodeIgniter\CodeIgniter->handleRequest(NULL, Object(Config\Cache), false)
#7 C:\xampp\htdocs\WEB\public\index.php(37): CodeIgniter\CodeIgniter->run()
#8 C:\xampp\htdocs\WEB\system\Commands\Server\rewrite.php(43): require_once('C:\\xampp\\htdocs...')
#9 {main}
CRITICAL - 2022-02-28 06:10:16 --> Undefined variable: ussers
#0 C:\xampp\htdocs\WEB\app\Controllers\AdminController.php(47): CodeIgniter\Debug\Exceptions->errorHandler(8, 'Undefined varia...', 'C:\\xampp\\htdocs...', 47, Array)
#1 C:\xampp\htdocs\WEB\system\CodeIgniter.php(825): App\Controllers\AdminController->update()
#2 C:\xampp\htdocs\WEB\system\CodeIgniter.php(412): CodeIgniter\CodeIgniter->runController(Object(App\Controllers\AdminController))
#3 C:\xampp\htdocs\WEB\system\CodeIgniter.php(320): CodeIgniter\CodeIgniter->handleRequest(NULL, Object(Config\Cache), false)
#4 C:\xampp\htdocs\WEB\public\index.php(37): CodeIgniter\CodeIgniter->run()
#5 C:\xampp\htdocs\WEB\system\Commands\Server\rewrite.php(43): require_once('C:\\xampp\\htdocs...')
#6 {main}
CRITICAL - 2022-02-28 06:10:39 --> Undefined variable: ussers
#0 C:\xampp\htdocs\WEB\app\Controllers\AdminController.php(47): CodeIgniter\Debug\Exceptions->errorHandler(8, 'Undefined varia...', 'C:\\xampp\\htdocs...', 47, Array)
#1 C:\xampp\htdocs\WEB\system\CodeIgniter.php(825): App\Controllers\AdminController->update()
#2 C:\xampp\htdocs\WEB\system\CodeIgniter.php(412): CodeIgniter\CodeIgniter->runController(Object(App\Controllers\AdminController))
#3 C:\xampp\htdocs\WEB\system\CodeIgniter.php(320): CodeIgniter\CodeIgniter->handleRequest(NULL, Object(Config\Cache), false)
#4 C:\xampp\htdocs\WEB\public\index.php(37): CodeIgniter\CodeIgniter->run()
#5 C:\xampp\htdocs\WEB\system\Commands\Server\rewrite.php(43): require_once('C:\\xampp\\htdocs...')
#6 {main}
CRITICAL - 2022-02-28 06:12:33 --> Call to undefined method CodeIgniter\HTTP\RedirectResponse::withdetail()
#0 C:\xampp\htdocs\WEB\system\CodeIgniter.php(825): App\Controllers\AdminController->update()
#1 C:\xampp\htdocs\WEB\system\CodeIgniter.php(412): CodeIgniter\CodeIgniter->runController(Object(App\Controllers\AdminController))
#2 C:\xampp\htdocs\WEB\system\CodeIgniter.php(320): CodeIgniter\CodeIgniter->handleRequest(NULL, Object(Config\Cache), false)
#3 C:\xampp\htdocs\WEB\public\index.php(37): CodeIgniter\CodeIgniter->run()
#4 C:\xampp\htdocs\WEB\system\Commands\Server\rewrite.php(43): require_once('C:\\xampp\\htdocs...')
#5 {main}
CRITICAL - 2022-02-28 06:12:58 --> Call to undefined method CodeIgniter\HTTP\RedirectResponse::withdetail()
#0 C:\xampp\htdocs\WEB\system\CodeIgniter.php(825): App\Controllers\AdminController->update()
#1 C:\xampp\htdocs\WEB\system\CodeIgniter.php(412): CodeIgniter\CodeIgniter->runController(Object(App\Controllers\AdminController))
#2 C:\xampp\htdocs\WEB\system\CodeIgniter.php(320): CodeIgniter\CodeIgniter->handleRequest(NULL, Object(Config\Cache), false)
#3 C:\xampp\htdocs\WEB\public\index.php(37): CodeIgniter\CodeIgniter->run()
#4 C:\xampp\htdocs\WEB\system\Commands\Server\rewrite.php(43): require_once('C:\\xampp\\htdocs...')
#5 {main}
CRITICAL - 2022-02-28 06:13:17 --> Call to undefined method CodeIgniter\HTTP\RedirectResponse::withupdate()
#0 C:\xampp\htdocs\WEB\system\CodeIgniter.php(825): App\Controllers\AdminController->update()
#1 C:\xampp\htdocs\WEB\system\CodeIgniter.php(412): CodeIgniter\CodeIgniter->runController(Object(App\Controllers\AdminController))
#2 C:\xampp\htdocs\WEB\system\CodeIgniter.php(320): CodeIgniter\CodeIgniter->handleRequest(NULL, Object(Config\Cache), false)
#3 C:\xampp\htdocs\WEB\public\index.php(37): CodeIgniter\CodeIgniter->run()
#4 C:\xampp\htdocs\WEB\system\Commands\Server\rewrite.php(43): require_once('C:\\xampp\\htdocs...')
#5 {main}
CRITICAL - 2022-02-28 06:29:51 --> Undefined variable: jeniskelamin
#0 C:\xampp\htdocs\WEB\app\Views\admin\detail.php(64): CodeIgniter\Debug\Exceptions->errorHandler(8, 'Undefined varia...', 'C:\\xampp\\htdocs...', 64, Array)
#1 C:\xampp\htdocs\WEB\system\View\View.php(210): include('C:\\xampp\\htdocs...')
#2 C:\xampp\htdocs\WEB\system\View\View.php(213): CodeIgniter\View\View->CodeIgniter\View\{closure}()
#3 C:\xampp\htdocs\WEB\system\Common.php(1089): CodeIgniter\View\View->render('admin/detail', Array, true)
#4 C:\xampp\htdocs\WEB\app\Controllers\AdminController.php(29): view('admin/detail', Array)
#5 C:\xampp\htdocs\WEB\system\CodeIgniter.php(825): App\Controllers\AdminController->detail('1')
#6 C:\xampp\htdocs\WEB\system\CodeIgniter.php(412): CodeIgniter\CodeIgniter->runController(Object(App\Controllers\AdminController))
#7 C:\xampp\htdocs\WEB\system\CodeIgniter.php(320): CodeIgniter\CodeIgniter->handleRequest(NULL, Object(Config\Cache), false)
#8 C:\xampp\htdocs\WEB\public\index.php(37): CodeIgniter\CodeIgniter->run()
#9 C:\xampp\htdocs\WEB\system\Commands\Server\rewrite.php(43): require_once('C:\\xampp\\htdocs...')
#10 {main}
CRITICAL - 2022-02-28 07:17:07 --> Undefined variable: users
#0 C:\xampp\htdocs\WEB\app\Views\user\index.php(21): CodeIgniter\Debug\Exceptions->errorHandler(8, 'Undefined varia...', 'C:\\xampp\\htdocs...', 21, Array)
#1 C:\xampp\htdocs\WEB\system\View\View.php(210): include('C:\\xampp\\htdocs...')
#2 C:\xampp\htdocs\WEB\system\View\View.php(213): CodeIgniter\View\View->CodeIgniter\View\{closure}()
#3 C:\xampp\htdocs\WEB\system\Common.php(1089): CodeIgniter\View\View->render('user/index', Array, true)
#4 C:\xampp\htdocs\WEB\app\Controllers\userController.php(22): view('user/index', Array)
#5 C:\xampp\htdocs\WEB\system\CodeIgniter.php(825): App\Controllers\userController->user()
#6 C:\xampp\htdocs\WEB\system\CodeIgniter.php(412): CodeIgniter\CodeIgniter->runController(Object(App\Controllers\userController))
#7 C:\xampp\htdocs\WEB\system\CodeIgniter.php(320): CodeIgniter\CodeIgniter->handleRequest(NULL, Object(Config\Cache), false)
#8 C:\xampp\htdocs\WEB\public\index.php(37): CodeIgniter\CodeIgniter->run()
#9 C:\xampp\htdocs\WEB\system\Commands\Server\rewrite.php(43): require_once('C:\\xampp\\htdocs...')
#10 {main}
CRITICAL - 2022-02-28 07:19:21 --> Undefined variable: users
#0 C:\xampp\htdocs\WEB\app\Views\user\index.php(21): CodeIgniter\Debug\Exceptions->errorHandler(8, 'Undefined varia...', 'C:\\xampp\\htdocs...', 21, Array)
#1 C:\xampp\htdocs\WEB\system\View\View.php(210): include('C:\\xampp\\htdocs...')
#2 C:\xampp\htdocs\WEB\system\View\View.php(213): CodeIgniter\View\View->CodeIgniter\View\{closure}()
#3 C:\xampp\htdocs\WEB\system\Common.php(1089): CodeIgniter\View\View->render('user/index', Array, true)
#4 C:\xampp\htdocs\WEB\app\Controllers\userController.php(22): view('user/index', Array)
#5 C:\xampp\htdocs\WEB\system\CodeIgniter.php(825): App\Controllers\userController->user()
#6 C:\xampp\htdocs\WEB\system\CodeIgniter.php(412): CodeIgniter\CodeIgniter->runController(Object(App\Controllers\userController))
#7 C:\xampp\htdocs\WEB\system\CodeIgniter.php(320): CodeIgniter\CodeIgniter->handleRequest(NULL, Object(Config\Cache), false)
#8 C:\xampp\htdocs\WEB\public\index.php(37): CodeIgniter\CodeIgniter->run()
#9 C:\xampp\htdocs\WEB\system\Commands\Server\rewrite.php(43): require_once('C:\\xampp\\htdocs...')
#10 {main}
CRITICAL - 2022-02-28 07:51:47 --> Too few arguments to function App\Controllers\kamarController::update(), 0 passed in C:\xampp\htdocs\WEB\system\CodeIgniter.php on line 825 and exactly 1 expected
#0 C:\xampp\htdocs\WEB\system\CodeIgniter.php(825): App\Controllers\kamarController->update()
#1 C:\xampp\htdocs\WEB\system\CodeIgniter.php(412): CodeIgniter\CodeIgniter->runController(Object(App\Controllers\kamarController))
#2 C:\xampp\htdocs\WEB\system\CodeIgniter.php(320): CodeIgniter\CodeIgniter->handleRequest(NULL, Object(Config\Cache), false)
#3 C:\xampp\htdocs\WEB\public\index.php(37): CodeIgniter\CodeIgniter->run()
#4 C:\xampp\htdocs\WEB\system\Commands\Server\rewrite.php(43): require_once('C:\\xampp\\htdocs...')
#5 {main}
CRITICAL - 2022-02-28 20:57:50 --> Trying to get property 'jeniskamar' of non-object
#0 C:\xampp\htdocs\WEB\app\Views\admin\kamar.php(107): CodeIgniter\Debug\Exceptions->errorHandler(8, 'Trying to get p...', 'C:\\xampp\\htdocs...', 107, Array)
#1 C:\xampp\htdocs\WEB\system\View\View.php(210): include('C:\\xampp\\htdocs...')
#2 C:\xampp\htdocs\WEB\system\View\View.php(213): CodeIgniter\View\View->CodeIgniter\View\{closure}()
#3 C:\xampp\htdocs\WEB\system\Common.php(1089): CodeIgniter\View\View->render('admin/kamar', Array, true)
#4 C:\xampp\htdocs\WEB\app\Controllers\kamarController.php(18): view('admin/kamar', Array)
#5 C:\xampp\htdocs\WEB\system\CodeIgniter.php(825): App\Controllers\kamarController->index()
#6 C:\xampp\htdocs\WEB\system\CodeIgniter.php(412): CodeIgniter\CodeIgniter->runController(Object(App\Controllers\kamarController))
#7 C:\xampp\htdocs\WEB\system\CodeIgniter.php(320): CodeIgniter\CodeIgniter->handleRequest(NULL, Object(Config\Cache), false)
#8 C:\xampp\htdocs\WEB\public\index.php(37): CodeIgniter\CodeIgniter->run()
#9 C:\xampp\htdocs\WEB\system\Commands\Server\rewrite.php(43): require_once('C:\\xampp\\htdocs...')
#10 {main}
CRITICAL - 2022-02-28 21:01:11 --> Trying to get property 'jeniskamar' of non-object
#0 C:\xampp\htdocs\WEB\app\Views\admin\kamar.php(107): CodeIgniter\Debug\Exceptions->errorHandler(8, 'Trying to get p...', 'C:\\xampp\\htdocs...', 107, Array)
#1 C:\xampp\htdocs\WEB\system\View\View.php(210): include('C:\\xampp\\htdocs...')
#2 C:\xampp\htdocs\WEB\system\View\View.php(213): CodeIgniter\View\View->CodeIgniter\View\{closure}()
#3 C:\xampp\htdocs\WEB\system\Common.php(1089): CodeIgniter\View\View->render('admin/kamar', Array, true)
#4 C:\xampp\htdocs\WEB\app\Controllers\kamarController.php(18): view('admin/kamar', Array)
#5 C:\xampp\htdocs\WEB\system\CodeIgniter.php(825): App\Controllers\kamarController->index()
#6 C:\xampp\htdocs\WEB\system\CodeIgniter.php(412): CodeIgniter\CodeIgniter->runController(Object(App\Controllers\kamarController))
#7 C:\xampp\htdocs\WEB\system\CodeIgniter.php(320): CodeIgniter\CodeIgniter->handleRequest(NULL, Object(Config\Cache), false)
#8 C:\xampp\htdocs\WEB\public\index.php(37): CodeIgniter\CodeIgniter->run()
#9 C:\xampp\htdocs\WEB\system\Commands\Server\rewrite.php(43): require_once('C:\\xampp\\htdocs...')
#10 {main}
CRITICAL - 2022-02-28 21:04:03 --> Trying to get property 'jeniskamar' of non-object
#0 C:\xampp\htdocs\WEB\app\Views\admin\kamar.php(104): CodeIgniter\Debug\Exceptions->errorHandler(8, 'Trying to get p...', 'C:\\xampp\\htdocs...', 104, Array)
#1 C:\xampp\htdocs\WEB\system\View\View.php(210): include('C:\\xampp\\htdocs...')
#2 C:\xampp\htdocs\WEB\system\View\View.php(213): CodeIgniter\View\View->CodeIgniter\View\{closure}()
#3 C:\xampp\htdocs\WEB\system\Common.php(1089): CodeIgniter\View\View->render('admin/kamar', Array, true)
#4 C:\xampp\htdocs\WEB\app\Controllers\kamarController.php(18): view('admin/kamar', Array)
#5 C:\xampp\htdocs\WEB\system\CodeIgniter.php(825): App\Controllers\kamarController->index()
#6 C:\xampp\htdocs\WEB\system\CodeIgniter.php(412): CodeIgniter\CodeIgniter->runController(Object(App\Controllers\kamarController))
#7 C:\xampp\htdocs\WEB\system\CodeIgniter.php(320): CodeIgniter\CodeIgniter->handleRequest(NULL, Object(Config\Cache), false)
#8 C:\xampp\htdocs\WEB\public\index.php(37): CodeIgniter\CodeIgniter->run()
#9 C:\xampp\htdocs\WEB\system\Commands\Server\rewrite.php(43): require_once('C:\\xampp\\htdocs...')
#10 {main}
CRITICAL - 2022-02-28 21:07:22 --> Trying to get property 'jeniskamar' of non-object
#0 C:\xampp\htdocs\WEB\app\Views\admin\kamar.php(104): CodeIgniter\Debug\Exceptions->errorHandler(8, 'Trying to get p...', 'C:\\xampp\\htdocs...', 104, Array)
#1 C:\xampp\htdocs\WEB\system\View\View.php(210): include('C:\\xampp\\htdocs...')
#2 C:\xampp\htdocs\WEB\system\View\View.php(213): CodeIgniter\View\View->CodeIgniter\View\{closure}()
#3 C:\xampp\htdocs\WEB\system\Common.php(1089): CodeIgniter\View\View->render('admin/kamar', Array, true)
#4 C:\xampp\htdocs\WEB\app\Controllers\kamarController.php(18): view('admin/kamar', Array)
#5 C:\xampp\htdocs\WEB\system\CodeIgniter.php(825): App\Controllers\kamarController->index()
#6 C:\xampp\htdocs\WEB\system\CodeIgniter.php(412): CodeIgniter\CodeIgniter->runController(Object(App\Controllers\kamarController))
#7 C:\xampp\htdocs\WEB\system\CodeIgniter.php(320): CodeIgniter\CodeIgniter->handleRequest(NULL, Object(Config\Cache), false)
#8 C:\xampp\htdocs\WEB\public\index.php(37): CodeIgniter\CodeIgniter->run()
#9 C:\xampp\htdocs\WEB\system\Commands\Server\rewrite.php(43): require_once('C:\\xampp\\htdocs...')
#10 {main}
CRITICAL - 2022-02-28 21:23:03 --> Trying to get property 'nokamar' of non-object
#0 C:\xampp\htdocs\WEB\app\Views\admin\kamar.php(126): CodeIgniter\Debug\Exceptions->errorHandler(8, 'Trying to get p...', 'C:\\xampp\\htdocs...', 126, Array)
#1 C:\xampp\htdocs\WEB\system\View\View.php(210): include('C:\\xampp\\htdocs...')
#2 C:\xampp\htdocs\WEB\system\View\View.php(213): CodeIgniter\View\View->CodeIgniter\View\{closure}()
#3 C:\xampp\htdocs\WEB\system\Common.php(1089): CodeIgniter\View\View->render('admin/kamar', Array, true)
#4 C:\xampp\htdocs\WEB\app\Controllers\kamarController.php(18): view('admin/kamar', Array)
#5 C:\xampp\htdocs\WEB\system\CodeIgniter.php(825): App\Controllers\kamarController->index()
#6 C:\xampp\htdocs\WEB\system\CodeIgniter.php(412): CodeIgniter\CodeIgniter->runController(Object(App\Controllers\kamarController))
#7 C:\xampp\htdocs\WEB\system\CodeIgniter.php(320): CodeIgniter\CodeIgniter->handleRequest(NULL, Object(Config\Cache), false)
#8 C:\xampp\htdocs\WEB\public\index.php(37): CodeIgniter\CodeIgniter->run()
#9 C:\xampp\htdocs\WEB\system\Commands\Server\rewrite.php(43): require_once('C:\\xampp\\htdocs...')
#10 {main}
CRITICAL - 2022-02-28 21:46:04 --> Trying to get property 'nokamar' of non-object
#0 C:\xampp\htdocs\WEB\app\Views\admin\kamar.php(78): CodeIgniter\Debug\Exceptions->errorHandler(8, 'Trying to get p...', 'C:\\xampp\\htdocs...', 78, Array)
#1 C:\xampp\htdocs\WEB\system\View\View.php(210): include('C:\\xampp\\htdocs...')
#2 C:\xampp\htdocs\WEB\system\View\View.php(213): CodeIgniter\View\View->CodeIgniter\View\{closure}()
#3 C:\xampp\htdocs\WEB\system\Common.php(1089): CodeIgniter\View\View->render('admin/kamar', Array, true)
#4 C:\xampp\htdocs\WEB\app\Controllers\kamarController.php(18): view('admin/kamar', Array)
#5 C:\xampp\htdocs\WEB\system\CodeIgniter.php(825): App\Controllers\kamarController->index()
#6 C:\xampp\htdocs\WEB\system\CodeIgniter.php(412): CodeIgniter\CodeIgniter->runController(Object(App\Controllers\kamarController))
#7 C:\xampp\htdocs\WEB\system\CodeIgniter.php(320): CodeIgniter\CodeIgniter->handleRequest(NULL, Object(Config\Cache), false)
#8 C:\xampp\htdocs\WEB\public\index.php(37): CodeIgniter\CodeIgniter->run()
#9 C:\xampp\htdocs\WEB\system\Commands\Server\rewrite.php(43): require_once('C:\\xampp\\htdocs...')
#10 {main}
CRITICAL - 2022-02-28 21:46:42 --> Undefined index: jeniskamar
#0 C:\xampp\htdocs\WEB\app\Views\admin\kamar.php(105): CodeIgniter\Debug\Exceptions->errorHandler(8, 'Undefined index...', 'C:\\xampp\\htdocs...', 105, Array)
#1 C:\xampp\htdocs\WEB\system\View\View.php(210): include('C:\\xampp\\htdocs...')
#2 C:\xampp\htdocs\WEB\system\View\View.php(213): CodeIgniter\View\View->CodeIgniter\View\{closure}()
#3 C:\xampp\htdocs\WEB\system\Common.php(1089): CodeIgniter\View\View->render('admin/kamar', Array, true)
#4 C:\xampp\htdocs\WEB\app\Controllers\kamarController.php(18): view('admin/kamar', Array)
#5 C:\xampp\htdocs\WEB\system\CodeIgniter.php(825): App\Controllers\kamarController->index()
#6 C:\xampp\htdocs\WEB\system\CodeIgniter.php(412): CodeIgniter\CodeIgniter->runController(Object(App\Controllers\kamarController))
#7 C:\xampp\htdocs\WEB\system\CodeIgniter.php(320): CodeIgniter\CodeIgniter->handleRequest(NULL, Object(Config\Cache), false)
#8 C:\xampp\htdocs\WEB\public\index.php(37): CodeIgniter\CodeIgniter->run()
#9 C:\xampp\htdocs\WEB\system\Commands\Server\rewrite.php(43): require_once('C:\\xampp\\htdocs...')
#10 {main}
CRITICAL - 2022-02-28 21:57:11 --> Undefined index: jeniskamar
#0 C:\xampp\htdocs\WEB\app\Views\admin\kamar.php(105): CodeIgniter\Debug\Exceptions->errorHandler(8, 'Undefined index...', 'C:\\xampp\\htdocs...', 105, Array)
#1 C:\xampp\htdocs\WEB\system\View\View.php(210): include('C:\\xampp\\htdocs...')
#2 C:\xampp\htdocs\WEB\system\View\View.php(213): CodeIgniter\View\View->CodeIgniter\View\{closure}()
#3 C:\xampp\htdocs\WEB\system\Common.php(1089): CodeIgniter\View\View->render('admin/kamar', Array, true)
#4 C:\xampp\htdocs\WEB\app\Controllers\kamarController.php(18): view('admin/kamar', Array)
#5 C:\xampp\htdocs\WEB\system\CodeIgniter.php(825): App\Controllers\kamarController->index()
#6 C:\xampp\htdocs\WEB\system\CodeIgniter.php(412): CodeIgniter\CodeIgniter->runController(Object(App\Controllers\kamarController))
#7 C:\xampp\htdocs\WEB\system\CodeIgniter.php(320): CodeIgniter\CodeIgniter->handleRequest(NULL, Object(Config\Cache), false)
#8 C:\xampp\htdocs\WEB\public\index.php(37): CodeIgniter\CodeIgniter->run()
#9 C:\xampp\htdocs\WEB\system\Commands\Server\rewrite.php(43): require_once('C:\\xampp\\htdocs...')
#10 {main}
CRITICAL - 2022-02-28 21:57:48 --> Trying to get property 'nokamar' of non-object
#0 C:\xampp\htdocs\WEB\app\Views\admin\kamar.php(78): CodeIgniter\Debug\Exceptions->errorHandler(8, 'Trying to get p...', 'C:\\xampp\\htdocs...', 78, Array)
#1 C:\xampp\htdocs\WEB\system\View\View.php(210): include('C:\\xampp\\htdocs...')
#2 C:\xampp\htdocs\WEB\system\View\View.php(213): CodeIgniter\View\View->CodeIgniter\View\{closure}()
#3 C:\xampp\htdocs\WEB\system\Common.php(1089): CodeIgniter\View\View->render('admin/kamar', Array, true)
#4 C:\xampp\htdocs\WEB\app\Controllers\kamarController.php(18): view('admin/kamar', Array)
#5 C:\xampp\htdocs\WEB\system\CodeIgniter.php(825): App\Controllers\kamarController->index()
#6 C:\xampp\htdocs\WEB\system\CodeIgniter.php(412): CodeIgniter\CodeIgniter->runController(Object(App\Controllers\kamarController))
#7 C:\xampp\htdocs\WEB\system\CodeIgniter.php(320): CodeIgniter\CodeIgniter->handleRequest(NULL, Object(Config\Cache), false)
#8 C:\xampp\htdocs\WEB\public\index.php(37): CodeIgniter\CodeIgniter->run()
#9 C:\xampp\htdocs\WEB\system\Commands\Server\rewrite.php(43): require_once('C:\\xampp\\htdocs...')
#10 {main}
CRITICAL - 2022-02-28 21:57:51 --> Trying to get property 'nokamar' of non-object
#0 C:\xampp\htdocs\WEB\app\Views\admin\kamar.php(78): CodeIgniter\Debug\Exceptions->errorHandler(8, 'Trying to get p...', 'C:\\xampp\\htdocs...', 78, Array)
#1 C:\xampp\htdocs\WEB\system\View\View.php(210): include('C:\\xampp\\htdocs...')
#2 C:\xampp\htdocs\WEB\system\View\View.php(213): CodeIgniter\View\View->CodeIgniter\View\{closure}()
#3 C:\xampp\htdocs\WEB\system\Common.php(1089): CodeIgniter\View\View->render('admin/kamar', Array, true)
#4 C:\xampp\htdocs\WEB\app\Controllers\kamarController.php(18): view('admin/kamar', Array)
#5 C:\xampp\htdocs\WEB\system\CodeIgniter.php(825): App\Controllers\kamarController->index()
#6 C:\xampp\htdocs\WEB\system\CodeIgniter.php(412): CodeIgniter\CodeIgniter->runController(Object(App\Controllers\kamarController))
#7 C:\xampp\htdocs\WEB\system\CodeIgniter.php(320): CodeIgniter\CodeIgniter->handleRequest(NULL, Object(Config\Cache), false)
#8 C:\xampp\htdocs\WEB\public\index.php(37): CodeIgniter\CodeIgniter->run()
#9 C:\xampp\htdocs\WEB\system\Commands\Server\rewrite.php(43): require_once('C:\\xampp\\htdocs...')
#10 {main}
CRITICAL - 2022-02-28 22:56:49 --> Call to undefined method App\Models\PembayaranModel::getPembayaran
#0 C:\xampp\htdocs\WEB\app\Controllers\pembayaranController.php(12): CodeIgniter\Model->__call('getPembayaran', Array)
#1 C:\xampp\htdocs\WEB\system\CodeIgniter.php(825): App\Controllers\pembayaranController->index()
#2 C:\xampp\htdocs\WEB\system\CodeIgniter.php(412): CodeIgniter\CodeIgniter->runController(Object(App\Controllers\pembayaranController))
#3 C:\xampp\htdocs\WEB\system\CodeIgniter.php(320): CodeIgniter\CodeIgniter->handleRequest(NULL, Object(Config\Cache), false)
#4 C:\xampp\htdocs\WEB\public\index.php(37): CodeIgniter\CodeIgniter->run()
#5 C:\xampp\htdocs\WEB\system\Commands\Server\rewrite.php(43): require_once('C:\\xampp\\htdocs...')
#6 {main}
CRITICAL - 2022-02-28 23:03:37 --> Invalid file: admin/pembayaran.php
#0 C:\xampp\htdocs\WEB\system\View\View.php(198): CodeIgniter\Exceptions\FrameworkException::forInvalidFile('admin/pembayara...')
#1 C:\xampp\htdocs\WEB\system\Common.php(1089): CodeIgniter\View\View->render('admin/pembayara...', Array, true)
#2 C:\xampp\htdocs\WEB\app\Controllers\pembayaranController.php(14): view('admin/pembayara...', Array)
#3 C:\xampp\htdocs\WEB\system\CodeIgniter.php(825): App\Controllers\pembayaranController->index()
#4 C:\xampp\htdocs\WEB\system\CodeIgniter.php(412): CodeIgniter\CodeIgniter->runController(Object(App\Controllers\pembayaranController))
#5 C:\xampp\htdocs\WEB\system\CodeIgniter.php(320): CodeIgniter\CodeIgniter->handleRequest(NULL, Object(Config\Cache), false)
#6 C:\xampp\htdocs\WEB\public\index.php(37): CodeIgniter\CodeIgniter->run()
#7 C:\xampp\htdocs\WEB\system\Commands\Server\rewrite.php(43): require_once('C:\\xampp\\htdocs...')
#8 {main}
CRITICAL - 2022-02-28 23:03:54 --> Invalid file: admin/pembayaran.php
#0 C:\xampp\htdocs\WEB\system\View\View.php(198): CodeIgniter\Exceptions\FrameworkException::forInvalidFile('admin/pembayara...')
#1 C:\xampp\htdocs\WEB\system\Common.php(1089): CodeIgniter\View\View->render('admin/pembayara...', Array, true)
#2 C:\xampp\htdocs\WEB\app\Controllers\pembayaranController.php(14): view('admin/pembayara...', Array)
#3 C:\xampp\htdocs\WEB\system\CodeIgniter.php(825): App\Controllers\pembayaranController->index()
#4 C:\xampp\htdocs\WEB\system\CodeIgniter.php(412): CodeIgniter\CodeIgniter->runController(Object(App\Controllers\pembayaranController))
#5 C:\xampp\htdocs\WEB\system\CodeIgniter.php(320): CodeIgniter\CodeIgniter->handleRequest(NULL, Object(Config\Cache), false)
#6 C:\xampp\htdocs\WEB\public\index.php(37): CodeIgniter\CodeIgniter->run()
#7 C:\xampp\htdocs\WEB\system\Commands\Server\rewrite.php(43): require_once('C:\\xampp\\htdocs...')
#8 {main}
CRITICAL - 2022-02-28 23:06:07 --> Invalid file: admin/pembayaran.php
#0 C:\xampp\htdocs\WEB\system\View\View.php(198): CodeIgniter\Exceptions\FrameworkException::forInvalidFile('admin/pembayara...')
#1 C:\xampp\htdocs\WEB\system\Common.php(1089): CodeIgniter\View\View->render('admin/pembayara...', Array, true)
#2 C:\xampp\htdocs\WEB\app\Controllers\pembayaranController.php(14): view('admin/pembayara...', Array)
#3 C:\xampp\htdocs\WEB\system\CodeIgniter.php(825): App\Controllers\pembayaranController->index()
#4 C:\xampp\htdocs\WEB\system\CodeIgniter.php(412): CodeIgniter\CodeIgniter->runController(Object(App\Controllers\pembayaranController))
#5 C:\xampp\htdocs\WEB\system\CodeIgniter.php(320): CodeIgniter\CodeIgniter->handleRequest(NULL, Object(Config\Cache), false)
#6 C:\xampp\htdocs\WEB\public\index.php(37): CodeIgniter\CodeIgniter->run()
#7 C:\xampp\htdocs\WEB\system\Commands\Server\rewrite.php(43): require_once('C:\\xampp\\htdocs...')
#8 {main}
CRITICAL - 2022-02-28 23:06:48 --> Invalid file: admin/pembayaran.php
#0 C:\xampp\htdocs\WEB\system\View\View.php(198): CodeIgniter\Exceptions\FrameworkException::forInvalidFile('admin/pembayara...')
#1 C:\xampp\htdocs\WEB\system\Common.php(1089): CodeIgniter\View\View->render('admin/pembayara...', Array, true)
#2 C:\xampp\htdocs\WEB\app\Controllers\pembayaranController.php(14): view('admin/pembayara...', Array)
#3 C:\xampp\htdocs\WEB\system\CodeIgniter.php(825): App\Controllers\pembayaranController->index()
#4 C:\xampp\htdocs\WEB\system\CodeIgniter.php(412): CodeIgniter\CodeIgniter->runController(Object(App\Controllers\pembayaranController))
#5 C:\xampp\htdocs\WEB\system\CodeIgniter.php(320): CodeIgniter\CodeIgniter->handleRequest(NULL, Object(Config\Cache), false)
#6 C:\xampp\htdocs\WEB\public\index.php(37): CodeIgniter\CodeIgniter->run()
#7 C:\xampp\htdocs\WEB\system\Commands\Server\rewrite.php(43): require_once('C:\\xampp\\htdocs...')
#8 {main}
CRITICAL - 2022-02-28 23:17:01 --> Invalid file: admin/pembayaran.php
#0 C:\xampp\htdocs\WEB\system\View\View.php(198): CodeIgniter\Exceptions\FrameworkException::forInvalidFile('admin/pembayara...')
#1 C:\xampp\htdocs\WEB\system\Common.php(1089): CodeIgniter\View\View->render('admin/pembayara...', Array, true)
#2 C:\xampp\htdocs\WEB\app\Controllers\pembayaranController.php(14): view('admin/pembayara...', Array)
#3 C:\xampp\htdocs\WEB\system\CodeIgniter.php(825): App\Controllers\pembayaranController->index()
#4 C:\xampp\htdocs\WEB\system\CodeIgniter.php(412): CodeIgniter\CodeIgniter->runController(Object(App\Controllers\pembayaranController))
#5 C:\xampp\htdocs\WEB\system\CodeIgniter.php(320): CodeIgniter\CodeIgniter->handleRequest(NULL, Object(Config\Cache), false)
#6 C:\xampp\htdocs\WEB\public\index.php(37): CodeIgniter\CodeIgniter->run()
#7 C:\xampp\htdocs\WEB\system\Commands\Server\rewrite.php(43): require_once('C:\\xampp\\htdocs...')
#8 {main}
CRITICAL - 2022-02-28 23:32:03 --> Invalid file: admin/pembayaran.php
#0 C:\xampp\htdocs\WEB\system\View\View.php(198): CodeIgniter\Exceptions\FrameworkException::forInvalidFile('admin/pembayara...')
#1 C:\xampp\htdocs\WEB\system\Common.php(1089): CodeIgniter\View\View->render('admin/pembayara...', Array, true)
#2 C:\xampp\htdocs\WEB\app\Controllers\pembayaranController.php(14): view('admin/pembayara...', Array)
#3 C:\xampp\htdocs\WEB\system\CodeIgniter.php(825): App\Controllers\pembayaranController->index()
#4 C:\xampp\htdocs\WEB\system\CodeIgniter.php(412): CodeIgniter\CodeIgniter->runController(Object(App\Controllers\pembayaranController))
#5 C:\xampp\htdocs\WEB\system\CodeIgniter.php(320): CodeIgniter\CodeIgniter->handleRequest(NULL, Object(Config\Cache), false)
#6 C:\xampp\htdocs\WEB\public\index.php(37): CodeIgniter\CodeIgniter->run()
#7 C:\xampp\htdocs\WEB\system\Commands\Server\rewrite.php(43): require_once('C:\\xampp\\htdocs...')
#8 {main}
CRITICAL - 2022-02-28 23:33:09 --> Undefined variable: Dpembayaran
#0 C:\xampp\htdocs\WEB\app\Views\admin\MetodePembayaran.php(22): CodeIgniter\Debug\Exceptions->errorHandler(8, 'Undefined varia...', 'C:\\xampp\\htdocs...', 22, Array)
#1 C:\xampp\htdocs\WEB\system\View\View.php(210): include('C:\\xampp\\htdocs...')
#2 C:\xampp\htdocs\WEB\system\View\View.php(213): CodeIgniter\View\View->CodeIgniter\View\{closure}()
#3 C:\xampp\htdocs\WEB\system\Common.php(1089): CodeIgniter\View\View->render('admin/MetodePem...', Array, true)
#4 C:\xampp\htdocs\WEB\app\Controllers\pembayaranController.php(14): view('admin/MetodePem...', Array)
#5 C:\xampp\htdocs\WEB\system\CodeIgniter.php(825): App\Controllers\pembayaranController->index()
#6 C:\xampp\htdocs\WEB\system\CodeIgniter.php(412): CodeIgniter\CodeIgniter->runController(Object(App\Controllers\pembayaranController))
#7 C:\xampp\htdocs\WEB\system\CodeIgniter.php(320): CodeIgniter\CodeIgniter->handleRequest(NULL, Object(Config\Cache), false)
#8 C:\xampp\htdocs\WEB\public\index.php(37): CodeIgniter\CodeIgniter->run()
#9 C:\xampp\htdocs\WEB\system\Commands\Server\rewrite.php(43): require_once('C:\\xampp\\htdocs...')
#10 {main}
