CRITICAL - 2022-03-09 01:18:41 --> Trying to get property 'userid' of non-object
#0 C:\xampp\htdocs\WEB\app\Controllers\PDFController.php(21): CodeIgniter\Debug\Exceptions->errorHandler(8, 'Trying to get p...', 'C:\\xampp\\htdocs...', 21, Array)
#1 C:\xampp\htdocs\WEB\system\CodeIgniter.php(825): App\Controllers\PDFController->cetak()
#2 C:\xampp\htdocs\WEB\system\CodeIgniter.php(412): CodeIgniter\CodeIgniter->runController(Object(App\Controllers\PDFController))
#3 C:\xampp\htdocs\WEB\system\CodeIgniter.php(320): CodeIgniter\CodeIgniter->handleRequest(NULL, Object(Config\Cache), false)
#4 C:\xampp\htdocs\WEB\public\index.php(37): CodeIgniter\CodeIgniter->run()
#5 C:\xampp\htdocs\WEB\system\Commands\Server\rewrite.php(43): require_once('C:\\xampp\\htdocs...')
#6 {main}
CRITICAL - 2022-03-09 01:22:34 --> Trying to get property 'userid' of non-object
#0 C:\xampp\htdocs\WEB\app\Controllers\PDFController.php(22): CodeIgniter\Debug\Exceptions->errorHandler(8, 'Trying to get p...', 'C:\\xampp\\htdocs...', 22, Array)
#1 C:\xampp\htdocs\WEB\system\CodeIgniter.php(825): App\Controllers\PDFController->cetak()
#2 C:\xampp\htdocs\WEB\system\CodeIgniter.php(412): CodeIgniter\CodeIgniter->runController(Object(App\Controllers\PDFController))
#3 C:\xampp\htdocs\WEB\system\CodeIgniter.php(320): CodeIgniter\CodeIgniter->handleRequest(NULL, Object(Config\Cache), false)
#4 C:\xampp\htdocs\WEB\public\index.php(37): CodeIgniter\CodeIgniter->run()
#5 C:\xampp\htdocs\WEB\system\Commands\Server\rewrite.php(43): require_once('C:\\xampp\\htdocs...')
#6 {main}
CRITICAL - 2022-03-09 01:23:07 --> Invalid file: transaksi/cetakfaktur.php
#0 C:\xampp\htdocs\WEB\system\View\View.php(198): CodeIgniter\Exceptions\FrameworkException::forInvalidFile('transaksi/cetak...')
#1 C:\xampp\htdocs\WEB\system\Common.php(1089): CodeIgniter\View\View->render('transaksi/cetak...', Array, true)
#2 C:\xampp\htdocs\WEB\app\Controllers\PDFController.php(23): view('transaksi/cetak...', Array)
#3 C:\xampp\htdocs\WEB\system\CodeIgniter.php(825): App\Controllers\PDFController->cetak()
#4 C:\xampp\htdocs\WEB\system\CodeIgniter.php(412): CodeIgniter\CodeIgniter->runController(Object(App\Controllers\PDFController))
#5 C:\xampp\htdocs\WEB\system\CodeIgniter.php(320): CodeIgniter\CodeIgniter->handleRequest(NULL, Object(Config\Cache), false)
#6 C:\xampp\htdocs\WEB\public\index.php(37): CodeIgniter\CodeIgniter->run()
#7 C:\xampp\htdocs\WEB\system\Commands\Server\rewrite.php(43): require_once('C:\\xampp\\htdocs...')
#8 {main}
CRITICAL - 2022-03-09 01:25:01 --> Invalid file: transaksi/cetakfaktur.php
#0 C:\xampp\htdocs\WEB\system\View\View.php(198): CodeIgniter\Exceptions\FrameworkException::forInvalidFile('transaksi/cetak...')
#1 C:\xampp\htdocs\WEB\system\Common.php(1089): CodeIgniter\View\View->render('transaksi/cetak...', Array, true)
#2 C:\xampp\htdocs\WEB\app\Controllers\PDFController.php(32): view('transaksi/cetak...', Array)
#3 C:\xampp\htdocs\WEB\system\CodeIgniter.php(825): App\Controllers\PDFController->cetak()
#4 C:\xampp\htdocs\WEB\system\CodeIgniter.php(412): CodeIgniter\CodeIgniter->runController(Object(App\Controllers\PDFController))
#5 C:\xampp\htdocs\WEB\system\CodeIgniter.php(320): CodeIgniter\CodeIgniter->handleRequest(NULL, Object(Config\Cache), false)
#6 C:\xampp\htdocs\WEB\public\index.php(37): CodeIgniter\CodeIgniter->run()
#7 C:\xampp\htdocs\WEB\system\Commands\Server\rewrite.php(43): require_once('C:\\xampp\\htdocs...')
#8 {main}
CRITICAL - 2022-03-09 01:26:10 --> Invalid file: transaksi/cetakfaktur.php
#0 C:\xampp\htdocs\WEB\system\View\View.php(198): CodeIgniter\Exceptions\FrameworkException::forInvalidFile('transaksi/cetak...')
#1 C:\xampp\htdocs\WEB\system\Common.php(1089): CodeIgniter\View\View->render('transaksi/cetak...', Array, true)
#2 C:\xampp\htdocs\WEB\app\Controllers\PDFController.php(32): view('transaksi/cetak...', Array)
#3 C:\xampp\htdocs\WEB\system\CodeIgniter.php(825): App\Controllers\PDFController->cetak()
#4 C:\xampp\htdocs\WEB\system\CodeIgniter.php(412): CodeIgniter\CodeIgniter->runController(Object(App\Controllers\PDFController))
#5 C:\xampp\htdocs\WEB\system\CodeIgniter.php(320): CodeIgniter\CodeIgniter->handleRequest(NULL, Object(Config\Cache), false)
#6 C:\xampp\htdocs\WEB\public\index.php(37): CodeIgniter\CodeIgniter->run()
#7 C:\xampp\htdocs\WEB\system\Commands\Server\rewrite.php(43): require_once('C:\\xampp\\htdocs...')
#8 {main}
CRITICAL - 2022-03-09 01:26:11 --> Invalid file: transaksi/cetakfaktur.php
#0 C:\xampp\htdocs\WEB\system\View\View.php(198): CodeIgniter\Exceptions\FrameworkException::forInvalidFile('transaksi/cetak...')
#1 C:\xampp\htdocs\WEB\system\Common.php(1089): CodeIgniter\View\View->render('transaksi/cetak...', Array, true)
#2 C:\xampp\htdocs\WEB\app\Controllers\PDFController.php(32): view('transaksi/cetak...', Array)
#3 C:\xampp\htdocs\WEB\system\CodeIgniter.php(825): App\Controllers\PDFController->cetak()
#4 C:\xampp\htdocs\WEB\system\CodeIgniter.php(412): CodeIgniter\CodeIgniter->runController(Object(App\Controllers\PDFController))
#5 C:\xampp\htdocs\WEB\system\CodeIgniter.php(320): CodeIgniter\CodeIgniter->handleRequest(NULL, Object(Config\Cache), false)
#6 C:\xampp\htdocs\WEB\public\index.php(37): CodeIgniter\CodeIgniter->run()
#7 C:\xampp\htdocs\WEB\system\Commands\Server\rewrite.php(43): require_once('C:\\xampp\\htdocs...')
#8 {main}
CRITICAL - 2022-03-09 01:26:12 --> Invalid file: transaksi/cetakfaktur.php
#0 C:\xampp\htdocs\WEB\system\View\View.php(198): CodeIgniter\Exceptions\FrameworkException::forInvalidFile('transaksi/cetak...')
#1 C:\xampp\htdocs\WEB\system\Common.php(1089): CodeIgniter\View\View->render('transaksi/cetak...', Array, true)
#2 C:\xampp\htdocs\WEB\app\Controllers\PDFController.php(32): view('transaksi/cetak...', Array)
#3 C:\xampp\htdocs\WEB\system\CodeIgniter.php(825): App\Controllers\PDFController->cetak()
#4 C:\xampp\htdocs\WEB\system\CodeIgniter.php(412): CodeIgniter\CodeIgniter->runController(Object(App\Controllers\PDFController))
#5 C:\xampp\htdocs\WEB\system\CodeIgniter.php(320): CodeIgniter\CodeIgniter->handleRequest(NULL, Object(Config\Cache), false)
#6 C:\xampp\htdocs\WEB\public\index.php(37): CodeIgniter\CodeIgniter->run()
#7 C:\xampp\htdocs\WEB\system\Commands\Server\rewrite.php(43): require_once('C:\\xampp\\htdocs...')
#8 {main}
CRITICAL - 2022-03-09 01:26:32 --> Invalid file: cetakfaktur.php
#0 C:\xampp\htdocs\WEB\system\View\View.php(198): CodeIgniter\Exceptions\FrameworkException::forInvalidFile('cetakfaktur.php')
#1 C:\xampp\htdocs\WEB\system\Common.php(1089): CodeIgniter\View\View->render('cetakfaktur', Array, true)
#2 C:\xampp\htdocs\WEB\app\Controllers\PDFController.php(32): view('cetakfaktur', Array)
#3 C:\xampp\htdocs\WEB\system\CodeIgniter.php(825): App\Controllers\PDFController->cetak()
#4 C:\xampp\htdocs\WEB\system\CodeIgniter.php(412): CodeIgniter\CodeIgniter->runController(Object(App\Controllers\PDFController))
#5 C:\xampp\htdocs\WEB\system\CodeIgniter.php(320): CodeIgniter\CodeIgniter->handleRequest(NULL, Object(Config\Cache), false)
#6 C:\xampp\htdocs\WEB\public\index.php(37): CodeIgniter\CodeIgniter->run()
#7 C:\xampp\htdocs\WEB\system\Commands\Server\rewrite.php(43): require_once('C:\\xampp\\htdocs...')
#8 {main}
ERROR - 2022-03-09 07:55:49 --> Error connecting to the database: MySQL server has gone away
CRITICAL - 2022-03-09 07:55:49 --> Unable to connect to the database.
Main connection [MySQLi]: MySQL server has gone away
#0 C:\xampp\htdocs\WEB\system\Database\BaseConnection.php(577): CodeIgniter\Database\BaseConnection->initialize()
#1 C:\xampp\htdocs\WEB\system\Database\BaseBuilder.php(1455): CodeIgniter\Database\BaseConnection->query('SELECT *\nFROM `...', Array, false)
#2 C:\xampp\htdocs\WEB\system\Model.php(210): CodeIgniter\Database\BaseBuilder->get()
#3 C:\xampp\htdocs\WEB\system\BaseModel.php(622): CodeIgniter\Model->doFirst()
#4 C:\xampp\htdocs\WEB\app\Controllers\LoginController.php(24): CodeIgniter\BaseModel->first()
#5 C:\xampp\htdocs\WEB\system\CodeIgniter.php(825): App\Controllers\LoginController->auth()
#6 C:\xampp\htdocs\WEB\system\CodeIgniter.php(412): CodeIgniter\CodeIgniter->runController(Object(App\Controllers\LoginController))
#7 C:\xampp\htdocs\WEB\system\CodeIgniter.php(320): CodeIgniter\CodeIgniter->handleRequest(NULL, Object(Config\Cache), false)
#8 C:\xampp\htdocs\WEB\public\index.php(37): CodeIgniter\CodeIgniter->run()
#9 C:\xampp\htdocs\WEB\system\Commands\Server\rewrite.php(43): require_once('C:\\xampp\\htdocs...')
#10 {main}
ERROR - 2022-03-09 07:56:06 --> Error connecting to the database: No connection could be made because the target machine actively refused it.

CRITICAL - 2022-03-09 07:56:06 --> Unable to connect to the database.
Main connection [MySQLi]: No connection could be made because the target machine actively refused it.

#0 C:\xampp\htdocs\WEB\system\Database\BaseConnection.php(577): CodeIgniter\Database\BaseConnection->initialize()
#1 C:\xampp\htdocs\WEB\system\Database\BaseBuilder.php(1455): CodeIgniter\Database\BaseConnection->query('SELECT *\nFROM `...', Array, false)
#2 C:\xampp\htdocs\WEB\system\Model.php(210): CodeIgniter\Database\BaseBuilder->get()
#3 C:\xampp\htdocs\WEB\system\BaseModel.php(622): CodeIgniter\Model->doFirst()
#4 C:\xampp\htdocs\WEB\app\Controllers\LoginController.php(24): CodeIgniter\BaseModel->first()
#5 C:\xampp\htdocs\WEB\system\CodeIgniter.php(825): App\Controllers\LoginController->auth()
#6 C:\xampp\htdocs\WEB\system\CodeIgniter.php(412): CodeIgniter\CodeIgniter->runController(Object(App\Controllers\LoginController))
#7 C:\xampp\htdocs\WEB\system\CodeIgniter.php(320): CodeIgniter\CodeIgniter->handleRequest(NULL, Object(Config\Cache), false)
#8 C:\xampp\htdocs\WEB\public\index.php(37): CodeIgniter\CodeIgniter->run()
#9 C:\xampp\htdocs\WEB\system\Commands\Server\rewrite.php(43): require_once('C:\\xampp\\htdocs...')
#10 {main}
ERROR - 2022-03-09 07:56:26 --> Error connecting to the database: MySQL server has gone away
CRITICAL - 2022-03-09 07:56:26 --> Unable to connect to the database.
Main connection [MySQLi]: MySQL server has gone away
#0 C:\xampp\htdocs\WEB\system\Database\BaseConnection.php(577): CodeIgniter\Database\BaseConnection->initialize()
#1 C:\xampp\htdocs\WEB\system\Database\BaseBuilder.php(1455): CodeIgniter\Database\BaseConnection->query('SELECT *\nFROM `...', Array, false)
#2 C:\xampp\htdocs\WEB\system\Model.php(210): CodeIgniter\Database\BaseBuilder->get()
#3 C:\xampp\htdocs\WEB\system\BaseModel.php(622): CodeIgniter\Model->doFirst()
#4 C:\xampp\htdocs\WEB\app\Controllers\LoginController.php(24): CodeIgniter\BaseModel->first()
#5 C:\xampp\htdocs\WEB\system\CodeIgniter.php(825): App\Controllers\LoginController->auth()
#6 C:\xampp\htdocs\WEB\system\CodeIgniter.php(412): CodeIgniter\CodeIgniter->runController(Object(App\Controllers\LoginController))
#7 C:\xampp\htdocs\WEB\system\CodeIgniter.php(320): CodeIgniter\CodeIgniter->handleRequest(NULL, Object(Config\Cache), false)
#8 C:\xampp\htdocs\WEB\public\index.php(37): CodeIgniter\CodeIgniter->run()
#9 C:\xampp\htdocs\WEB\system\Commands\Server\rewrite.php(43): require_once('C:\\xampp\\htdocs...')
#10 {main}
CRITICAL - 2022-03-09 10:14:41 --> Undefined index: no_transaksi
#0 C:\xampp\htdocs\WEB\app\Views\user\chekin.php(121): CodeIgniter\Debug\Exceptions->errorHandler(8, 'Undefined index...', 'C:\\xampp\\htdocs...', 121, Array)
#1 C:\xampp\htdocs\WEB\system\View\View.php(210): include('C:\\xampp\\htdocs...')
#2 C:\xampp\htdocs\WEB\system\View\View.php(213): CodeIgniter\View\View->CodeIgniter\View\{closure}()
#3 C:\xampp\htdocs\WEB\system\Common.php(1089): CodeIgniter\View\View->render('user/chekin', Array, true)
#4 C:\xampp\htdocs\WEB\app\Controllers\ChekinController.php(18): view('user/chekin', Array)
#5 C:\xampp\htdocs\WEB\system\CodeIgniter.php(825): App\Controllers\ChekinController->index()
#6 C:\xampp\htdocs\WEB\system\CodeIgniter.php(412): CodeIgniter\CodeIgniter->runController(Object(App\Controllers\ChekinController))
#7 C:\xampp\htdocs\WEB\system\CodeIgniter.php(320): CodeIgniter\CodeIgniter->handleRequest(NULL, Object(Config\Cache), false)
#8 C:\xampp\htdocs\WEB\public\index.php(37): CodeIgniter\CodeIgniter->run()
#9 C:\xampp\htdocs\WEB\system\Commands\Server\rewrite.php(43): require_once('C:\\xampp\\htdocs...')
#10 {main}
CRITICAL - 2022-03-09 10:14:43 --> Undefined index: no_transaksi
#0 C:\xampp\htdocs\WEB\app\Views\user\chekin.php(121): CodeIgniter\Debug\Exceptions->errorHandler(8, 'Undefined index...', 'C:\\xampp\\htdocs...', 121, Array)
#1 C:\xampp\htdocs\WEB\system\View\View.php(210): include('C:\\xampp\\htdocs...')
#2 C:\xampp\htdocs\WEB\system\View\View.php(213): CodeIgniter\View\View->CodeIgniter\View\{closure}()
#3 C:\xampp\htdocs\WEB\system\Common.php(1089): CodeIgniter\View\View->render('user/chekin', Array, true)
#4 C:\xampp\htdocs\WEB\app\Controllers\ChekinController.php(18): view('user/chekin', Array)
#5 C:\xampp\htdocs\WEB\system\CodeIgniter.php(825): App\Controllers\ChekinController->index()
#6 C:\xampp\htdocs\WEB\system\CodeIgniter.php(412): CodeIgniter\CodeIgniter->runController(Object(App\Controllers\ChekinController))
#7 C:\xampp\htdocs\WEB\system\CodeIgniter.php(320): CodeIgniter\CodeIgniter->handleRequest(NULL, Object(Config\Cache), false)
#8 C:\xampp\htdocs\WEB\public\index.php(37): CodeIgniter\CodeIgniter->run()
#9 C:\xampp\htdocs\WEB\system\Commands\Server\rewrite.php(43): require_once('C:\\xampp\\htdocs...')
#10 {main}
CRITICAL - 2022-03-09 10:34:15 --> Undefined property: stdClass::$namalengkap
#0 C:\xampp\htdocs\WEB\app\Views\user\invoice.php(6): CodeIgniter\Debug\Exceptions->errorHandler(8, 'Undefined prope...', 'C:\\xampp\\htdocs...', 6, Array)
#1 C:\xampp\htdocs\WEB\system\View\View.php(210): include('C:\\xampp\\htdocs...')
#2 C:\xampp\htdocs\WEB\system\View\View.php(213): CodeIgniter\View\View->CodeIgniter\View\{closure}()
#3 C:\xampp\htdocs\WEB\system\Common.php(1089): CodeIgniter\View\View->render('user/invoice', Array, true)
#4 C:\xampp\htdocs\WEB\app\Controllers\PDFController.php(64): view('user/invoice', Array)
#5 C:\xampp\htdocs\WEB\system\CodeIgniter.php(825): App\Controllers\PDFController->cetak('4')
#6 C:\xampp\htdocs\WEB\system\CodeIgniter.php(412): CodeIgniter\CodeIgniter->runController(Object(App\Controllers\PDFController))
#7 C:\xampp\htdocs\WEB\system\CodeIgniter.php(320): CodeIgniter\CodeIgniter->handleRequest(NULL, Object(Config\Cache), false)
#8 C:\xampp\htdocs\WEB\public\index.php(37): CodeIgniter\CodeIgniter->run()
#9 C:\xampp\htdocs\WEB\system\Commands\Server\rewrite.php(43): require_once('C:\\xampp\\htdocs...')
#10 {main}
CRITICAL - 2022-03-09 10:35:27 --> Undefined variable: ttransksi
#0 C:\xampp\htdocs\WEB\app\Views\user\invoice.php(14): CodeIgniter\Debug\Exceptions->errorHandler(8, 'Undefined varia...', 'C:\\xampp\\htdocs...', 14, Array)
#1 C:\xampp\htdocs\WEB\system\View\View.php(210): include('C:\\xampp\\htdocs...')
#2 C:\xampp\htdocs\WEB\system\View\View.php(213): CodeIgniter\View\View->CodeIgniter\View\{closure}()
#3 C:\xampp\htdocs\WEB\system\Common.php(1089): CodeIgniter\View\View->render('user/invoice', Array, true)
#4 C:\xampp\htdocs\WEB\app\Controllers\PDFController.php(64): view('user/invoice', Array)
#5 C:\xampp\htdocs\WEB\system\CodeIgniter.php(825): App\Controllers\PDFController->cetak('4')
#6 C:\xampp\htdocs\WEB\system\CodeIgniter.php(412): CodeIgniter\CodeIgniter->runController(Object(App\Controllers\PDFController))
#7 C:\xampp\htdocs\WEB\system\CodeIgniter.php(320): CodeIgniter\CodeIgniter->handleRequest(NULL, Object(Config\Cache), false)
#8 C:\xampp\htdocs\WEB\public\index.php(37): CodeIgniter\CodeIgniter->run()
#9 C:\xampp\htdocs\WEB\system\Commands\Server\rewrite.php(43): require_once('C:\\xampp\\htdocs...')
#10 {main}
CRITICAL - 2022-03-09 10:35:39 --> Undefined variable: transksi
#0 C:\xampp\htdocs\WEB\app\Views\user\invoice.php(14): CodeIgniter\Debug\Exceptions->errorHandler(8, 'Undefined varia...', 'C:\\xampp\\htdocs...', 14, Array)
#1 C:\xampp\htdocs\WEB\system\View\View.php(210): include('C:\\xampp\\htdocs...')
#2 C:\xampp\htdocs\WEB\system\View\View.php(213): CodeIgniter\View\View->CodeIgniter\View\{closure}()
#3 C:\xampp\htdocs\WEB\system\Common.php(1089): CodeIgniter\View\View->render('user/invoice', Array, true)
#4 C:\xampp\htdocs\WEB\app\Controllers\PDFController.php(64): view('user/invoice', Array)
#5 C:\xampp\htdocs\WEB\system\CodeIgniter.php(825): App\Controllers\PDFController->cetak('4')
#6 C:\xampp\htdocs\WEB\system\CodeIgniter.php(412): CodeIgniter\CodeIgniter->runController(Object(App\Controllers\PDFController))
#7 C:\xampp\htdocs\WEB\system\CodeIgniter.php(320): CodeIgniter\CodeIgniter->handleRequest(NULL, Object(Config\Cache), false)
#8 C:\xampp\htdocs\WEB\public\index.php(37): CodeIgniter\CodeIgniter->run()
#9 C:\xampp\htdocs\WEB\system\Commands\Server\rewrite.php(43): require_once('C:\\xampp\\htdocs...')
#10 {main}
CRITICAL - 2022-03-09 10:37:02 --> Undefined variable: transksi
#0 C:\xampp\htdocs\WEB\app\Views\user\invoice.php(14): CodeIgniter\Debug\Exceptions->errorHandler(8, 'Undefined varia...', 'C:\\xampp\\htdocs...', 14, Array)
#1 C:\xampp\htdocs\WEB\system\View\View.php(210): include('C:\\xampp\\htdocs...')
#2 C:\xampp\htdocs\WEB\system\View\View.php(213): CodeIgniter\View\View->CodeIgniter\View\{closure}()
#3 C:\xampp\htdocs\WEB\system\Common.php(1089): CodeIgniter\View\View->render('user/invoice', Array, true)
#4 C:\xampp\htdocs\WEB\app\Controllers\PDFController.php(64): view('user/invoice', Array)
#5 C:\xampp\htdocs\WEB\system\CodeIgniter.php(825): App\Controllers\PDFController->cetak('4')
#6 C:\xampp\htdocs\WEB\system\CodeIgniter.php(412): CodeIgniter\CodeIgniter->runController(Object(App\Controllers\PDFController))
#7 C:\xampp\htdocs\WEB\system\CodeIgniter.php(320): CodeIgniter\CodeIgniter->handleRequest(NULL, Object(Config\Cache), false)
#8 C:\xampp\htdocs\WEB\public\index.php(37): CodeIgniter\CodeIgniter->run()
#9 C:\xampp\htdocs\WEB\system\Commands\Server\rewrite.php(43): require_once('C:\\xampp\\htdocs...')
#10 {main}
CRITICAL - 2022-03-09 10:49:40 --> Undefined property: stdClass::$jeniskamar
#0 C:\xampp\htdocs\WEB\app\Views\user\invoice.php(35): CodeIgniter\Debug\Exceptions->errorHandler(8, 'Undefined prope...', 'C:\\xampp\\htdocs...', 35, Array)
#1 C:\xampp\htdocs\WEB\system\View\View.php(210): include('C:\\xampp\\htdocs...')
#2 C:\xampp\htdocs\WEB\system\View\View.php(213): CodeIgniter\View\View->CodeIgniter\View\{closure}()
#3 C:\xampp\htdocs\WEB\system\Common.php(1089): CodeIgniter\View\View->render('user/invoice', Array, true)
#4 C:\xampp\htdocs\WEB\app\Controllers\PDFController.php(64): view('user/invoice', Array)
#5 C:\xampp\htdocs\WEB\system\CodeIgniter.php(825): App\Controllers\PDFController->cetak('4')
#6 C:\xampp\htdocs\WEB\system\CodeIgniter.php(412): CodeIgniter\CodeIgniter->runController(Object(App\Controllers\PDFController))
#7 C:\xampp\htdocs\WEB\system\CodeIgniter.php(320): CodeIgniter\CodeIgniter->handleRequest(NULL, Object(Config\Cache), false)
#8 C:\xampp\htdocs\WEB\public\index.php(37): CodeIgniter\CodeIgniter->run()
#9 C:\xampp\htdocs\WEB\system\Commands\Server\rewrite.php(43): require_once('C:\\xampp\\htdocs...')
#10 {main}
CRITICAL - 2022-03-09 10:50:29 --> Undefined variable: row
#0 C:\xampp\htdocs\WEB\app\Views\user\invoice.php(35): CodeIgniter\Debug\Exceptions->errorHandler(8, 'Undefined varia...', 'C:\\xampp\\htdocs...', 35, Array)
#1 C:\xampp\htdocs\WEB\system\View\View.php(210): include('C:\\xampp\\htdocs...')
#2 C:\xampp\htdocs\WEB\system\View\View.php(213): CodeIgniter\View\View->CodeIgniter\View\{closure}()
#3 C:\xampp\htdocs\WEB\system\Common.php(1089): CodeIgniter\View\View->render('user/invoice', Array, true)
#4 C:\xampp\htdocs\WEB\app\Controllers\PDFController.php(64): view('user/invoice', Array)
#5 C:\xampp\htdocs\WEB\system\CodeIgniter.php(825): App\Controllers\PDFController->cetak('4')
#6 C:\xampp\htdocs\WEB\system\CodeIgniter.php(412): CodeIgniter\CodeIgniter->runController(Object(App\Controllers\PDFController))
#7 C:\xampp\htdocs\WEB\system\CodeIgniter.php(320): CodeIgniter\CodeIgniter->handleRequest(NULL, Object(Config\Cache), false)
#8 C:\xampp\htdocs\WEB\public\index.php(37): CodeIgniter\CodeIgniter->run()
#9 C:\xampp\htdocs\WEB\system\Commands\Server\rewrite.php(43): require_once('C:\\xampp\\htdocs...')
#10 {main}
CRITICAL - 2022-03-09 10:50:40 --> Cannot use object of type stdClass as array
#0 C:\xampp\htdocs\WEB\system\View\View.php(210): include()
#1 C:\xampp\htdocs\WEB\system\View\View.php(213): CodeIgniter\View\View->CodeIgniter\View\{closure}()
#2 C:\xampp\htdocs\WEB\system\Common.php(1089): CodeIgniter\View\View->render('user/invoice', Array, true)
#3 C:\xampp\htdocs\WEB\app\Controllers\PDFController.php(64): view('user/invoice', Array)
#4 C:\xampp\htdocs\WEB\system\CodeIgniter.php(825): App\Controllers\PDFController->cetak('4')
#5 C:\xampp\htdocs\WEB\system\CodeIgniter.php(412): CodeIgniter\CodeIgniter->runController(Object(App\Controllers\PDFController))
#6 C:\xampp\htdocs\WEB\system\CodeIgniter.php(320): CodeIgniter\CodeIgniter->handleRequest(NULL, Object(Config\Cache), false)
#7 C:\xampp\htdocs\WEB\public\index.php(37): CodeIgniter\CodeIgniter->run()
#8 C:\xampp\htdocs\WEB\system\Commands\Server\rewrite.php(43): require_once('C:\\xampp\\htdocs...')
#9 {main}
CRITICAL - 2022-03-09 10:52:05 --> syntax error, unexpected end of file
#0 C:\xampp\htdocs\WEB\system\View\View.php(213): CodeIgniter\View\View->CodeIgniter\View\{closure}()
#1 C:\xampp\htdocs\WEB\system\Common.php(1089): CodeIgniter\View\View->render('user/invoice', Array, true)
#2 C:\xampp\htdocs\WEB\app\Controllers\PDFController.php(64): view('user/invoice', Array)
#3 C:\xampp\htdocs\WEB\system\CodeIgniter.php(825): App\Controllers\PDFController->cetak('4')
#4 C:\xampp\htdocs\WEB\system\CodeIgniter.php(412): CodeIgniter\CodeIgniter->runController(Object(App\Controllers\PDFController))
#5 C:\xampp\htdocs\WEB\system\CodeIgniter.php(320): CodeIgniter\CodeIgniter->handleRequest(NULL, Object(Config\Cache), false)
#6 C:\xampp\htdocs\WEB\public\index.php(37): CodeIgniter\CodeIgniter->run()
#7 C:\xampp\htdocs\WEB\system\Commands\Server\rewrite.php(43): require_once('C:\\xampp\\htdocs...')
#8 {main}
CRITICAL - 2022-03-09 10:52:40 --> syntax error, unexpected '}'
#0 C:\xampp\htdocs\WEB\system\View\View.php(213): CodeIgniter\View\View->CodeIgniter\View\{closure}()
#1 C:\xampp\htdocs\WEB\system\Common.php(1089): CodeIgniter\View\View->render('user/invoice', Array, true)
#2 C:\xampp\htdocs\WEB\app\Controllers\PDFController.php(64): view('user/invoice', Array)
#3 C:\xampp\htdocs\WEB\system\CodeIgniter.php(825): App\Controllers\PDFController->cetak('4')
#4 C:\xampp\htdocs\WEB\system\CodeIgniter.php(412): CodeIgniter\CodeIgniter->runController(Object(App\Controllers\PDFController))
#5 C:\xampp\htdocs\WEB\system\CodeIgniter.php(320): CodeIgniter\CodeIgniter->handleRequest(NULL, Object(Config\Cache), false)
#6 C:\xampp\htdocs\WEB\public\index.php(37): CodeIgniter\CodeIgniter->run()
#7 C:\xampp\htdocs\WEB\system\Commands\Server\rewrite.php(43): require_once('C:\\xampp\\htdocs...')
#8 {main}
CRITICAL - 2022-03-09 10:53:10 --> syntax error, unexpected '}'
#0 C:\xampp\htdocs\WEB\system\View\View.php(213): CodeIgniter\View\View->CodeIgniter\View\{closure}()
#1 C:\xampp\htdocs\WEB\system\Common.php(1089): CodeIgniter\View\View->render('user/invoice', Array, true)
#2 C:\xampp\htdocs\WEB\app\Controllers\PDFController.php(64): view('user/invoice', Array)
#3 C:\xampp\htdocs\WEB\system\CodeIgniter.php(825): App\Controllers\PDFController->cetak('4')
#4 C:\xampp\htdocs\WEB\system\CodeIgniter.php(412): CodeIgniter\CodeIgniter->runController(Object(App\Controllers\PDFController))
#5 C:\xampp\htdocs\WEB\system\CodeIgniter.php(320): CodeIgniter\CodeIgniter->handleRequest(NULL, Object(Config\Cache), false)
#6 C:\xampp\htdocs\WEB\public\index.php(37): CodeIgniter\CodeIgniter->run()
#7 C:\xampp\htdocs\WEB\system\Commands\Server\rewrite.php(43): require_once('C:\\xampp\\htdocs...')
#8 {main}
CRITICAL - 2022-03-09 10:53:18 --> syntax error, unexpected end of file
#0 C:\xampp\htdocs\WEB\system\View\View.php(213): CodeIgniter\View\View->CodeIgniter\View\{closure}()
#1 C:\xampp\htdocs\WEB\system\Common.php(1089): CodeIgniter\View\View->render('user/invoice', Array, true)
#2 C:\xampp\htdocs\WEB\app\Controllers\PDFController.php(64): view('user/invoice', Array)
#3 C:\xampp\htdocs\WEB\system\CodeIgniter.php(825): App\Controllers\PDFController->cetak('4')
#4 C:\xampp\htdocs\WEB\system\CodeIgniter.php(412): CodeIgniter\CodeIgniter->runController(Object(App\Controllers\PDFController))
#5 C:\xampp\htdocs\WEB\system\CodeIgniter.php(320): CodeIgniter\CodeIgniter->handleRequest(NULL, Object(Config\Cache), false)
#6 C:\xampp\htdocs\WEB\public\index.php(37): CodeIgniter\CodeIgniter->run()
#7 C:\xampp\htdocs\WEB\system\Commands\Server\rewrite.php(43): require_once('C:\\xampp\\htdocs...')
#8 {main}
CRITICAL - 2022-03-09 10:53:42 --> Trying to access array offset on value of type null
#0 C:\xampp\htdocs\WEB\vendor\tecnickcom\tcpdf\tcpdf.php(2468): CodeIgniter\Debug\Exceptions->errorHandler(8, 'Trying to acces...', 'C:\\xampp\\htdocs...', 2468, Array)
#1 C:\xampp\htdocs\WEB\vendor\tecnickcom\tcpdf\tcpdf.php(2479): TCPDF->getCellHeight(4.9388888888889)
#2 C:\xampp\htdocs\WEB\vendor\tecnickcom\tcpdf\tcpdf.php(19921): TCPDF->resetLastH()
#3 C:\xampp\htdocs\WEB\vendor\tecnickcom\tcpdf\tcpdf.php(18427): TCPDF->closeHTMLTagHandler(Array, 132, true, 102.95305488889)
#4 C:\xampp\htdocs\WEB\vendor\tecnickcom\tcpdf\tcpdf.php(5916): TCPDF->writeHTML('<!-- DEBUG-VIEW...', true, false, true, true, '')
#5 C:\xampp\htdocs\WEB\vendor\tecnickcom\tcpdf\tcpdf.php(17238): TCPDF->MultiCell(180.00014444444, 0, '<!-- DEBUG-VIEW...', 0, '', 0, 1, 15, 27, true, 0, true, true, 0, 'T', false)
#6 C:\xampp\htdocs\WEB\app\Controllers\PDFController.php(67): TCPDF->writeHTMLCell(0, 0, '', '', '<!-- DEBUG-VIEW...', 0, 1, 0, true, '', true)
#7 C:\xampp\htdocs\WEB\system\CodeIgniter.php(825): App\Controllers\PDFController->cetak('4')
#8 C:\xampp\htdocs\WEB\system\CodeIgniter.php(412): CodeIgniter\CodeIgniter->runController(Object(App\Controllers\PDFController))
#9 C:\xampp\htdocs\WEB\system\CodeIgniter.php(320): CodeIgniter\CodeIgniter->handleRequest(NULL, Object(Config\Cache), false)
#10 C:\xampp\htdocs\WEB\public\index.php(37): CodeIgniter\CodeIgniter->run()
#11 C:\xampp\htdocs\WEB\system\Commands\Server\rewrite.php(43): require_once('C:\\xampp\\htdocs...')
#12 {main}
CRITICAL - 2022-03-09 11:04:23 --> Trying to access array offset on value of type null
#0 C:\xampp\htdocs\WEB\vendor\tecnickcom\tcpdf\tcpdf.php(2468): CodeIgniter\Debug\Exceptions->errorHandler(8, 'Trying to acces...', 'C:\\xampp\\htdocs...', 2468, Array)
#1 C:\xampp\htdocs\WEB\vendor\tecnickcom\tcpdf\tcpdf.php(2479): TCPDF->getCellHeight(4.9388888888889)
#2 C:\xampp\htdocs\WEB\vendor\tecnickcom\tcpdf\tcpdf.php(19921): TCPDF->resetLastH()
#3 C:\xampp\htdocs\WEB\vendor\tecnickcom\tcpdf\tcpdf.php(18427): TCPDF->closeHTMLTagHandler(Array, 132, true, 102.95305488889)
#4 C:\xampp\htdocs\WEB\vendor\tecnickcom\tcpdf\tcpdf.php(5916): TCPDF->writeHTML('<!-- DEBUG-VIEW...', true, false, true, true, '')
#5 C:\xampp\htdocs\WEB\vendor\tecnickcom\tcpdf\tcpdf.php(17238): TCPDF->MultiCell(180.00014444444, 0, '<!-- DEBUG-VIEW...', 0, '', 0, 1, 15, 27, true, 0, true, true, 0, 'T', false)
#6 C:\xampp\htdocs\WEB\app\Controllers\PDFController.php(67): TCPDF->writeHTMLCell(0, 0, '', '', '<!-- DEBUG-VIEW...', 0, 1, 0, true, '', true)
#7 C:\xampp\htdocs\WEB\system\CodeIgniter.php(825): App\Controllers\PDFController->cetak('4')
#8 C:\xampp\htdocs\WEB\system\CodeIgniter.php(412): CodeIgniter\CodeIgniter->runController(Object(App\Controllers\PDFController))
#9 C:\xampp\htdocs\WEB\system\CodeIgniter.php(320): CodeIgniter\CodeIgniter->handleRequest(NULL, Object(Config\Cache), false)
#10 C:\xampp\htdocs\WEB\public\index.php(37): CodeIgniter\CodeIgniter->run()
#11 C:\xampp\htdocs\WEB\system\Commands\Server\rewrite.php(43): require_once('C:\\xampp\\htdocs...')
#12 {main}
CRITICAL - 2022-03-09 11:05:41 --> Trying to access array offset on value of type null
#0 C:\xampp\htdocs\WEB\vendor\tecnickcom\tcpdf\tcpdf.php(2468): CodeIgniter\Debug\Exceptions->errorHandler(8, 'Trying to acces...', 'C:\\xampp\\htdocs...', 2468, Array)
#1 C:\xampp\htdocs\WEB\vendor\tecnickcom\tcpdf\tcpdf.php(2479): TCPDF->getCellHeight(4.9388888888889)
#2 C:\xampp\htdocs\WEB\vendor\tecnickcom\tcpdf\tcpdf.php(19921): TCPDF->resetLastH()
#3 C:\xampp\htdocs\WEB\vendor\tecnickcom\tcpdf\tcpdf.php(18427): TCPDF->closeHTMLTagHandler(Array, 132, true, 102.95305488889)
#4 C:\xampp\htdocs\WEB\vendor\tecnickcom\tcpdf\tcpdf.php(5916): TCPDF->writeHTML('<!-- DEBUG-VIEW...', true, false, true, true, '')
#5 C:\xampp\htdocs\WEB\vendor\tecnickcom\tcpdf\tcpdf.php(17238): TCPDF->MultiCell(180.00014444444, 0, '<!-- DEBUG-VIEW...', 0, '', 0, 1, 15, 27, true, 0, true, true, 0, 'T', false)
#6 C:\xampp\htdocs\WEB\app\Controllers\PDFController.php(65): TCPDF->writeHTMLCell(0, 0, '', '', '<!-- DEBUG-VIEW...', 0, 1, 0, true, '', true)
#7 C:\xampp\htdocs\WEB\system\CodeIgniter.php(825): App\Controllers\PDFController->cetak('4')
#8 C:\xampp\htdocs\WEB\system\CodeIgniter.php(412): CodeIgniter\CodeIgniter->runController(Object(App\Controllers\PDFController))
#9 C:\xampp\htdocs\WEB\system\CodeIgniter.php(320): CodeIgniter\CodeIgniter->handleRequest(NULL, Object(Config\Cache), false)
#10 C:\xampp\htdocs\WEB\public\index.php(37): CodeIgniter\CodeIgniter->run()
#11 C:\xampp\htdocs\WEB\system\Commands\Server\rewrite.php(43): require_once('C:\\xampp\\htdocs...')
#12 {main}
CRITICAL - 2022-03-09 11:08:35 --> Undefined property: stdClass::$jeniskamar
#0 C:\xampp\htdocs\WEB\app\Views\user\invoice.php(35): CodeIgniter\Debug\Exceptions->errorHandler(8, 'Undefined prope...', 'C:\\xampp\\htdocs...', 35, Array)
#1 C:\xampp\htdocs\WEB\system\View\View.php(210): include('C:\\xampp\\htdocs...')
#2 C:\xampp\htdocs\WEB\system\View\View.php(213): CodeIgniter\View\View->CodeIgniter\View\{closure}()
#3 C:\xampp\htdocs\WEB\system\Common.php(1089): CodeIgniter\View\View->render('user/invoice', Array, true)
#4 C:\xampp\htdocs\WEB\app\Controllers\PDFController.php(62): view('user/invoice', Array)
#5 C:\xampp\htdocs\WEB\system\CodeIgniter.php(825): App\Controllers\PDFController->cetak('4')
#6 C:\xampp\htdocs\WEB\system\CodeIgniter.php(412): CodeIgniter\CodeIgniter->runController(Object(App\Controllers\PDFController))
#7 C:\xampp\htdocs\WEB\system\CodeIgniter.php(320): CodeIgniter\CodeIgniter->handleRequest(NULL, Object(Config\Cache), false)
#8 C:\xampp\htdocs\WEB\public\index.php(37): CodeIgniter\CodeIgniter->run()
#9 C:\xampp\htdocs\WEB\system\Commands\Server\rewrite.php(43): require_once('C:\\xampp\\htdocs...')
#10 {main}
CRITICAL - 2022-03-09 11:08:50 --> Undefined variable: jeniskamar
#0 C:\xampp\htdocs\WEB\app\Views\user\invoice.php(35): CodeIgniter\Debug\Exceptions->errorHandler(8, 'Undefined varia...', 'C:\\xampp\\htdocs...', 35, Array)
#1 C:\xampp\htdocs\WEB\system\View\View.php(210): include('C:\\xampp\\htdocs...')
#2 C:\xampp\htdocs\WEB\system\View\View.php(213): CodeIgniter\View\View->CodeIgniter\View\{closure}()
#3 C:\xampp\htdocs\WEB\system\Common.php(1089): CodeIgniter\View\View->render('user/invoice', Array, true)
#4 C:\xampp\htdocs\WEB\app\Controllers\PDFController.php(62): view('user/invoice', Array)
#5 C:\xampp\htdocs\WEB\system\CodeIgniter.php(825): App\Controllers\PDFController->cetak('4')
#6 C:\xampp\htdocs\WEB\system\CodeIgniter.php(412): CodeIgniter\CodeIgniter->runController(Object(App\Controllers\PDFController))
#7 C:\xampp\htdocs\WEB\system\CodeIgniter.php(320): CodeIgniter\CodeIgniter->handleRequest(NULL, Object(Config\Cache), false)
#8 C:\xampp\htdocs\WEB\public\index.php(37): CodeIgniter\CodeIgniter->run()
#9 C:\xampp\htdocs\WEB\system\Commands\Server\rewrite.php(43): require_once('C:\\xampp\\htdocs...')
#10 {main}
CRITICAL - 2022-03-09 11:09:10 --> syntax error, unexpected '[', expecting identifier (T_STRING) or variable (T_VARIABLE) or '{' or '$'
#0 C:\xampp\htdocs\WEB\system\View\View.php(213): CodeIgniter\View\View->CodeIgniter\View\{closure}()
#1 C:\xampp\htdocs\WEB\system\Common.php(1089): CodeIgniter\View\View->render('user/invoice', Array, true)
#2 C:\xampp\htdocs\WEB\app\Controllers\PDFController.php(62): view('user/invoice', Array)
#3 C:\xampp\htdocs\WEB\system\CodeIgniter.php(825): App\Controllers\PDFController->cetak('4')
#4 C:\xampp\htdocs\WEB\system\CodeIgniter.php(412): CodeIgniter\CodeIgniter->runController(Object(App\Controllers\PDFController))
#5 C:\xampp\htdocs\WEB\system\CodeIgniter.php(320): CodeIgniter\CodeIgniter->handleRequest(NULL, Object(Config\Cache), false)
#6 C:\xampp\htdocs\WEB\public\index.php(37): CodeIgniter\CodeIgniter->run()
#7 C:\xampp\htdocs\WEB\system\Commands\Server\rewrite.php(43): require_once('C:\\xampp\\htdocs...')
#8 {main}
CRITICAL - 2022-03-09 11:11:38 --> Illegal string offset 'namalengkap'
#0 C:\xampp\htdocs\WEB\app\Views\user\invoice.php(35): CodeIgniter\Debug\Exceptions->errorHandler(2, 'Illegal string ...', 'C:\\xampp\\htdocs...', 35, Array)
#1 C:\xampp\htdocs\WEB\system\View\View.php(210): include('C:\\xampp\\htdocs...')
#2 C:\xampp\htdocs\WEB\system\View\View.php(213): CodeIgniter\View\View->CodeIgniter\View\{closure}()
#3 C:\xampp\htdocs\WEB\system\Common.php(1089): CodeIgniter\View\View->render('user/invoice', Array, true)
#4 C:\xampp\htdocs\WEB\app\Controllers\PDFController.php(62): view('user/invoice', Array)
#5 C:\xampp\htdocs\WEB\system\CodeIgniter.php(825): App\Controllers\PDFController->cetak('4')
#6 C:\xampp\htdocs\WEB\system\CodeIgniter.php(412): CodeIgniter\CodeIgniter->runController(Object(App\Controllers\PDFController))
#7 C:\xampp\htdocs\WEB\system\CodeIgniter.php(320): CodeIgniter\CodeIgniter->handleRequest(NULL, Object(Config\Cache), false)
#8 C:\xampp\htdocs\WEB\public\index.php(37): CodeIgniter\CodeIgniter->run()
#9 C:\xampp\htdocs\WEB\system\Commands\Server\rewrite.php(43): require_once('C:\\xampp\\htdocs...')
#10 {main}
CRITICAL - 2022-03-09 11:11:58 --> Illegal string offset 'jeniskamar'
#0 C:\xampp\htdocs\WEB\app\Views\user\invoice.php(35): CodeIgniter\Debug\Exceptions->errorHandler(2, 'Illegal string ...', 'C:\\xampp\\htdocs...', 35, Array)
#1 C:\xampp\htdocs\WEB\system\View\View.php(210): include('C:\\xampp\\htdocs...')
#2 C:\xampp\htdocs\WEB\system\View\View.php(213): CodeIgniter\View\View->CodeIgniter\View\{closure}()
#3 C:\xampp\htdocs\WEB\system\Common.php(1089): CodeIgniter\View\View->render('user/invoice', Array, true)
#4 C:\xampp\htdocs\WEB\app\Controllers\PDFController.php(62): view('user/invoice', Array)
#5 C:\xampp\htdocs\WEB\system\CodeIgniter.php(825): App\Controllers\PDFController->cetak('4')
#6 C:\xampp\htdocs\WEB\system\CodeIgniter.php(412): CodeIgniter\CodeIgniter->runController(Object(App\Controllers\PDFController))
#7 C:\xampp\htdocs\WEB\system\CodeIgniter.php(320): CodeIgniter\CodeIgniter->handleRequest(NULL, Object(Config\Cache), false)
#8 C:\xampp\htdocs\WEB\public\index.php(37): CodeIgniter\CodeIgniter->run()
#9 C:\xampp\htdocs\WEB\system\Commands\Server\rewrite.php(43): require_once('C:\\xampp\\htdocs...')
#10 {main}
CRITICAL - 2022-03-09 11:14:56 --> Illegal string offset 'jeniskamar'
#0 C:\xampp\htdocs\WEB\app\Views\user\invoice.php(35): CodeIgniter\Debug\Exceptions->errorHandler(2, 'Illegal string ...', 'C:\\xampp\\htdocs...', 35, Array)
#1 C:\xampp\htdocs\WEB\system\View\View.php(210): include('C:\\xampp\\htdocs...')
#2 C:\xampp\htdocs\WEB\system\View\View.php(213): CodeIgniter\View\View->CodeIgniter\View\{closure}()
#3 C:\xampp\htdocs\WEB\system\Common.php(1089): CodeIgniter\View\View->render('user/invoice', Array, true)
#4 C:\xampp\htdocs\WEB\app\Controllers\PDFController.php(62): view('user/invoice', Array)
#5 C:\xampp\htdocs\WEB\system\CodeIgniter.php(825): App\Controllers\PDFController->cetak('4')
#6 C:\xampp\htdocs\WEB\system\CodeIgniter.php(412): CodeIgniter\CodeIgniter->runController(Object(App\Controllers\PDFController))
#7 C:\xampp\htdocs\WEB\system\CodeIgniter.php(320): CodeIgniter\CodeIgniter->handleRequest(NULL, Object(Config\Cache), false)
#8 C:\xampp\htdocs\WEB\public\index.php(37): CodeIgniter\CodeIgniter->run()
#9 C:\xampp\htdocs\WEB\system\Commands\Server\rewrite.php(43): require_once('C:\\xampp\\htdocs...')
#10 {main}
CRITICAL - 2022-03-09 11:14:59 --> Illegal string offset 'jeniskamar'
#0 C:\xampp\htdocs\WEB\app\Views\user\invoice.php(35): CodeIgniter\Debug\Exceptions->errorHandler(2, 'Illegal string ...', 'C:\\xampp\\htdocs...', 35, Array)
#1 C:\xampp\htdocs\WEB\system\View\View.php(210): include('C:\\xampp\\htdocs...')
#2 C:\xampp\htdocs\WEB\system\View\View.php(213): CodeIgniter\View\View->CodeIgniter\View\{closure}()
#3 C:\xampp\htdocs\WEB\system\Common.php(1089): CodeIgniter\View\View->render('user/invoice', Array, true)
#4 C:\xampp\htdocs\WEB\app\Controllers\PDFController.php(62): view('user/invoice', Array)
#5 C:\xampp\htdocs\WEB\system\CodeIgniter.php(825): App\Controllers\PDFController->cetak('4')
#6 C:\xampp\htdocs\WEB\system\CodeIgniter.php(412): CodeIgniter\CodeIgniter->runController(Object(App\Controllers\PDFController))
#7 C:\xampp\htdocs\WEB\system\CodeIgniter.php(320): CodeIgniter\CodeIgniter->handleRequest(NULL, Object(Config\Cache), false)
#8 C:\xampp\htdocs\WEB\public\index.php(37): CodeIgniter\CodeIgniter->run()
#9 C:\xampp\htdocs\WEB\system\Commands\Server\rewrite.php(43): require_once('C:\\xampp\\htdocs...')
#10 {main}
CRITICAL - 2022-03-09 11:15:06 --> Illegal string offset 'jeniskamar'
#0 C:\xampp\htdocs\WEB\app\Views\user\invoice.php(35): CodeIgniter\Debug\Exceptions->errorHandler(2, 'Illegal string ...', 'C:\\xampp\\htdocs...', 35, Array)
#1 C:\xampp\htdocs\WEB\system\View\View.php(210): include('C:\\xampp\\htdocs...')
#2 C:\xampp\htdocs\WEB\system\View\View.php(213): CodeIgniter\View\View->CodeIgniter\View\{closure}()
#3 C:\xampp\htdocs\WEB\system\Common.php(1089): CodeIgniter\View\View->render('user/invoice', Array, true)
#4 C:\xampp\htdocs\WEB\app\Controllers\PDFController.php(62): view('user/invoice', Array)
#5 C:\xampp\htdocs\WEB\system\CodeIgniter.php(825): App\Controllers\PDFController->cetak('1')
#6 C:\xampp\htdocs\WEB\system\CodeIgniter.php(412): CodeIgniter\CodeIgniter->runController(Object(App\Controllers\PDFController))
#7 C:\xampp\htdocs\WEB\system\CodeIgniter.php(320): CodeIgniter\CodeIgniter->handleRequest(NULL, Object(Config\Cache), false)
#8 C:\xampp\htdocs\WEB\public\index.php(37): CodeIgniter\CodeIgniter->run()
#9 C:\xampp\htdocs\WEB\system\Commands\Server\rewrite.php(43): require_once('C:\\xampp\\htdocs...')
#10 {main}
CRITICAL - 2022-03-09 11:17:33 --> Trying to get property 'jeniskamar' of non-object
#0 C:\xampp\htdocs\WEB\app\Views\user\invoice.php(35): CodeIgniter\Debug\Exceptions->errorHandler(8, 'Trying to get p...', 'C:\\xampp\\htdocs...', 35, Array)
#1 C:\xampp\htdocs\WEB\system\View\View.php(210): include('C:\\xampp\\htdocs...')
#2 C:\xampp\htdocs\WEB\system\View\View.php(213): CodeIgniter\View\View->CodeIgniter\View\{closure}()
#3 C:\xampp\htdocs\WEB\system\Common.php(1089): CodeIgniter\View\View->render('user/invoice', Array, true)
#4 C:\xampp\htdocs\WEB\app\Controllers\PDFController.php(62): view('user/invoice', Array)
#5 C:\xampp\htdocs\WEB\system\CodeIgniter.php(825): App\Controllers\PDFController->cetak('1')
#6 C:\xampp\htdocs\WEB\system\CodeIgniter.php(412): CodeIgniter\CodeIgniter->runController(Object(App\Controllers\PDFController))
#7 C:\xampp\htdocs\WEB\system\CodeIgniter.php(320): CodeIgniter\CodeIgniter->handleRequest(NULL, Object(Config\Cache), false)
#8 C:\xampp\htdocs\WEB\public\index.php(37): CodeIgniter\CodeIgniter->run()
#9 C:\xampp\htdocs\WEB\system\Commands\Server\rewrite.php(43): require_once('C:\\xampp\\htdocs...')
#10 {main}
CRITICAL - 2022-03-09 11:18:13 --> Undefined variable: row
#0 C:\xampp\htdocs\WEB\app\Views\user\invoice.php(35): CodeIgniter\Debug\Exceptions->errorHandler(8, 'Undefined varia...', 'C:\\xampp\\htdocs...', 35, Array)
#1 C:\xampp\htdocs\WEB\system\View\View.php(210): include('C:\\xampp\\htdocs...')
#2 C:\xampp\htdocs\WEB\system\View\View.php(213): CodeIgniter\View\View->CodeIgniter\View\{closure}()
#3 C:\xampp\htdocs\WEB\system\Common.php(1089): CodeIgniter\View\View->render('user/invoice', Array, true)
#4 C:\xampp\htdocs\WEB\app\Controllers\PDFController.php(62): view('user/invoice', Array)
#5 C:\xampp\htdocs\WEB\system\CodeIgniter.php(825): App\Controllers\PDFController->cetak('1')
#6 C:\xampp\htdocs\WEB\system\CodeIgniter.php(412): CodeIgniter\CodeIgniter->runController(Object(App\Controllers\PDFController))
#7 C:\xampp\htdocs\WEB\system\CodeIgniter.php(320): CodeIgniter\CodeIgniter->handleRequest(NULL, Object(Config\Cache), false)
#8 C:\xampp\htdocs\WEB\public\index.php(37): CodeIgniter\CodeIgniter->run()
#9 C:\xampp\htdocs\WEB\system\Commands\Server\rewrite.php(43): require_once('C:\\xampp\\htdocs...')
#10 {main}
CRITICAL - 2022-03-09 11:18:32 --> Undefined property: stdClass::$jeniskamar
#0 C:\xampp\htdocs\WEB\app\Views\user\invoice.php(35): CodeIgniter\Debug\Exceptions->errorHandler(8, 'Undefined prope...', 'C:\\xampp\\htdocs...', 35, Array)
#1 C:\xampp\htdocs\WEB\system\View\View.php(210): include('C:\\xampp\\htdocs...')
#2 C:\xampp\htdocs\WEB\system\View\View.php(213): CodeIgniter\View\View->CodeIgniter\View\{closure}()
#3 C:\xampp\htdocs\WEB\system\Common.php(1089): CodeIgniter\View\View->render('user/invoice', Array, true)
#4 C:\xampp\htdocs\WEB\app\Controllers\PDFController.php(62): view('user/invoice', Array)
#5 C:\xampp\htdocs\WEB\system\CodeIgniter.php(825): App\Controllers\PDFController->cetak('1')
#6 C:\xampp\htdocs\WEB\system\CodeIgniter.php(412): CodeIgniter\CodeIgniter->runController(Object(App\Controllers\PDFController))
#7 C:\xampp\htdocs\WEB\system\CodeIgniter.php(320): CodeIgniter\CodeIgniter->handleRequest(NULL, Object(Config\Cache), false)
#8 C:\xampp\htdocs\WEB\public\index.php(37): CodeIgniter\CodeIgniter->run()
#9 C:\xampp\htdocs\WEB\system\Commands\Server\rewrite.php(43): require_once('C:\\xampp\\htdocs...')
#10 {main}
CRITICAL - 2022-03-09 11:21:01 --> Undefined property: stdClass::$harga
#0 C:\xampp\htdocs\WEB\app\Views\user\invoice.php(38): CodeIgniter\Debug\Exceptions->errorHandler(8, 'Undefined prope...', 'C:\\xampp\\htdocs...', 38, Array)
#1 C:\xampp\htdocs\WEB\system\View\View.php(210): include('C:\\xampp\\htdocs...')
#2 C:\xampp\htdocs\WEB\system\View\View.php(213): CodeIgniter\View\View->CodeIgniter\View\{closure}()
#3 C:\xampp\htdocs\WEB\system\Common.php(1089): CodeIgniter\View\View->render('user/invoice', Array, true)
#4 C:\xampp\htdocs\WEB\app\Controllers\PDFController.php(62): view('user/invoice', Array)
#5 C:\xampp\htdocs\WEB\system\CodeIgniter.php(825): App\Controllers\PDFController->cetak('1')
#6 C:\xampp\htdocs\WEB\system\CodeIgniter.php(412): CodeIgniter\CodeIgniter->runController(Object(App\Controllers\PDFController))
#7 C:\xampp\htdocs\WEB\system\CodeIgniter.php(320): CodeIgniter\CodeIgniter->handleRequest(NULL, Object(Config\Cache), false)
#8 C:\xampp\htdocs\WEB\public\index.php(37): CodeIgniter\CodeIgniter->run()
#9 C:\xampp\htdocs\WEB\system\Commands\Server\rewrite.php(43): require_once('C:\\xampp\\htdocs...')
#10 {main}
CRITICAL - 2022-03-09 11:23:13 --> Undefined property: stdClass::$harga
#0 C:\xampp\htdocs\WEB\app\Views\user\invoice.php(38): CodeIgniter\Debug\Exceptions->errorHandler(8, 'Undefined prope...', 'C:\\xampp\\htdocs...', 38, Array)
#1 C:\xampp\htdocs\WEB\system\View\View.php(210): include('C:\\xampp\\htdocs...')
#2 C:\xampp\htdocs\WEB\system\View\View.php(213): CodeIgniter\View\View->CodeIgniter\View\{closure}()
#3 C:\xampp\htdocs\WEB\system\Common.php(1089): CodeIgniter\View\View->render('user/invoice', Array, true)
#4 C:\xampp\htdocs\WEB\app\Controllers\PDFController.php(62): view('user/invoice', Array)
#5 C:\xampp\htdocs\WEB\system\CodeIgniter.php(825): App\Controllers\PDFController->cetak('1')
#6 C:\xampp\htdocs\WEB\system\CodeIgniter.php(412): CodeIgniter\CodeIgniter->runController(Object(App\Controllers\PDFController))
#7 C:\xampp\htdocs\WEB\system\CodeIgniter.php(320): CodeIgniter\CodeIgniter->handleRequest(NULL, Object(Config\Cache), false)
#8 C:\xampp\htdocs\WEB\public\index.php(37): CodeIgniter\CodeIgniter->run()
#9 C:\xampp\htdocs\WEB\system\Commands\Server\rewrite.php(43): require_once('C:\\xampp\\htdocs...')
#10 {main}
CRITICAL - 2022-03-09 11:24:02 --> Undefined property: stdClass::$harga
#0 C:\xampp\htdocs\WEB\app\Views\user\invoice.php(38): CodeIgniter\Debug\Exceptions->errorHandler(8, 'Undefined prope...', 'C:\\xampp\\htdocs...', 38, Array)
#1 C:\xampp\htdocs\WEB\system\View\View.php(210): include('C:\\xampp\\htdocs...')
#2 C:\xampp\htdocs\WEB\system\View\View.php(213): CodeIgniter\View\View->CodeIgniter\View\{closure}()
#3 C:\xampp\htdocs\WEB\system\Common.php(1089): CodeIgniter\View\View->render('user/invoice', Array, true)
#4 C:\xampp\htdocs\WEB\app\Controllers\PDFController.php(62): view('user/invoice', Array)
#5 C:\xampp\htdocs\WEB\system\CodeIgniter.php(825): App\Controllers\PDFController->cetak('1')
#6 C:\xampp\htdocs\WEB\system\CodeIgniter.php(412): CodeIgniter\CodeIgniter->runController(Object(App\Controllers\PDFController))
#7 C:\xampp\htdocs\WEB\system\CodeIgniter.php(320): CodeIgniter\CodeIgniter->handleRequest(NULL, Object(Config\Cache), false)
#8 C:\xampp\htdocs\WEB\public\index.php(37): CodeIgniter\CodeIgniter->run()
#9 C:\xampp\htdocs\WEB\system\Commands\Server\rewrite.php(43): require_once('C:\\xampp\\htdocs...')
#10 {main}
CRITICAL - 2022-03-09 20:45:35 --> Undefined property: stdClass::$harga
#0 C:\xampp\htdocs\WEB\app\Views\user\invoice.php(38): CodeIgniter\Debug\Exceptions->errorHandler(8, 'Undefined prope...', 'C:\\xampp\\htdocs...', 38, Array)
#1 C:\xampp\htdocs\WEB\system\View\View.php(210): include('C:\\xampp\\htdocs...')
#2 C:\xampp\htdocs\WEB\system\View\View.php(213): CodeIgniter\View\View->CodeIgniter\View\{closure}()
#3 C:\xampp\htdocs\WEB\system\Common.php(1089): CodeIgniter\View\View->render('user/invoice', Array, true)
#4 C:\xampp\htdocs\WEB\app\Controllers\PDFController.php(62): view('user/invoice', Array)
#5 C:\xampp\htdocs\WEB\system\CodeIgniter.php(825): App\Controllers\PDFController->cetak('4')
#6 C:\xampp\htdocs\WEB\system\CodeIgniter.php(412): CodeIgniter\CodeIgniter->runController(Object(App\Controllers\PDFController))
#7 C:\xampp\htdocs\WEB\system\CodeIgniter.php(320): CodeIgniter\CodeIgniter->handleRequest(NULL, Object(Config\Cache), false)
#8 C:\xampp\htdocs\WEB\public\index.php(37): CodeIgniter\CodeIgniter->run()
#9 C:\xampp\htdocs\WEB\system\Commands\Server\rewrite.php(43): require_once('C:\\xampp\\htdocs...')
#10 {main}
CRITICAL - 2022-03-09 20:53:49 --> Undefined property: stdClass::$harga
#0 C:\xampp\htdocs\WEB\app\Views\user\invoice.php(38): CodeIgniter\Debug\Exceptions->errorHandler(8, 'Undefined prope...', 'C:\\xampp\\htdocs...', 38, Array)
#1 C:\xampp\htdocs\WEB\system\View\View.php(210): include('C:\\xampp\\htdocs...')
#2 C:\xampp\htdocs\WEB\system\View\View.php(213): CodeIgniter\View\View->CodeIgniter\View\{closure}()
#3 C:\xampp\htdocs\WEB\system\Common.php(1089): CodeIgniter\View\View->render('user/invoice', Array, true)
#4 C:\xampp\htdocs\WEB\app\Controllers\PDFController.php(62): view('user/invoice', Array)
#5 C:\xampp\htdocs\WEB\system\CodeIgniter.php(825): App\Controllers\PDFController->cetak('4')
#6 C:\xampp\htdocs\WEB\system\CodeIgniter.php(412): CodeIgniter\CodeIgniter->runController(Object(App\Controllers\PDFController))
#7 C:\xampp\htdocs\WEB\system\CodeIgniter.php(320): CodeIgniter\CodeIgniter->handleRequest(NULL, Object(Config\Cache), false)
#8 C:\xampp\htdocs\WEB\public\index.php(37): CodeIgniter\CodeIgniter->run()
#9 C:\xampp\htdocs\WEB\system\Commands\Server\rewrite.php(43): require_once('C:\\xampp\\htdocs...')
#10 {main}
