CRITICAL - 2022-02-21 02:37:30 --> Undefined variable: title
#0 C:\xampp\htdocs\WEB\app\Views\auth\templates\index.php(12): CodeIgniter\Debug\Exceptions->errorHandler(8, 'Undefined varia...', 'C:\\xampp\\htdocs...', 12, Array)
#1 C:\xampp\htdocs\WEB\system\View\View.php(210): include('C:\\xampp\\htdocs...')
#2 C:\xampp\htdocs\WEB\system\View\View.php(213): CodeIgniter\View\View->CodeIgniter\View\{closure}()
#3 C:\xampp\htdocs\WEB\system\View\View.php(226): CodeIgniter\View\View->render('auth/templates/...', Array, true)
#4 C:\xampp\htdocs\WEB\system\Common.php(1089): CodeIgniter\View\View->render('auth/login', Array, true)
#5 C:\xampp\htdocs\WEB\app\Controllers\LoginController.php(11): view('auth/login')
#6 C:\xampp\htdocs\WEB\system\CodeIgniter.php(825): App\Controllers\LoginController->index()
#7 C:\xampp\htdocs\WEB\system\CodeIgniter.php(412): CodeIgniter\CodeIgniter->runController(Object(App\Controllers\LoginController))
#8 C:\xampp\htdocs\WEB\system\CodeIgniter.php(320): CodeIgniter\CodeIgniter->handleRequest(NULL, Object(Config\Cache), false)
#9 C:\xampp\htdocs\WEB\public\index.php(37): CodeIgniter\CodeIgniter->run()
#10 C:\xampp\htdocs\WEB\system\Commands\Server\rewrite.php(43): require_once('C:\\xampp\\htdocs...')
#11 {main}
CRITICAL - 2022-02-21 02:39:51 --> Undefined variable: title
#0 C:\xampp\htdocs\WEB\app\Views\auth\templates\index.php(12): CodeIgniter\Debug\Exceptions->errorHandler(8, 'Undefined varia...', 'C:\\xampp\\htdocs...', 12, Array)
#1 C:\xampp\htdocs\WEB\system\View\View.php(210): include('C:\\xampp\\htdocs...')
#2 C:\xampp\htdocs\WEB\system\View\View.php(213): CodeIgniter\View\View->CodeIgniter\View\{closure}()
#3 C:\xampp\htdocs\WEB\system\View\View.php(226): CodeIgniter\View\View->render('auth/templates/...', Array, true)
#4 C:\xampp\htdocs\WEB\system\Common.php(1089): CodeIgniter\View\View->render('auth/login', Array, true)
#5 C:\xampp\htdocs\WEB\app\Controllers\LoginController.php(11): view('auth/login')
#6 C:\xampp\htdocs\WEB\system\CodeIgniter.php(825): App\Controllers\LoginController->index()
#7 C:\xampp\htdocs\WEB\system\CodeIgniter.php(412): CodeIgniter\CodeIgniter->runController(Object(App\Controllers\LoginController))
#8 C:\xampp\htdocs\WEB\system\CodeIgniter.php(320): CodeIgniter\CodeIgniter->handleRequest(NULL, Object(Config\Cache), false)
#9 C:\xampp\htdocs\WEB\public\index.php(37): CodeIgniter\CodeIgniter->run()
#10 C:\xampp\htdocs\WEB\system\Commands\Server\rewrite.php(43): require_once('C:\\xampp\\htdocs...')
#11 {main}
CRITICAL - 2022-02-21 02:40:43 --> Undefined variable: title
#0 C:\xampp\htdocs\WEB\app\Views\auth\templates\index.php(12): CodeIgniter\Debug\Exceptions->errorHandler(8, 'Undefined varia...', 'C:\\xampp\\htdocs...', 12, Array)
#1 C:\xampp\htdocs\WEB\system\View\View.php(210): include('C:\\xampp\\htdocs...')
#2 C:\xampp\htdocs\WEB\system\View\View.php(213): CodeIgniter\View\View->CodeIgniter\View\{closure}()
#3 C:\xampp\htdocs\WEB\system\View\View.php(226): CodeIgniter\View\View->render('auth/templates/...', Array, true)
#4 C:\xampp\htdocs\WEB\system\Common.php(1089): CodeIgniter\View\View->render('auth/login', Array, true)
#5 C:\xampp\htdocs\WEB\app\Controllers\LoginController.php(11): view('auth/login')
#6 C:\xampp\htdocs\WEB\system\CodeIgniter.php(825): App\Controllers\LoginController->index()
#7 C:\xampp\htdocs\WEB\system\CodeIgniter.php(412): CodeIgniter\CodeIgniter->runController(Object(App\Controllers\LoginController))
#8 C:\xampp\htdocs\WEB\system\CodeIgniter.php(320): CodeIgniter\CodeIgniter->handleRequest(NULL, Object(Config\Cache), false)
#9 C:\xampp\htdocs\WEB\public\index.php(37): CodeIgniter\CodeIgniter->run()
#10 C:\xampp\htdocs\WEB\system\Commands\Server\rewrite.php(43): require_once('C:\\xampp\\htdocs...')
#11 {main}
CRITICAL - 2022-02-21 02:40:48 --> Undefined variable: title
#0 C:\xampp\htdocs\WEB\app\Views\auth\templates\index.php(12): CodeIgniter\Debug\Exceptions->errorHandler(8, 'Undefined varia...', 'C:\\xampp\\htdocs...', 12, Array)
#1 C:\xampp\htdocs\WEB\system\View\View.php(210): include('C:\\xampp\\htdocs...')
#2 C:\xampp\htdocs\WEB\system\View\View.php(213): CodeIgniter\View\View->CodeIgniter\View\{closure}()
#3 C:\xampp\htdocs\WEB\system\View\View.php(226): CodeIgniter\View\View->render('auth/templates/...', Array, true)
#4 C:\xampp\htdocs\WEB\system\Common.php(1089): CodeIgniter\View\View->render('auth/login', Array, true)
#5 C:\xampp\htdocs\WEB\app\Controllers\LoginController.php(11): view('auth/login')
#6 C:\xampp\htdocs\WEB\system\CodeIgniter.php(825): App\Controllers\LoginController->index()
#7 C:\xampp\htdocs\WEB\system\CodeIgniter.php(412): CodeIgniter\CodeIgniter->runController(Object(App\Controllers\LoginController))
#8 C:\xampp\htdocs\WEB\system\CodeIgniter.php(320): CodeIgniter\CodeIgniter->handleRequest(NULL, Object(Config\Cache), false)
#9 C:\xampp\htdocs\WEB\public\index.php(37): CodeIgniter\CodeIgniter->run()
#10 C:\xampp\htdocs\WEB\system\Commands\Server\rewrite.php(43): require_once('C:\\xampp\\htdocs...')
#11 {main}
CRITICAL - 2022-02-21 02:46:20 --> syntax error, unexpected 'fas' (T_STRING)
#0 C:\xampp\htdocs\WEB\system\View\View.php(213): CodeIgniter\View\View->CodeIgniter\View\{closure}()
#1 C:\xampp\htdocs\WEB\system\View\View.php(424): CodeIgniter\View\View->render('templates/sideb...', NULL, true)
#2 C:\xampp\htdocs\WEB\app\Views\templates\index.php(32): CodeIgniter\View\View->include('templates/sideb...')
#3 C:\xampp\htdocs\WEB\system\View\View.php(210): include('C:\\xampp\\htdocs...')
#4 C:\xampp\htdocs\WEB\system\View\View.php(213): CodeIgniter\View\View->CodeIgniter\View\{closure}()
#5 C:\xampp\htdocs\WEB\system\View\View.php(226): CodeIgniter\View\View->render('templates/index', Array, true)
#6 C:\xampp\htdocs\WEB\system\Common.php(1089): CodeIgniter\View\View->render('user/index', Array, true)
#7 C:\xampp\htdocs\WEB\app\Controllers\LoginController.php(17): view('user/index', Array)
#8 C:\xampp\htdocs\WEB\system\CodeIgniter.php(825): App\Controllers\LoginController->user()
#9 C:\xampp\htdocs\WEB\system\CodeIgniter.php(412): CodeIgniter\CodeIgniter->runController(Object(App\Controllers\LoginController))
#10 C:\xampp\htdocs\WEB\system\CodeIgniter.php(320): CodeIgniter\CodeIgniter->handleRequest(NULL, Object(Config\Cache), false)
#11 C:\xampp\htdocs\WEB\public\index.php(37): CodeIgniter\CodeIgniter->run()
#12 C:\xampp\htdocs\WEB\system\Commands\Server\rewrite.php(43): require_once('C:\\xampp\\htdocs...')
#13 {main}
