CRITICAL - 2022-02-23 22:21:12 --> minlength is not a valid rule.
#0 C:\xampp\htdocs\WEB\system\Validation\Validation.php(300): CodeIgniter\Validation\Exceptions\ValidationException::forRuleNotFound('minlength')
#1 C:\xampp\htdocs\WEB\system\Validation\Validation.php(157): CodeIgniter\Validation\Validation->processRules('jumlahkamar', 'jumlahkamar', '2', Array, Array)
#2 C:\xampp\htdocs\WEB\system\Controller.php(160): CodeIgniter\Validation\Validation->run()
#3 C:\xampp\htdocs\WEB\app\Controllers\kamarController.php(35): CodeIgniter\Controller->validate(Array)
#4 C:\xampp\htdocs\WEB\system\CodeIgniter.php(825): App\Controllers\kamarController->input()
#5 C:\xampp\htdocs\WEB\system\CodeIgniter.php(412): CodeIgniter\CodeIgniter->runController(Object(App\Controllers\kamarController))
#6 C:\xampp\htdocs\WEB\system\CodeIgniter.php(320): CodeIgniter\CodeIgniter->handleRequest(NULL, Object(Config\Cache), false)
#7 C:\xampp\htdocs\WEB\public\index.php(37): CodeIgniter\CodeIgniter->run()
#8 C:\xampp\htdocs\WEB\system\Commands\Server\rewrite.php(43): require_once('C:\\xampp\\htdocs...')
#9 {main}
CRITICAL - 2022-02-23 22:22:10 --> minlength is not a valid rule.
#0 C:\xampp\htdocs\WEB\system\Validation\Validation.php(300): CodeIgniter\Validation\Exceptions\ValidationException::forRuleNotFound('minlength')
#1 C:\xampp\htdocs\WEB\system\Validation\Validation.php(157): CodeIgniter\Validation\Validation->processRules('jumlahkamar', 'jumlahkamar', '2', Array, Array)
#2 C:\xampp\htdocs\WEB\system\Controller.php(160): CodeIgniter\Validation\Validation->run()
#3 C:\xampp\htdocs\WEB\app\Controllers\kamarController.php(35): CodeIgniter\Controller->validate(Array)
#4 C:\xampp\htdocs\WEB\system\CodeIgniter.php(825): App\Controllers\kamarController->input()
#5 C:\xampp\htdocs\WEB\system\CodeIgniter.php(412): CodeIgniter\CodeIgniter->runController(Object(App\Controllers\kamarController))
#6 C:\xampp\htdocs\WEB\system\CodeIgniter.php(320): CodeIgniter\CodeIgniter->handleRequest(NULL, Object(Config\Cache), false)
#7 C:\xampp\htdocs\WEB\public\index.php(37): CodeIgniter\CodeIgniter->run()
#8 C:\xampp\htdocs\WEB\system\Commands\Server\rewrite.php(43): require_once('C:\\xampp\\htdocs...')
#9 {main}
CRITICAL - 2022-02-23 22:22:25 --> minlength is not a valid rule.
#0 C:\xampp\htdocs\WEB\system\Validation\Validation.php(300): CodeIgniter\Validation\Exceptions\ValidationException::forRuleNotFound('minlength')
#1 C:\xampp\htdocs\WEB\system\Validation\Validation.php(157): CodeIgniter\Validation\Validation->processRules('jumlahkamar', 'jumlahkamar', '1', Array, Array)
#2 C:\xampp\htdocs\WEB\system\Controller.php(160): CodeIgniter\Validation\Validation->run()
#3 C:\xampp\htdocs\WEB\app\Controllers\kamarController.php(35): CodeIgniter\Controller->validate(Array)
#4 C:\xampp\htdocs\WEB\system\CodeIgniter.php(825): App\Controllers\kamarController->input()
#5 C:\xampp\htdocs\WEB\system\CodeIgniter.php(412): CodeIgniter\CodeIgniter->runController(Object(App\Controllers\kamarController))
#6 C:\xampp\htdocs\WEB\system\CodeIgniter.php(320): CodeIgniter\CodeIgniter->handleRequest(NULL, Object(Config\Cache), false)
#7 C:\xampp\htdocs\WEB\public\index.php(37): CodeIgniter\CodeIgniter->run()
#8 C:\xampp\htdocs\WEB\system\Commands\Server\rewrite.php(43): require_once('C:\\xampp\\htdocs...')
#9 {main}
CRITICAL - 2022-02-23 22:23:35 --> minlength is not a valid rule.
#0 C:\xampp\htdocs\WEB\system\Validation\Validation.php(300): CodeIgniter\Validation\Exceptions\ValidationException::forRuleNotFound('minlength')
#1 C:\xampp\htdocs\WEB\system\Validation\Validation.php(157): CodeIgniter\Validation\Validation->processRules('jumlahkamar', 'jumlahkamar', '1', Array, Array)
#2 C:\xampp\htdocs\WEB\system\Controller.php(160): CodeIgniter\Validation\Validation->run()
#3 C:\xampp\htdocs\WEB\app\Controllers\kamarController.php(35): CodeIgniter\Controller->validate(Array)
#4 C:\xampp\htdocs\WEB\system\CodeIgniter.php(825): App\Controllers\kamarController->input()
#5 C:\xampp\htdocs\WEB\system\CodeIgniter.php(412): CodeIgniter\CodeIgniter->runController(Object(App\Controllers\kamarController))
#6 C:\xampp\htdocs\WEB\system\CodeIgniter.php(320): CodeIgniter\CodeIgniter->handleRequest(NULL, Object(Config\Cache), false)
#7 C:\xampp\htdocs\WEB\public\index.php(37): CodeIgniter\CodeIgniter->run()
#8 C:\xampp\htdocs\WEB\system\Commands\Server\rewrite.php(43): require_once('C:\\xampp\\htdocs...')
#9 {main}
CRITICAL - 2022-02-23 22:23:42 --> minlength is not a valid rule.
#0 C:\xampp\htdocs\WEB\system\Validation\Validation.php(300): CodeIgniter\Validation\Exceptions\ValidationException::forRuleNotFound('minlength')
#1 C:\xampp\htdocs\WEB\system\Validation\Validation.php(157): CodeIgniter\Validation\Validation->processRules('jumlahkamar', 'jumlahkamar', '1', Array, Array)
#2 C:\xampp\htdocs\WEB\system\Controller.php(160): CodeIgniter\Validation\Validation->run()
#3 C:\xampp\htdocs\WEB\app\Controllers\kamarController.php(35): CodeIgniter\Controller->validate(Array)
#4 C:\xampp\htdocs\WEB\system\CodeIgniter.php(825): App\Controllers\kamarController->input()
#5 C:\xampp\htdocs\WEB\system\CodeIgniter.php(412): CodeIgniter\CodeIgniter->runController(Object(App\Controllers\kamarController))
#6 C:\xampp\htdocs\WEB\system\CodeIgniter.php(320): CodeIgniter\CodeIgniter->handleRequest(NULL, Object(Config\Cache), false)
#7 C:\xampp\htdocs\WEB\public\index.php(37): CodeIgniter\CodeIgniter->run()
#8 C:\xampp\htdocs\WEB\system\Commands\Server\rewrite.php(43): require_once('C:\\xampp\\htdocs...')
#9 {main}
CRITICAL - 2022-02-23 23:36:11 --> minlength is not a valid rule.
#0 C:\xampp\htdocs\WEB\system\Validation\Validation.php(300): CodeIgniter\Validation\Exceptions\ValidationException::forRuleNotFound('minlength')
#1 C:\xampp\htdocs\WEB\system\Validation\Validation.php(157): CodeIgniter\Validation\Validation->processRules('jumlahkamar', 'jumlahkamar', '2', Array, Array)
#2 C:\xampp\htdocs\WEB\system\Controller.php(160): CodeIgniter\Validation\Validation->run()
#3 C:\xampp\htdocs\WEB\app\Controllers\kamarController.php(35): CodeIgniter\Controller->validate(Array)
#4 C:\xampp\htdocs\WEB\system\CodeIgniter.php(825): App\Controllers\kamarController->input()
#5 C:\xampp\htdocs\WEB\system\CodeIgniter.php(412): CodeIgniter\CodeIgniter->runController(Object(App\Controllers\kamarController))
#6 C:\xampp\htdocs\WEB\system\CodeIgniter.php(320): CodeIgniter\CodeIgniter->handleRequest(NULL, Object(Config\Cache), false)
#7 C:\xampp\htdocs\WEB\public\index.php(37): CodeIgniter\CodeIgniter->run()
#8 C:\xampp\htdocs\WEB\system\Commands\Server\rewrite.php(43): require_once('C:\\xampp\\htdocs...')
#9 {main}
CRITICAL - 2022-02-23 23:52:18 --> Undefined variable: Kamar
#0 C:\xampp\htdocs\WEB\app\Views\admin\kamar.php(60): CodeIgniter\Debug\Exceptions->errorHandler(8, 'Undefined varia...', 'C:\\xampp\\htdocs...', 60, Array)
#1 C:\xampp\htdocs\WEB\system\View\View.php(210): include('C:\\xampp\\htdocs...')
#2 C:\xampp\htdocs\WEB\system\View\View.php(213): CodeIgniter\View\View->CodeIgniter\View\{closure}()
#3 C:\xampp\htdocs\WEB\system\Common.php(1089): CodeIgniter\View\View->render('admin/kamar', Array, true)
#4 C:\xampp\htdocs\WEB\app\Controllers\kamarController.php(18): view('admin/kamar', Array)
#5 C:\xampp\htdocs\WEB\system\CodeIgniter.php(825): App\Controllers\kamarController->index()
#6 C:\xampp\htdocs\WEB\system\CodeIgniter.php(412): CodeIgniter\CodeIgniter->runController(Object(App\Controllers\kamarController))
#7 C:\xampp\htdocs\WEB\system\CodeIgniter.php(320): CodeIgniter\CodeIgniter->handleRequest(NULL, Object(Config\Cache), false)
#8 C:\xampp\htdocs\WEB\public\index.php(37): CodeIgniter\CodeIgniter->run()
#9 C:\xampp\htdocs\WEB\system\Commands\Server\rewrite.php(43): require_once('C:\\xampp\\htdocs...')
#10 {main}
