CRITICAL - 2022-02-24 00:28:26 --> minlength is not a valid rule.
#0 C:\xampp\htdocs\WEB\system\Validation\Validation.php(300): CodeIgniter\Validation\Exceptions\ValidationException::forRuleNotFound('minlength')
#1 C:\xampp\htdocs\WEB\system\Validation\Validation.php(157): CodeIgniter\Validation\Validation->processRules('jumlahkamar', 'jumlahkamar', '1', Array, Array)
#2 C:\xampp\htdocs\WEB\system\Controller.php(160): CodeIgniter\Validation\Validation->run()
#3 C:\xampp\htdocs\WEB\app\Controllers\kamarController.php(35): CodeIgniter\Controller->validate(Array)
#4 C:\xampp\htdocs\WEB\system\CodeIgniter.php(825): App\Controllers\kamarController->input()
#5 C:\xampp\htdocs\WEB\system\CodeIgniter.php(412): CodeIgniter\CodeIgniter->runController(Object(App\Controllers\kamarController))
#6 C:\xampp\htdocs\WEB\system\CodeIgniter.php(320): CodeIgniter\CodeIgniter->handleRequest(NULL, Object(Config\Cache), false)
#7 C:\xampp\htdocs\WEB\public\index.php(37): CodeIgniter\CodeIgniter->run()
#8 C:\xampp\htdocs\WEB\system\Commands\Server\rewrite.php(43): require_once('C:\\xampp\\htdocs...')
#9 {main}
CRITICAL - 2022-02-24 02:58:29 --> minlength is not a valid rule.
#0 C:\xampp\htdocs\WEB\system\Validation\Validation.php(300): CodeIgniter\Validation\Exceptions\ValidationException::forRuleNotFound('minlength')
#1 C:\xampp\htdocs\WEB\system\Validation\Validation.php(157): CodeIgniter\Validation\Validation->processRules('jumlahkamar', 'jumlahkamar', '1', Array, Array)
#2 C:\xampp\htdocs\WEB\system\Controller.php(160): CodeIgniter\Validation\Validation->run()
#3 C:\xampp\htdocs\WEB\app\Controllers\kamarController.php(35): CodeIgniter\Controller->validate(Array)
#4 C:\xampp\htdocs\WEB\system\CodeIgniter.php(825): App\Controllers\kamarController->input()
#5 C:\xampp\htdocs\WEB\system\CodeIgniter.php(412): CodeIgniter\CodeIgniter->runController(Object(App\Controllers\kamarController))
#6 C:\xampp\htdocs\WEB\system\CodeIgniter.php(320): CodeIgniter\CodeIgniter->handleRequest(NULL, Object(Config\Cache), false)
#7 C:\xampp\htdocs\WEB\public\index.php(37): CodeIgniter\CodeIgniter->run()
#8 C:\xampp\htdocs\WEB\system\Commands\Server\rewrite.php(43): require_once('C:\\xampp\\htdocs...')
#9 {main}
CRITICAL - 2022-02-24 03:17:31 --> minlength is not a valid rule.
#0 C:\xampp\htdocs\WEB\system\Validation\Validation.php(300): CodeIgniter\Validation\Exceptions\ValidationException::forRuleNotFound('minlength')
#1 C:\xampp\htdocs\WEB\system\Validation\Validation.php(157): CodeIgniter\Validation\Validation->processRules('jumlahkamar', 'jumlahkamar', '1', Array, Array)
#2 C:\xampp\htdocs\WEB\system\Controller.php(160): CodeIgniter\Validation\Validation->run()
#3 C:\xampp\htdocs\WEB\app\Controllers\kamarController.php(35): CodeIgniter\Controller->validate(Array)
#4 C:\xampp\htdocs\WEB\system\CodeIgniter.php(825): App\Controllers\kamarController->input()
#5 C:\xampp\htdocs\WEB\system\CodeIgniter.php(412): CodeIgniter\CodeIgniter->runController(Object(App\Controllers\kamarController))
#6 C:\xampp\htdocs\WEB\system\CodeIgniter.php(320): CodeIgniter\CodeIgniter->handleRequest(NULL, Object(Config\Cache), false)
#7 C:\xampp\htdocs\WEB\public\index.php(37): CodeIgniter\CodeIgniter->run()
#8 C:\xampp\htdocs\WEB\system\Commands\Server\rewrite.php(43): require_once('C:\\xampp\\htdocs...')
#9 {main}
CRITICAL - 2022-02-24 03:43:04 --> minlength is not a valid rule.
#0 C:\xampp\htdocs\WEB\system\Validation\Validation.php(300): CodeIgniter\Validation\Exceptions\ValidationException::forRuleNotFound('minlength')
#1 C:\xampp\htdocs\WEB\system\Validation\Validation.php(157): CodeIgniter\Validation\Validation->processRules('jumlahkamar', 'jumlahkamar', '1', Array, Array)
#2 C:\xampp\htdocs\WEB\system\Controller.php(160): CodeIgniter\Validation\Validation->run()
#3 C:\xampp\htdocs\WEB\app\Controllers\kamarController.php(35): CodeIgniter\Controller->validate(Array)
#4 C:\xampp\htdocs\WEB\system\CodeIgniter.php(825): App\Controllers\kamarController->input()
#5 C:\xampp\htdocs\WEB\system\CodeIgniter.php(412): CodeIgniter\CodeIgniter->runController(Object(App\Controllers\kamarController))
#6 C:\xampp\htdocs\WEB\system\CodeIgniter.php(320): CodeIgniter\CodeIgniter->handleRequest(NULL, Object(Config\Cache), false)
#7 C:\xampp\htdocs\WEB\public\index.php(37): CodeIgniter\CodeIgniter->run()
#8 C:\xampp\htdocs\WEB\system\Commands\Server\rewrite.php(43): require_once('C:\\xampp\\htdocs...')
#9 {main}
CRITICAL - 2022-02-24 03:49:47 --> minlength is not a valid rule.
#0 C:\xampp\htdocs\WEB\system\Validation\Validation.php(300): CodeIgniter\Validation\Exceptions\ValidationException::forRuleNotFound('minlength')
#1 C:\xampp\htdocs\WEB\system\Validation\Validation.php(157): CodeIgniter\Validation\Validation->processRules('jumlahkamar', 'jumlahkamar', '1', Array, Array)
#2 C:\xampp\htdocs\WEB\system\Controller.php(160): CodeIgniter\Validation\Validation->run()
#3 C:\xampp\htdocs\WEB\app\Controllers\kamarController.php(35): CodeIgniter\Controller->validate(Array)
#4 C:\xampp\htdocs\WEB\system\CodeIgniter.php(825): App\Controllers\kamarController->input()
#5 C:\xampp\htdocs\WEB\system\CodeIgniter.php(412): CodeIgniter\CodeIgniter->runController(Object(App\Controllers\kamarController))
#6 C:\xampp\htdocs\WEB\system\CodeIgniter.php(320): CodeIgniter\CodeIgniter->handleRequest(NULL, Object(Config\Cache), false)
#7 C:\xampp\htdocs\WEB\public\index.php(37): CodeIgniter\CodeIgniter->run()
#8 C:\xampp\htdocs\WEB\system\Commands\Server\rewrite.php(43): require_once('C:\\xampp\\htdocs...')
#9 {main}
CRITICAL - 2022-02-24 03:51:18 --> minlength is not a valid rule.
#0 C:\xampp\htdocs\WEB\system\Validation\Validation.php(300): CodeIgniter\Validation\Exceptions\ValidationException::forRuleNotFound('minlength')
#1 C:\xampp\htdocs\WEB\system\Validation\Validation.php(157): CodeIgniter\Validation\Validation->processRules('jumlahkamar', 'jumlahkamar', '1', Array, Array)
#2 C:\xampp\htdocs\WEB\system\Controller.php(160): CodeIgniter\Validation\Validation->run()
#3 C:\xampp\htdocs\WEB\app\Controllers\kamarController.php(35): CodeIgniter\Controller->validate(Array)
#4 C:\xampp\htdocs\WEB\system\CodeIgniter.php(825): App\Controllers\kamarController->input()
#5 C:\xampp\htdocs\WEB\system\CodeIgniter.php(412): CodeIgniter\CodeIgniter->runController(Object(App\Controllers\kamarController))
#6 C:\xampp\htdocs\WEB\system\CodeIgniter.php(320): CodeIgniter\CodeIgniter->handleRequest(NULL, Object(Config\Cache), false)
#7 C:\xampp\htdocs\WEB\public\index.php(37): CodeIgniter\CodeIgniter->run()
#8 C:\xampp\htdocs\WEB\system\Commands\Server\rewrite.php(43): require_once('C:\\xampp\\htdocs...')
#9 {main}
CRITICAL - 2022-02-24 03:58:36 --> minlength is not a valid rule.
#0 C:\xampp\htdocs\WEB\system\Validation\Validation.php(300): CodeIgniter\Validation\Exceptions\ValidationException::forRuleNotFound('minlength')
#1 C:\xampp\htdocs\WEB\system\Validation\Validation.php(157): CodeIgniter\Validation\Validation->processRules('jumlahkamar', 'jumlahkamar', '1', Array, Array)
#2 C:\xampp\htdocs\WEB\system\Controller.php(160): CodeIgniter\Validation\Validation->run()
#3 C:\xampp\htdocs\WEB\app\Controllers\kamarController.php(35): CodeIgniter\Controller->validate(Array)
#4 C:\xampp\htdocs\WEB\system\CodeIgniter.php(825): App\Controllers\kamarController->input()
#5 C:\xampp\htdocs\WEB\system\CodeIgniter.php(412): CodeIgniter\CodeIgniter->runController(Object(App\Controllers\kamarController))
#6 C:\xampp\htdocs\WEB\system\CodeIgniter.php(320): CodeIgniter\CodeIgniter->handleRequest(NULL, Object(Config\Cache), false)
#7 C:\xampp\htdocs\WEB\public\index.php(37): CodeIgniter\CodeIgniter->run()
#8 C:\xampp\htdocs\WEB\system\Commands\Server\rewrite.php(43): require_once('C:\\xampp\\htdocs...')
#9 {main}
CRITICAL - 2022-02-24 07:39:30 --> minlength is not a valid rule.
#0 C:\xampp\htdocs\WEB\system\Validation\Validation.php(300): CodeIgniter\Validation\Exceptions\ValidationException::forRuleNotFound('minlength')
#1 C:\xampp\htdocs\WEB\system\Validation\Validation.php(157): CodeIgniter\Validation\Validation->processRules('jumlahkamar', 'jumlahkamar', '1', Array, Array)
#2 C:\xampp\htdocs\WEB\system\Controller.php(160): CodeIgniter\Validation\Validation->run()
#3 C:\xampp\htdocs\WEB\app\Controllers\kamarController.php(35): CodeIgniter\Controller->validate(Array)
#4 C:\xampp\htdocs\WEB\system\CodeIgniter.php(825): App\Controllers\kamarController->input()
#5 C:\xampp\htdocs\WEB\system\CodeIgniter.php(412): CodeIgniter\CodeIgniter->runController(Object(App\Controllers\kamarController))
#6 C:\xampp\htdocs\WEB\system\CodeIgniter.php(320): CodeIgniter\CodeIgniter->handleRequest(NULL, Object(Config\Cache), false)
#7 C:\xampp\htdocs\WEB\public\index.php(37): CodeIgniter\CodeIgniter->run()
#8 C:\xampp\htdocs\WEB\system\Commands\Server\rewrite.php(43): require_once('C:\\xampp\\htdocs...')
#9 {main}
CRITICAL - 2022-02-24 07:40:41 --> Undefined property: CodeIgniter\HTTP\RedirectResponse::$back
#0 C:\xampp\htdocs\WEB\app\Controllers\kamarController.php(55): CodeIgniter\Debug\Exceptions->errorHandler(8, 'Undefined prope...', 'C:\\xampp\\htdocs...', 55, Array)
#1 C:\xampp\htdocs\WEB\system\CodeIgniter.php(825): App\Controllers\kamarController->input()
#2 C:\xampp\htdocs\WEB\system\CodeIgniter.php(412): CodeIgniter\CodeIgniter->runController(Object(App\Controllers\kamarController))
#3 C:\xampp\htdocs\WEB\system\CodeIgniter.php(320): CodeIgniter\CodeIgniter->handleRequest(NULL, Object(Config\Cache), false)
#4 C:\xampp\htdocs\WEB\public\index.php(37): CodeIgniter\CodeIgniter->run()
#5 C:\xampp\htdocs\WEB\system\Commands\Server\rewrite.php(43): require_once('C:\\xampp\\htdocs...')
#6 {main}
CRITICAL - 2022-02-24 08:12:33 --> Undefined variable: category
#0 C:\xampp\htdocs\WEB\app\Views\admin\kamar.php(40): CodeIgniter\Debug\Exceptions->errorHandler(8, 'Undefined varia...', 'C:\\xampp\\htdocs...', 40, Array)
#1 C:\xampp\htdocs\WEB\system\View\View.php(210): include('C:\\xampp\\htdocs...')
#2 C:\xampp\htdocs\WEB\system\View\View.php(213): CodeIgniter\View\View->CodeIgniter\View\{closure}()
#3 C:\xampp\htdocs\WEB\system\Common.php(1089): CodeIgniter\View\View->render('admin/kamar', Array, true)
#4 C:\xampp\htdocs\WEB\app\Controllers\kamarController.php(18): view('admin/kamar', Array)
#5 C:\xampp\htdocs\WEB\system\CodeIgniter.php(825): App\Controllers\kamarController->index()
#6 C:\xampp\htdocs\WEB\system\CodeIgniter.php(412): CodeIgniter\CodeIgniter->runController(Object(App\Controllers\kamarController))
#7 C:\xampp\htdocs\WEB\system\CodeIgniter.php(320): CodeIgniter\CodeIgniter->handleRequest(NULL, Object(Config\Cache), false)
#8 C:\xampp\htdocs\WEB\public\index.php(37): CodeIgniter\CodeIgniter->run()
#9 C:\xampp\htdocs\WEB\system\Commands\Server\rewrite.php(43): require_once('C:\\xampp\\htdocs...')
#10 {main}
CRITICAL - 2022-02-24 08:12:34 --> Undefined variable: category
#0 C:\xampp\htdocs\WEB\app\Views\admin\kamar.php(40): CodeIgniter\Debug\Exceptions->errorHandler(8, 'Undefined varia...', 'C:\\xampp\\htdocs...', 40, Array)
#1 C:\xampp\htdocs\WEB\system\View\View.php(210): include('C:\\xampp\\htdocs...')
#2 C:\xampp\htdocs\WEB\system\View\View.php(213): CodeIgniter\View\View->CodeIgniter\View\{closure}()
#3 C:\xampp\htdocs\WEB\system\Common.php(1089): CodeIgniter\View\View->render('admin/kamar', Array, true)
#4 C:\xampp\htdocs\WEB\app\Controllers\kamarController.php(18): view('admin/kamar', Array)
#5 C:\xampp\htdocs\WEB\system\CodeIgniter.php(825): App\Controllers\kamarController->index()
#6 C:\xampp\htdocs\WEB\system\CodeIgniter.php(412): CodeIgniter\CodeIgniter->runController(Object(App\Controllers\kamarController))
#7 C:\xampp\htdocs\WEB\system\CodeIgniter.php(320): CodeIgniter\CodeIgniter->handleRequest(NULL, Object(Config\Cache), false)
#8 C:\xampp\htdocs\WEB\public\index.php(37): CodeIgniter\CodeIgniter->run()
#9 C:\xampp\htdocs\WEB\system\Commands\Server\rewrite.php(43): require_once('C:\\xampp\\htdocs...')
#10 {main}
CRITICAL - 2022-02-24 08:12:36 --> Undefined variable: category
#0 C:\xampp\htdocs\WEB\app\Views\admin\kamar.php(40): CodeIgniter\Debug\Exceptions->errorHandler(8, 'Undefined varia...', 'C:\\xampp\\htdocs...', 40, Array)
#1 C:\xampp\htdocs\WEB\system\View\View.php(210): include('C:\\xampp\\htdocs...')
#2 C:\xampp\htdocs\WEB\system\View\View.php(213): CodeIgniter\View\View->CodeIgniter\View\{closure}()
#3 C:\xampp\htdocs\WEB\system\Common.php(1089): CodeIgniter\View\View->render('admin/kamar', Array, true)
#4 C:\xampp\htdocs\WEB\app\Controllers\kamarController.php(18): view('admin/kamar', Array)
#5 C:\xampp\htdocs\WEB\system\CodeIgniter.php(825): App\Controllers\kamarController->index()
#6 C:\xampp\htdocs\WEB\system\CodeIgniter.php(412): CodeIgniter\CodeIgniter->runController(Object(App\Controllers\kamarController))
#7 C:\xampp\htdocs\WEB\system\CodeIgniter.php(320): CodeIgniter\CodeIgniter->handleRequest(NULL, Object(Config\Cache), false)
#8 C:\xampp\htdocs\WEB\public\index.php(37): CodeIgniter\CodeIgniter->run()
#9 C:\xampp\htdocs\WEB\system\Commands\Server\rewrite.php(43): require_once('C:\\xampp\\htdocs...')
#10 {main}
CRITICAL - 2022-02-24 08:12:37 --> Undefined variable: category
#0 C:\xampp\htdocs\WEB\app\Views\admin\kamar.php(40): CodeIgniter\Debug\Exceptions->errorHandler(8, 'Undefined varia...', 'C:\\xampp\\htdocs...', 40, Array)
#1 C:\xampp\htdocs\WEB\system\View\View.php(210): include('C:\\xampp\\htdocs...')
#2 C:\xampp\htdocs\WEB\system\View\View.php(213): CodeIgniter\View\View->CodeIgniter\View\{closure}()
#3 C:\xampp\htdocs\WEB\system\Common.php(1089): CodeIgniter\View\View->render('admin/kamar', Array, true)
#4 C:\xampp\htdocs\WEB\app\Controllers\kamarController.php(18): view('admin/kamar', Array)
#5 C:\xampp\htdocs\WEB\system\CodeIgniter.php(825): App\Controllers\kamarController->index()
#6 C:\xampp\htdocs\WEB\system\CodeIgniter.php(412): CodeIgniter\CodeIgniter->runController(Object(App\Controllers\kamarController))
#7 C:\xampp\htdocs\WEB\system\CodeIgniter.php(320): CodeIgniter\CodeIgniter->handleRequest(NULL, Object(Config\Cache), false)
#8 C:\xampp\htdocs\WEB\public\index.php(37): CodeIgniter\CodeIgniter->run()
#9 C:\xampp\htdocs\WEB\system\Commands\Server\rewrite.php(43): require_once('C:\\xampp\\htdocs...')
#10 {main}
CRITICAL - 2022-02-24 08:12:53 --> Undefined variable: category
#0 C:\xampp\htdocs\WEB\app\Views\admin\kamar.php(40): CodeIgniter\Debug\Exceptions->errorHandler(8, 'Undefined varia...', 'C:\\xampp\\htdocs...', 40, Array)
#1 C:\xampp\htdocs\WEB\system\View\View.php(210): include('C:\\xampp\\htdocs...')
#2 C:\xampp\htdocs\WEB\system\View\View.php(213): CodeIgniter\View\View->CodeIgniter\View\{closure}()
#3 C:\xampp\htdocs\WEB\system\Common.php(1089): CodeIgniter\View\View->render('admin/kamar', Array, true)
#4 C:\xampp\htdocs\WEB\app\Controllers\kamarController.php(18): view('admin/kamar', Array)
#5 C:\xampp\htdocs\WEB\system\CodeIgniter.php(825): App\Controllers\kamarController->index()
#6 C:\xampp\htdocs\WEB\system\CodeIgniter.php(412): CodeIgniter\CodeIgniter->runController(Object(App\Controllers\kamarController))
#7 C:\xampp\htdocs\WEB\system\CodeIgniter.php(320): CodeIgniter\CodeIgniter->handleRequest(NULL, Object(Config\Cache), false)
#8 C:\xampp\htdocs\WEB\public\index.php(37): CodeIgniter\CodeIgniter->run()
#9 C:\xampp\htdocs\WEB\system\Commands\Server\rewrite.php(43): require_once('C:\\xampp\\htdocs...')
#10 {main}
CRITICAL - 2022-02-24 08:35:49 --> Trying to get property 'nokamar' of non-object
#0 C:\xampp\htdocs\WEB\app\Views\admin\kamar.php(81): CodeIgniter\Debug\Exceptions->errorHandler(8, 'Trying to get p...', 'C:\\xampp\\htdocs...', 81, Array)
#1 C:\xampp\htdocs\WEB\system\View\View.php(210): include('C:\\xampp\\htdocs...')
#2 C:\xampp\htdocs\WEB\system\View\View.php(213): CodeIgniter\View\View->CodeIgniter\View\{closure}()
#3 C:\xampp\htdocs\WEB\system\Common.php(1089): CodeIgniter\View\View->render('admin/kamar', Array, true)
#4 C:\xampp\htdocs\WEB\app\Controllers\kamarController.php(18): view('admin/kamar', Array)
#5 C:\xampp\htdocs\WEB\system\CodeIgniter.php(825): App\Controllers\kamarController->index()
#6 C:\xampp\htdocs\WEB\system\CodeIgniter.php(412): CodeIgniter\CodeIgniter->runController(Object(App\Controllers\kamarController))
#7 C:\xampp\htdocs\WEB\system\CodeIgniter.php(320): CodeIgniter\CodeIgniter->handleRequest(NULL, Object(Config\Cache), false)
#8 C:\xampp\htdocs\WEB\public\index.php(37): CodeIgniter\CodeIgniter->run()
#9 C:\xampp\htdocs\WEB\system\Commands\Server\rewrite.php(43): require_once('C:\\xampp\\htdocs...')
#10 {main}
CRITICAL - 2022-02-24 08:35:52 --> Trying to get property 'nokamar' of non-object
#0 C:\xampp\htdocs\WEB\app\Views\admin\kamar.php(81): CodeIgniter\Debug\Exceptions->errorHandler(8, 'Trying to get p...', 'C:\\xampp\\htdocs...', 81, Array)
#1 C:\xampp\htdocs\WEB\system\View\View.php(210): include('C:\\xampp\\htdocs...')
#2 C:\xampp\htdocs\WEB\system\View\View.php(213): CodeIgniter\View\View->CodeIgniter\View\{closure}()
#3 C:\xampp\htdocs\WEB\system\Common.php(1089): CodeIgniter\View\View->render('admin/kamar', Array, true)
#4 C:\xampp\htdocs\WEB\app\Controllers\kamarController.php(18): view('admin/kamar', Array)
#5 C:\xampp\htdocs\WEB\system\CodeIgniter.php(825): App\Controllers\kamarController->index()
#6 C:\xampp\htdocs\WEB\system\CodeIgniter.php(412): CodeIgniter\CodeIgniter->runController(Object(App\Controllers\kamarController))
#7 C:\xampp\htdocs\WEB\system\CodeIgniter.php(320): CodeIgniter\CodeIgniter->handleRequest(NULL, Object(Config\Cache), false)
#8 C:\xampp\htdocs\WEB\public\index.php(37): CodeIgniter\CodeIgniter->run()
#9 C:\xampp\htdocs\WEB\system\Commands\Server\rewrite.php(43): require_once('C:\\xampp\\htdocs...')
#10 {main}
CRITICAL - 2022-02-24 08:36:11 --> Trying to get property 'nokamar' of non-object
#0 C:\xampp\htdocs\WEB\app\Views\admin\kamar.php(81): CodeIgniter\Debug\Exceptions->errorHandler(8, 'Trying to get p...', 'C:\\xampp\\htdocs...', 81, Array)
#1 C:\xampp\htdocs\WEB\system\View\View.php(210): include('C:\\xampp\\htdocs...')
#2 C:\xampp\htdocs\WEB\system\View\View.php(213): CodeIgniter\View\View->CodeIgniter\View\{closure}()
#3 C:\xampp\htdocs\WEB\system\Common.php(1089): CodeIgniter\View\View->render('admin/kamar', Array, true)
#4 C:\xampp\htdocs\WEB\app\Controllers\kamarController.php(18): view('admin/kamar', Array)
#5 C:\xampp\htdocs\WEB\system\CodeIgniter.php(825): App\Controllers\kamarController->index()
#6 C:\xampp\htdocs\WEB\system\CodeIgniter.php(412): CodeIgniter\CodeIgniter->runController(Object(App\Controllers\kamarController))
#7 C:\xampp\htdocs\WEB\system\CodeIgniter.php(320): CodeIgniter\CodeIgniter->handleRequest(NULL, Object(Config\Cache), false)
#8 C:\xampp\htdocs\WEB\public\index.php(37): CodeIgniter\CodeIgniter->run()
#9 C:\xampp\htdocs\WEB\system\Commands\Server\rewrite.php(43): require_once('C:\\xampp\\htdocs...')
#10 {main}
CRITICAL - 2022-02-24 08:36:12 --> Trying to get property 'nokamar' of non-object
#0 C:\xampp\htdocs\WEB\app\Views\admin\kamar.php(81): CodeIgniter\Debug\Exceptions->errorHandler(8, 'Trying to get p...', 'C:\\xampp\\htdocs...', 81, Array)
#1 C:\xampp\htdocs\WEB\system\View\View.php(210): include('C:\\xampp\\htdocs...')
#2 C:\xampp\htdocs\WEB\system\View\View.php(213): CodeIgniter\View\View->CodeIgniter\View\{closure}()
#3 C:\xampp\htdocs\WEB\system\Common.php(1089): CodeIgniter\View\View->render('admin/kamar', Array, true)
#4 C:\xampp\htdocs\WEB\app\Controllers\kamarController.php(18): view('admin/kamar', Array)
#5 C:\xampp\htdocs\WEB\system\CodeIgniter.php(825): App\Controllers\kamarController->index()
#6 C:\xampp\htdocs\WEB\system\CodeIgniter.php(412): CodeIgniter\CodeIgniter->runController(Object(App\Controllers\kamarController))
#7 C:\xampp\htdocs\WEB\system\CodeIgniter.php(320): CodeIgniter\CodeIgniter->handleRequest(NULL, Object(Config\Cache), false)
#8 C:\xampp\htdocs\WEB\public\index.php(37): CodeIgniter\CodeIgniter->run()
#9 C:\xampp\htdocs\WEB\system\Commands\Server\rewrite.php(43): require_once('C:\\xampp\\htdocs...')
#10 {main}
CRITICAL - 2022-02-24 08:36:14 --> Trying to get property 'nokamar' of non-object
#0 C:\xampp\htdocs\WEB\app\Views\admin\kamar.php(81): CodeIgniter\Debug\Exceptions->errorHandler(8, 'Trying to get p...', 'C:\\xampp\\htdocs...', 81, Array)
#1 C:\xampp\htdocs\WEB\system\View\View.php(210): include('C:\\xampp\\htdocs...')
#2 C:\xampp\htdocs\WEB\system\View\View.php(213): CodeIgniter\View\View->CodeIgniter\View\{closure}()
#3 C:\xampp\htdocs\WEB\system\Common.php(1089): CodeIgniter\View\View->render('admin/kamar', Array, true)
#4 C:\xampp\htdocs\WEB\app\Controllers\kamarController.php(18): view('admin/kamar', Array)
#5 C:\xampp\htdocs\WEB\system\CodeIgniter.php(825): App\Controllers\kamarController->index()
#6 C:\xampp\htdocs\WEB\system\CodeIgniter.php(412): CodeIgniter\CodeIgniter->runController(Object(App\Controllers\kamarController))
#7 C:\xampp\htdocs\WEB\system\CodeIgniter.php(320): CodeIgniter\CodeIgniter->handleRequest(NULL, Object(Config\Cache), false)
#8 C:\xampp\htdocs\WEB\public\index.php(37): CodeIgniter\CodeIgniter->run()
#9 C:\xampp\htdocs\WEB\system\Commands\Server\rewrite.php(43): require_once('C:\\xampp\\htdocs...')
#10 {main}
CRITICAL - 2022-02-24 08:57:59 --> Trying to get property 'nokamar' of non-object
#0 C:\xampp\htdocs\WEB\app\Views\admin\kamar.php(81): CodeIgniter\Debug\Exceptions->errorHandler(8, 'Trying to get p...', 'C:\\xampp\\htdocs...', 81, Array)
#1 C:\xampp\htdocs\WEB\system\View\View.php(210): include('C:\\xampp\\htdocs...')
#2 C:\xampp\htdocs\WEB\system\View\View.php(213): CodeIgniter\View\View->CodeIgniter\View\{closure}()
#3 C:\xampp\htdocs\WEB\system\Common.php(1089): CodeIgniter\View\View->render('admin/kamar', Array, true)
#4 C:\xampp\htdocs\WEB\app\Controllers\kamarController.php(18): view('admin/kamar', Array)
#5 C:\xampp\htdocs\WEB\system\CodeIgniter.php(825): App\Controllers\kamarController->index()
#6 C:\xampp\htdocs\WEB\system\CodeIgniter.php(412): CodeIgniter\CodeIgniter->runController(Object(App\Controllers\kamarController))
#7 C:\xampp\htdocs\WEB\system\CodeIgniter.php(320): CodeIgniter\CodeIgniter->handleRequest(NULL, Object(Config\Cache), false)
#8 C:\xampp\htdocs\WEB\public\index.php(37): CodeIgniter\CodeIgniter->run()
#9 C:\xampp\htdocs\WEB\system\Commands\Server\rewrite.php(43): require_once('C:\\xampp\\htdocs...')
#10 {main}
CRITICAL - 2022-02-24 09:01:56 --> Trying to get property 'nokamar' of non-object
#0 C:\xampp\htdocs\WEB\app\Views\admin\kamar.php(81): CodeIgniter\Debug\Exceptions->errorHandler(8, 'Trying to get p...', 'C:\\xampp\\htdocs...', 81, Array)
#1 C:\xampp\htdocs\WEB\system\View\View.php(210): include('C:\\xampp\\htdocs...')
#2 C:\xampp\htdocs\WEB\system\View\View.php(213): CodeIgniter\View\View->CodeIgniter\View\{closure}()
#3 C:\xampp\htdocs\WEB\system\Common.php(1089): CodeIgniter\View\View->render('admin/kamar', Array, true)
#4 C:\xampp\htdocs\WEB\app\Controllers\kamarController.php(18): view('admin/kamar', Array)
#5 C:\xampp\htdocs\WEB\system\CodeIgniter.php(825): App\Controllers\kamarController->index()
#6 C:\xampp\htdocs\WEB\system\CodeIgniter.php(412): CodeIgniter\CodeIgniter->runController(Object(App\Controllers\kamarController))
#7 C:\xampp\htdocs\WEB\system\CodeIgniter.php(320): CodeIgniter\CodeIgniter->handleRequest(NULL, Object(Config\Cache), false)
#8 C:\xampp\htdocs\WEB\public\index.php(37): CodeIgniter\CodeIgniter->run()
#9 C:\xampp\htdocs\WEB\system\Commands\Server\rewrite.php(43): require_once('C:\\xampp\\htdocs...')
#10 {main}
CRITICAL - 2022-02-24 09:01:58 --> Trying to get property 'nokamar' of non-object
#0 C:\xampp\htdocs\WEB\app\Views\admin\kamar.php(81): CodeIgniter\Debug\Exceptions->errorHandler(8, 'Trying to get p...', 'C:\\xampp\\htdocs...', 81, Array)
#1 C:\xampp\htdocs\WEB\system\View\View.php(210): include('C:\\xampp\\htdocs...')
#2 C:\xampp\htdocs\WEB\system\View\View.php(213): CodeIgniter\View\View->CodeIgniter\View\{closure}()
#3 C:\xampp\htdocs\WEB\system\Common.php(1089): CodeIgniter\View\View->render('admin/kamar', Array, true)
#4 C:\xampp\htdocs\WEB\app\Controllers\kamarController.php(18): view('admin/kamar', Array)
#5 C:\xampp\htdocs\WEB\system\CodeIgniter.php(825): App\Controllers\kamarController->index()
#6 C:\xampp\htdocs\WEB\system\CodeIgniter.php(412): CodeIgniter\CodeIgniter->runController(Object(App\Controllers\kamarController))
#7 C:\xampp\htdocs\WEB\system\CodeIgniter.php(320): CodeIgniter\CodeIgniter->handleRequest(NULL, Object(Config\Cache), false)
#8 C:\xampp\htdocs\WEB\public\index.php(37): CodeIgniter\CodeIgniter->run()
#9 C:\xampp\htdocs\WEB\system\Commands\Server\rewrite.php(43): require_once('C:\\xampp\\htdocs...')
#10 {main}
CRITICAL - 2022-02-24 09:03:06 --> Trying to get property 'no' of non-object
#0 C:\xampp\htdocs\WEB\app\Views\admin\kamar.php(81): CodeIgniter\Debug\Exceptions->errorHandler(8, 'Trying to get p...', 'C:\\xampp\\htdocs...', 81, Array)
#1 C:\xampp\htdocs\WEB\system\View\View.php(210): include('C:\\xampp\\htdocs...')
#2 C:\xampp\htdocs\WEB\system\View\View.php(213): CodeIgniter\View\View->CodeIgniter\View\{closure}()
#3 C:\xampp\htdocs\WEB\system\Common.php(1089): CodeIgniter\View\View->render('admin/kamar', Array, true)
#4 C:\xampp\htdocs\WEB\app\Controllers\kamarController.php(18): view('admin/kamar', Array)
#5 C:\xampp\htdocs\WEB\system\CodeIgniter.php(825): App\Controllers\kamarController->index()
#6 C:\xampp\htdocs\WEB\system\CodeIgniter.php(412): CodeIgniter\CodeIgniter->runController(Object(App\Controllers\kamarController))
#7 C:\xampp\htdocs\WEB\system\CodeIgniter.php(320): CodeIgniter\CodeIgniter->handleRequest(NULL, Object(Config\Cache), false)
#8 C:\xampp\htdocs\WEB\public\index.php(37): CodeIgniter\CodeIgniter->run()
#9 C:\xampp\htdocs\WEB\system\Commands\Server\rewrite.php(43): require_once('C:\\xampp\\htdocs...')
#10 {main}
